Loading conda
/home/nikea_ulrich_uml_edu/.conda/envs/assembly/opt/quast-5.2.0/metaquast.py /work/pi_sarah_gignouxwolfsohn_uml_edu/nikea/COL/assembly/mcav/megahit_assembly/mcav.contigs.fa -t 12 -o /work/pi_sarah_gignouxwolfsohn_uml_edu/nikea/COL/assembly/mcav/quast_output

Version: 5.2.0

System information:
  OS: Linux-6.8.0-39-generic-x86_64-with-debian-trixie-sid (linux_64)
  Python version: 2.7.15
  CPUs number: 64

Started: 2024-12-17 16:43:43

Logging to /work/pi_sarah_gignouxwolfsohn_uml_edu/nikea/COL/assembly/mcav/quast_output/metaquast.log

Contigs:
  Pre-processing...
  /work/pi_sarah_gignouxwolfsohn_uml_edu/nikea/COL/assembly/mcav/megahit_assembly/mcav.contigs.fa ==> mcav.contigs

No references are provided, starting to search for reference genomes in SILVA 16S rRNA database and to download them from NCBI...

2024-12-17 16:44:09
Running BlastN..
  processing mcav.contigs
  BLAST results for mcav.contigs are saved to /work/pi_sarah_gignouxwolfsohn_uml_edu/nikea/COL/assembly/mcav/quast_output/quast_downloaded_references/blast.res_mcav-contigs...


2024-12-17 16:45:05
Trying to download found references from NCBI. Totally 14 organisms to try.
  Streptococcus_pneumoniae                | successfully downloaded (total 1, 13 more to go)
  Stenotrophobacter_terrae                | not found in the NCBI database
  Stenotrophobacter_terrae was not found in NCBI database, trying to download the next best match
  uncultivated_soil_bacterium_clone_C105  | not found in the NCBI database
  uncultivated_soil_bacterium_clone_C105 was not found in NCBI database, trying to download the next best match
  Stenotrophobacter_namibiensis           | not found in the NCBI database
  Stenotrophobacter_namibiensis was not found in NCBI database, trying to download the next best match
  bacterium_Ellin6075                     | not found in the NCBI database
  Stanieria_sp._NIES-3757                 | successfully downloaded (total 2, 11 more to go)
  Spirochaeta_halophila                   | not found in the NCBI database
  Spirochaeta_halophila was not found in NCBI database, trying to download the next best match
  Alkalispirochaeta_americana             | successfully downloaded (total 3, 10 more to go)
  Serratia_marcescens                     | successfully downloaded (total 4, 9 more to go)
  Nodosilinea_sp._LEGE_06001              | not found in the NCBI database
  Nodosilinea_sp._LEGE_06001 was not found in NCBI database, trying to download the next best match
  Leptolyngbya_foveolarum_SABC_011302     | not found in the NCBI database
  Leptolyngbya_foveolarum_SABC_011302 was not found in NCBI database, trying to download the next best match
  Leptolyngbya_angustissima_SABC022612    | not found in the NCBI database
  Leptolyngbya_angustissima_SABC022612 was not found in NCBI database, trying to download the next best match
  Nodosilinea_sp._LD42_5800_TP            | not found in the NCBI database
  Merismopedia_sp._CZS_2_3                | not found in the NCBI database
  Merismopedia_sp._CZS_2_3 was not found in NCBI database, trying to download the next best match
  Oculatella_kazantipica_KZ-19-s-2        | not found in the NCBI database
  Marinoscillum_furvescens                | successfully downloaded (total 5, 6 more to go)
  Klebsiella_pneumoniae                   | successfully downloaded (total 6, 5 more to go)
  Fulvivirga_sp                           | successfully downloaded (total 7, 4 more to go)
Flammeovirgaceae bacterium BBD 1991-12 has too fragmented reference genome! It will not be downloaded.
  Flammeovirgaceae_bacterium_BBD_1991-12  | not found in the NCBI database
  Flammeovirgaceae_bacterium_BBD_1991-12 was not found in NCBI database, trying to download the next best match
Flexithrix dorotheae has too fragmented reference genome! It will not be downloaded.
  Flexithrix_dorotheae                    | not found in the NCBI database
  Flexithrix_dorotheae was not found in NCBI database, trying to download the next best match
  Bacteroidetes_bacterium                 | successfully downloaded (total 8, 3 more to go)
  Dictyostelium_polycephalum              | successfully downloaded (total 9, 2 more to go)
  Desulfobacula_sp._TS-7                  | not found in the NCBI database
  Desulfobacula_sp._TS-7 was not found in NCBI database, trying to download the next best match
  Desulfobacteraceae_bacterium            | successfully downloaded (total 10, 1 more to go)
Acidobacteria bacterium JGI 0001001-H03 has too fragmented reference genome! It will not be downloaded.
  Acidobacteria_bacterium_JGI_0001001-H03 | not found in the NCBI database
  Acidobacteria_bacterium_JGI_0001001-H03 was not found in NCBI database, trying to download the next best match
  Acidobacteria_bacterium_28-9            | successfully downloaded (total 11, 0 more to go)

Downloaded reference(s):
  /work/pi_sarah_gignouxwolfsohn_uml_edu/nikea/COL/assembly/mcav/quast_output/quast_downloaded_references/Acidobacteria_bacterium_28-9.fasta ==> Acidobacteria_bacterium_28-9
  /work/pi_sarah_gignouxwolfsohn_uml_edu/nikea/COL/assembly/mcav/quast_output/quast_downloaded_references/Alkalispirochaeta_americana.fasta ==> Alkalispirochaeta_americana
  /work/pi_sarah_gignouxwolfsohn_uml_edu/nikea/COL/assembly/mcav/quast_output/quast_downloaded_references/Bacteroidetes_bacterium.fasta ==> Bacteroidetes_bacterium
  /work/pi_sarah_gignouxwolfsohn_uml_edu/nikea/COL/assembly/mcav/quast_output/quast_downloaded_references/Desulfobacteraceae_bacterium.fasta ==> Desulfobacteraceae_bacterium
  /work/pi_sarah_gignouxwolfsohn_uml_edu/nikea/COL/assembly/mcav/quast_output/quast_downloaded_references/Dictyostelium_polycephalum.fasta ==> Dictyostelium_polycephalum
  /work/pi_sarah_gignouxwolfsohn_uml_edu/nikea/COL/assembly/mcav/quast_output/quast_downloaded_references/Fulvivirga_sp.fasta ==> Fulvivirga_sp
  /work/pi_sarah_gignouxwolfsohn_uml_edu/nikea/COL/assembly/mcav/quast_output/quast_downloaded_references/Klebsiella_pneumoniae.fasta ==> Klebsiella_pneumoniae
  /work/pi_sarah_gignouxwolfsohn_uml_edu/nikea/COL/assembly/mcav/quast_output/quast_downloaded_references/Marinoscillum_furvescens.fasta ==> Marinoscillum_furvescens
  /work/pi_sarah_gignouxwolfsohn_uml_edu/nikea/COL/assembly/mcav/quast_output/quast_downloaded_references/Serratia_marcescens.fasta ==> Serratia_marcescens
  /work/pi_sarah_gignouxwolfsohn_uml_edu/nikea/COL/assembly/mcav/quast_output/quast_downloaded_references/Stanieria_sp._NIES-3757.fasta ==> Stanieria_sp._NIES-3757
  /work/pi_sarah_gignouxwolfsohn_uml_edu/nikea/COL/assembly/mcav/quast_output/quast_downloaded_references/Streptococcus_pneumoniae.fasta ==> Streptococcus_pneumoniae
  All references were combined in combined_reference.fasta

Starting quast.py for the combined reference...
/home/nikea_ulrich_uml_edu/.conda/envs/assembly/opt/quast-5.2.0/quast.pyc -t 12 --min-identity 90.0 --combined-ref --colors #E31A1C --ls solid --ambiguity-usage all /work/pi_sarah_gignouxwolfsohn_uml_edu/nikea/COL/assembly/mcav/megahit_assembly/mcav.contigs.fa -R /work/pi_sarah_gignouxwolfsohn_uml_edu/nikea/COL/assembly/mcav/quast_output/quast_corrected_input/combined_reference.fasta -o /work/pi_sarah_gignouxwolfsohn_uml_edu/nikea/COL/assembly/mcav/quast_output/combined_reference --labels mcav.contigs

Started: 2024-12-17 16:52:01

Logging to /work/pi_sarah_gignouxwolfsohn_uml_edu/nikea/COL/assembly/mcav/quast_output/combined_reference/quast.log

CWD: /work/pi_sarah_gignouxwolfsohn_uml_edu/nikea/COL/bash_scripts
Main parameters: 
  MODE: meta, threads: 12, min contig length: 500, min alignment length: 65, min alignment IDY: 90.0, \
  ambiguity: all, min local misassembly length: 200, min extensive misassembly length: 1000

Reference:
  /work/pi_sarah_gignouxwolfsohn_uml_edu/nikea/COL/assembly/mcav/quast_output/quast_corrected_input/combined_reference.fasta ==> combined_reference

Contigs:
  Pre-processing...
  /work/pi_sarah_gignouxwolfsohn_uml_edu/nikea/COL/assembly/mcav/megahit_assembly/mcav.contigs.fa ==> mcav.contigs

2024-12-17 16:52:16
Running Basic statistics processor...
  Reference genome:
    combined_reference.fasta, length = 92752194, num fragments = 8020, GC % = 42.06
WARNING:   Reference genome is fragmented. You may consider rerunning QUAST using --fragmented option. QUAST will try to detect misassemblies caused by the fragmentation and mark them fake (will be excluded from # misassemblies).
  Contig files: 
    mcav.contigs
  Calculating N50 and L50...
    mcav.contigs, N50 = 1182, L50 = 53575, auN = 2353.8, Total length = 249382746, GC % = 42.11, # N's per 100 kbp =  0.00
  Drawing Nx plot...
    saved to /work/pi_sarah_gignouxwolfsohn_uml_edu/nikea/COL/assembly/mcav/quast_output/combined_reference/basic_stats/Nx_plot.pdf
  Drawing cumulative plot...
    saved to /work/pi_sarah_gignouxwolfsohn_uml_edu/nikea/COL/assembly/mcav/quast_output/combined_reference/basic_stats/cumulative_plot.pdf
  Drawing GC content plot...
    saved to /work/pi_sarah_gignouxwolfsohn_uml_edu/nikea/COL/assembly/mcav/quast_output/combined_reference/basic_stats/GC_content_plot.pdf
  Drawing mcav.contigs GC content plot...
    saved to /work/pi_sarah_gignouxwolfsohn_uml_edu/nikea/COL/assembly/mcav/quast_output/combined_reference/basic_stats/mcav.contigs_GC_content_plot.pdf
Done.

2024-12-17 16:52:39
Running Contig analyzer...
WARNING: Version of installed minimap2 differs from its version in the QUAST package (2.24). Please make sure that you use an actual version of software.
  mcav.contigs
  Logging to files /work/pi_sarah_gignouxwolfsohn_uml_edu/nikea/COL/assembly/mcav/quast_output/combined_reference/contigs_reports/contigs_report_mcav-contigs.stdout and contigs_report_mcav-contigs.stderr...
  Aligning contigs to the reference
WARNING: Version of installed minimap2 differs from its version in the QUAST package (2.24). Please make sure that you use an actual version of software.
  Analysis is finished.
  Information about interspecies translocations by references for mcav-contigs is saved to /work/pi_sarah_gignouxwolfsohn_uml_edu/nikea/COL/assembly/mcav/quast_output/combined_reference/contigs_reports/interspecies_translocations_by_refs_mcav-contigs.info
  Drawing Intergenomic misassemblies (found and supposed) metaQUAST summary plot...
    saved to /work/pi_sarah_gignouxwolfsohn_uml_edu/nikea/COL/assembly/mcav/quast_output/combined_reference/contigs_reports/intergenomic_misassemblies.pdf
  Creating total report...
    saved to /work/pi_sarah_gignouxwolfsohn_uml_edu/nikea/COL/assembly/mcav/quast_output/combined_reference/contigs_reports/misassemblies_report.txt, misassemblies_report.tsv, and misassemblies_report.tex
  Transposed version of total report...
    saved to /work/pi_sarah_gignouxwolfsohn_uml_edu/nikea/COL/assembly/mcav/quast_output/combined_reference/contigs_reports/transposed_report_misassemblies.txt, transposed_report_misassemblies.tsv, and transposed_report_misassemblies.tex
  Creating total report...
    saved to /work/pi_sarah_gignouxwolfsohn_uml_edu/nikea/COL/assembly/mcav/quast_output/combined_reference/contigs_reports/unaligned_report.txt, unaligned_report.tsv, and unaligned_report.tex
  Drawing misassemblies by types plot...
    saved to /work/pi_sarah_gignouxwolfsohn_uml_edu/nikea/COL/assembly/mcav/quast_output/combined_reference/contigs_reports/misassemblies_plot.pdf
  Drawing misassemblies FRCurve plot...
    saved to /work/pi_sarah_gignouxwolfsohn_uml_edu/nikea/COL/assembly/mcav/quast_output/combined_reference/contigs_reports/misassemblies_frcurve_plot.pdf
Done.

2024-12-17 16:53:17
Running NA-NGA calculation...
  mcav.contigs, Largest alignment = 938, NA50 = None, LA50 = None
  Drawing cumulative plot...
    saved to /work/pi_sarah_gignouxwolfsohn_uml_edu/nikea/COL/assembly/mcav/quast_output/combined_reference/aligned_stats/cumulative_plot.pdf
  Drawing NAx plot...
    saved to /work/pi_sarah_gignouxwolfsohn_uml_edu/nikea/COL/assembly/mcav/quast_output/combined_reference/aligned_stats/NAx_plot.pdf
Done.

2024-12-17 16:53:23
Running Genome analyzer...
  NOTICE: No file with genomic features were provided. Use the --features option if you want to specify it.

  NOTICE: No file with operons were provided. Use the -O option if you want to specify it.
  mcav.contigs
  Analysis is finished.
  Skipping drawing Genome fraction, % histogram... (less than 2 columns histogram makes no sense)
Done.

NOTICE: Genes are not predicted by default. Use --gene-finding or --glimmer option to enable it.

2024-12-17 16:53:46
Creating large visual summaries...
This may take a while: press Ctrl-C to skip this step..
  1 of 2: Creating PDF with all tables and plots...
  2 of 2: Creating Icarus viewers...
Done

2024-12-17 16:53:54
RESULTS:
  Text versions of total report are saved to /work/pi_sarah_gignouxwolfsohn_uml_edu/nikea/COL/assembly/mcav/quast_output/combined_reference/report.txt, report.tsv, and report.tex
  Text versions of transposed total report are saved to /work/pi_sarah_gignouxwolfsohn_uml_edu/nikea/COL/assembly/mcav/quast_output/combined_reference/transposed_report.txt, transposed_report.tsv, and transposed_report.tex
  HTML version (interactive tables and plots) is saved to /work/pi_sarah_gignouxwolfsohn_uml_edu/nikea/COL/assembly/mcav/quast_output/combined_reference/report.html
  PDF version (tables and plots) is saved to /work/pi_sarah_gignouxwolfsohn_uml_edu/nikea/COL/assembly/mcav/quast_output/combined_reference/report.pdf
  Icarus (contig browser) is saved to /work/pi_sarah_gignouxwolfsohn_uml_edu/nikea/COL/assembly/mcav/quast_output/combined_reference/icarus.html

Excluding downloaded references with low genome fraction from further analysis..
All downloaded references have low genome fraction. Nothing was excluded for now.

Partitioning contigs into bins aligned to each reference..
  processing mcav.contigs

Run QUAST on different references in parallel..

Starting quast.py for the contigs aligned to Acidobacteria_bacterium_28-9... (logging to /work/pi_sarah_gignouxwolfsohn_uml_edu/nikea/COL/assembly/mcav/quast_output/runs_per_reference/Acidobacteria_bacterium_28-9/quast.log)

Starting quast.py for the contigs aligned to Alkalispirochaeta_americana... (logging to /work/pi_sarah_gignouxwolfsohn_uml_edu/nikea/COL/assembly/mcav/quast_output/runs_per_reference/Alkalispirochaeta_americana/quast.log)

No contigs were aligned to the reference Bacteroidetes_bacterium, skipping..

No contigs were aligned to the reference Desulfobacteraceae_bacterium, skipping..

Starting quast.py for the contigs aligned to Dictyostelium_polycephalum... (logging to /work/pi_sarah_gignouxwolfsohn_uml_edu/nikea/COL/assembly/mcav/quast_output/runs_per_reference/Dictyostelium_polycephalum/quast.log)

Starting quast.py for the contigs aligned to Fulvivirga_sp... (logging to /work/pi_sarah_gignouxwolfsohn_uml_edu/nikea/COL/assembly/mcav/quast_output/runs_per_reference/Fulvivirga_sp/quast.log)

No contigs were aligned to the reference Klebsiella_pneumoniae, skipping..

No contigs were aligned to the reference Serratia_marcescens, skipping..

No contigs were aligned to the reference Marinoscillum_furvescens, skipping..

Starting quast.py for the contigs aligned to Stanieria_sp._NIES-3757... (logging to /work/pi_sarah_gignouxwolfsohn_uml_edu/nikea/COL/assembly/mcav/quast_output/runs_per_reference/Stanieria_sp._NIES-3757/quast.log)

No contigs were aligned to the reference Streptococcus_pneumoniae, skipping..

Starting quast.py for the contigs not aligned anywhere... (logging to /work/pi_sarah_gignouxwolfsohn_uml_edu/nikea/COL/assembly/mcav/quast_output/not_aligned/quast.log)
/home/nikea_ulrich_uml_edu/.conda/envs/assembly/opt/quast-5.2.0/quast.pyc --min-identity 90.0 --colors #E31A1C --ls solid --no-check-meta --contig-thresholds 1000,5000,10000,25000,50000 -t 12 /work/pi_sarah_gignouxwolfsohn_uml_edu/nikea/COL/assembly/mcav/quast_output/quast_corrected_input/mcav-contigs_not_aligned_anywhere.fasta -o /work/pi_sarah_gignouxwolfsohn_uml_edu/nikea/COL/assembly/mcav/quast_output/not_aligned --labels mcav.contigs

Started: 2024-12-17 16:54:44

Logging to /work/pi_sarah_gignouxwolfsohn_uml_edu/nikea/COL/assembly/mcav/quast_output/not_aligned/quast.log

CWD: /work/pi_sarah_gignouxwolfsohn_uml_edu/nikea/COL/bash_scripts
Main parameters: 
  MODE: meta, threads: 12, min contig length: 500, min alignment length: 65, min alignment IDY: 90.0, \
  ambiguity: one, min local misassembly length: 200, min extensive misassembly length: 1000

Contigs:
  Pre-processing...
  /work/pi_sarah_gignouxwolfsohn_uml_edu/nikea/COL/assembly/mcav/quast_output/quast_corrected_input/mcav-contigs_not_aligned_anywhere.fasta ==> mcav.contigs

2024-12-17 16:54:52
Running Basic statistics processor...
  Contig files: 
    mcav.contigs
  Calculating N50 and L50...
    mcav.contigs, N50 = 1181, L50 = 53641, auN = 2333.0, Total length = 249168900, GC % = 42.11, # N's per 100 kbp =  0.00
  Drawing Nx plot...
    saved to /work/pi_sarah_gignouxwolfsohn_uml_edu/nikea/COL/assembly/mcav/quast_output/not_aligned/basic_stats/Nx_plot.pdf
  Drawing cumulative plot...
    saved to /work/pi_sarah_gignouxwolfsohn_uml_edu/nikea/COL/assembly/mcav/quast_output/not_aligned/basic_stats/cumulative_plot.pdf
  Drawing GC content plot...
    saved to /work/pi_sarah_gignouxwolfsohn_uml_edu/nikea/COL/assembly/mcav/quast_output/not_aligned/basic_stats/GC_content_plot.pdf
  Drawing mcav.contigs GC content plot...
    saved to /work/pi_sarah_gignouxwolfsohn_uml_edu/nikea/COL/assembly/mcav/quast_output/not_aligned/basic_stats/mcav.contigs_GC_content_plot.pdf
Done.

NOTICE: Genes are not predicted by default. Use --gene-finding or --glimmer option to enable it.

2024-12-17 16:55:06
Creating large visual summaries...
This may take a while: press Ctrl-C to skip this step..
  1 of 2: Creating PDF with all tables and plots...
  2 of 2: Creating Icarus viewers...
Done

2024-12-17 16:55:11
RESULTS:
  Text versions of total report are saved to /work/pi_sarah_gignouxwolfsohn_uml_edu/nikea/COL/assembly/mcav/quast_output/not_aligned/report.txt, report.tsv, and report.tex
  Text versions of transposed total report are saved to /work/pi_sarah_gignouxwolfsohn_uml_edu/nikea/COL/assembly/mcav/quast_output/not_aligned/transposed_report.txt, transposed_report.tsv, and transposed_report.tex
  HTML version (interactive tables and plots) is saved to /work/pi_sarah_gignouxwolfsohn_uml_edu/nikea/COL/assembly/mcav/quast_output/not_aligned/report.html
  PDF version (tables and plots) is saved to /work/pi_sarah_gignouxwolfsohn_uml_edu/nikea/COL/assembly/mcav/quast_output/not_aligned/report.pdf
  Icarus (contig browser) is saved to /work/pi_sarah_gignouxwolfsohn_uml_edu/nikea/COL/assembly/mcav/quast_output/not_aligned/icarus.html

2024-12-17 16:55:11
Summarizing results...
  Drawing # contigs metaQUAST summary plot...
    saved to /work/pi_sarah_gignouxwolfsohn_uml_edu/nikea/COL/assembly/mcav/quast_output/summary/PDF/num_contigs.pdf
  Drawing Largest contig metaQUAST summary plot...
    saved to /work/pi_sarah_gignouxwolfsohn_uml_edu/nikea/COL/assembly/mcav/quast_output/summary/PDF/Largest_contig.pdf
  Drawing Total length metaQUAST summary plot...
    saved to /work/pi_sarah_gignouxwolfsohn_uml_edu/nikea/COL/assembly/mcav/quast_output/summary/PDF/Total_length.pdf
  Drawing Largest alignment metaQUAST summary plot...
    saved to /work/pi_sarah_gignouxwolfsohn_uml_edu/nikea/COL/assembly/mcav/quast_output/summary/PDF/Largest_alignment.pdf
  Drawing Total aligned length metaQUAST summary plot...
    saved to /work/pi_sarah_gignouxwolfsohn_uml_edu/nikea/COL/assembly/mcav/quast_output/summary/PDF/Total_aligned_length.pdf
  Drawing Total length (>= 1000 bp) metaQUAST summary plot...
    saved to /work/pi_sarah_gignouxwolfsohn_uml_edu/nikea/COL/assembly/mcav/quast_output/summary/PDF/Total_length_(ge_1000_bp).pdf
  Drawing Total length (>= 10000 bp) metaQUAST summary plot...
    saved to /work/pi_sarah_gignouxwolfsohn_uml_edu/nikea/COL/assembly/mcav/quast_output/summary/PDF/Total_length_(ge_10000_bp).pdf
  Drawing Total length (>= 50000 bp) metaQUAST summary plot...
    saved to /work/pi_sarah_gignouxwolfsohn_uml_edu/nikea/COL/assembly/mcav/quast_output/summary/PDF/Total_length_(ge_50000_bp).pdf
  Drawing # misassemblies metaQUAST summary plot...
    saved to /work/pi_sarah_gignouxwolfsohn_uml_edu/nikea/COL/assembly/mcav/quast_output/summary/PDF/num_misassemblies.pdf
  Drawing metaQUAST summary misassemblies plot for mcav.contigs...
    saved to /work/pi_sarah_gignouxwolfsohn_uml_edu/nikea/COL/assembly/mcav/quast_output/summary/PDF/mcav-contigs_misassemblies.pdf
  Drawing Misassembled contigs length metaQUAST summary plot...
    saved to /work/pi_sarah_gignouxwolfsohn_uml_edu/nikea/COL/assembly/mcav/quast_output/summary/PDF/Misassembled_contigs_length.pdf
  Drawing # mismatches per 100 kbp metaQUAST summary plot...
    saved to /work/pi_sarah_gignouxwolfsohn_uml_edu/nikea/COL/assembly/mcav/quast_output/summary/PDF/num_mismatches_per_100_kbp.pdf
  Drawing # indels per 100 kbp metaQUAST summary plot...
    saved to /work/pi_sarah_gignouxwolfsohn_uml_edu/nikea/COL/assembly/mcav/quast_output/summary/PDF/num_indels_per_100_kbp.pdf
  Drawing # N's per 100 kbp metaQUAST summary plot...
    saved to /work/pi_sarah_gignouxwolfsohn_uml_edu/nikea/COL/assembly/mcav/quast_output/summary/PDF/num_Ns_per_100_kbp.pdf
  Drawing Genome fraction (%) metaQUAST summary plot...
    saved to /work/pi_sarah_gignouxwolfsohn_uml_edu/nikea/COL/assembly/mcav/quast_output/summary/PDF/Genome_fraction.pdf
  Drawing Duplication ratio metaQUAST summary plot...
    saved to /work/pi_sarah_gignouxwolfsohn_uml_edu/nikea/COL/assembly/mcav/quast_output/summary/PDF/Duplication_ratio.pdf
  Drawing NGA50 metaQUAST summary plot...
    saved to /work/pi_sarah_gignouxwolfsohn_uml_edu/nikea/COL/assembly/mcav/quast_output/summary/PDF/NGA50.pdf
  Drawing LGA50 metaQUAST summary plot...
    saved to /work/pi_sarah_gignouxwolfsohn_uml_edu/nikea/COL/assembly/mcav/quast_output/summary/PDF/LGA50.pdf

  Text versions of reports and plots for each metric (for all references and assemblies) are saved to /work/pi_sarah_gignouxwolfsohn_uml_edu/nikea/COL/assembly/mcav/quast_output/summary/
  Icarus (contig browser) is saved to /work/pi_sarah_gignouxwolfsohn_uml_edu/nikea/COL/assembly/mcav/quast_output/icarus.html
  Drawing interactive Krona plots...

'NoneType' object is not iterable
Traceback (most recent call last):
  File "/home/nikea_ulrich_uml_edu/.conda/envs/assembly/bin/metaquast", line 427, in <module>
    return_code = main(sys.argv[1:])
  File "/home/nikea_ulrich_uml_edu/.conda/envs/assembly/bin/metaquast", line 417, in main
    html_saver.create_meta_report(output_dirpath, json_texts)
  File "/home/nikea_ulrich_uml_edu/.conda/envs/assembly/opt/quast-5.2.0/quast_libs/html_saver/html_saver.py", line 257, in create_meta_report
    create_krona_charts(taxons_for_krona, meta_log, results_dirpath, json_texts)
  File "/home/nikea_ulrich_uml_edu/.conda/envs/assembly/opt/quast-5.2.0/quast_libs/html_saver/html_saver.py", line 363, in create_krona_charts
    for section in report:
TypeError: 'NoneType' object is not iterable
ERROR! exception caught!

In case you have troubles running QUAST, you can write to quast.support@cab.spbu.ru
or report an issue on our GitHub repository https://github.com/ablab/quast/issues
Please provide us with quast.log file from the output directory.
