Removing conda
Loading conda
java -ea -Xmx154418m -cp /home/nikea_ulrich_uml_edu/.conda/envs/assembly/opt/bbmap-39.01-1/current/ jgi.SplitPairsAndSingles rp in1=/work/pi_sarah_gignouxwolfsohn_uml_edu/nikea/COL/assembly/mcav/final_reads_filtered/032024_COL_SAN_T5_128_MCAV_S1_host_removed_R1.tagged_filter.fastq.gz in2=/work/pi_sarah_gignouxwolfsohn_uml_edu/nikea/COL/assembly/mcav/final_reads_filtered/032024_COL_SAN_T5_128_MCAV_S1_host_removed_R2.tagged_filter.fastq.gz out1=/work/pi_sarah_gignouxwolfsohn_uml_edu/nikea/COL/assembly/mcav/repaired/032024_COL_SAN_T5_128_MCAV_S1_host_removed_R1.tagged_filter_ready.fastq.gz out2=/work/pi_sarah_gignouxwolfsohn_uml_edu/nikea/COL/assembly/mcav/repaired/032024_COL_SAN_T5_128_MCAV_S1_host_removed_R2.tagged_filter_ready.fastq.gz outs=/work/pi_sarah_gignouxwolfsohn_uml_edu/nikea/COL/assembly/mcav/repaired/032024_COL_SAN_T5_128_MCAV_S1singletons.fq repair
Executing jgi.SplitPairsAndSingles [rp, in1=/work/pi_sarah_gignouxwolfsohn_uml_edu/nikea/COL/assembly/mcav/final_reads_filtered/032024_COL_SAN_T5_128_MCAV_S1_host_removed_R1.tagged_filter.fastq.gz, in2=/work/pi_sarah_gignouxwolfsohn_uml_edu/nikea/COL/assembly/mcav/final_reads_filtered/032024_COL_SAN_T5_128_MCAV_S1_host_removed_R2.tagged_filter.fastq.gz, out1=/work/pi_sarah_gignouxwolfsohn_uml_edu/nikea/COL/assembly/mcav/repaired/032024_COL_SAN_T5_128_MCAV_S1_host_removed_R1.tagged_filter_ready.fastq.gz, out2=/work/pi_sarah_gignouxwolfsohn_uml_edu/nikea/COL/assembly/mcav/repaired/032024_COL_SAN_T5_128_MCAV_S1_host_removed_R2.tagged_filter_ready.fastq.gz, outs=/work/pi_sarah_gignouxwolfsohn_uml_edu/nikea/COL/assembly/mcav/repaired/032024_COL_SAN_T5_128_MCAV_S1singletons.fq, repair]

Set INTERLEAVED to false
Started output stream.

Input:                  	17770863 reads 		2549797508 bases.
Result:                 	17770863 reads (100.00%) 	2549797508 bases (100.00%)
Pairs:                  	17051654 reads (95.95%) 	2446887538 bases (95.96%)
Singletons:             	719209 reads (4.05%) 	102909970 bases (4.04%)

Time:                         	22.053 seconds.
Reads Processed:      17770k 	805.83k reads/sec
Bases Processed:       2549m 	115.62m bases/sec
repair completed successfully for sample: 032024_COL_SAN_T5_128_MCAV_S1
java -ea -Xmx154418m -cp /home/nikea_ulrich_uml_edu/.conda/envs/assembly/opt/bbmap-39.01-1/current/ jgi.SplitPairsAndSingles rp in1=/work/pi_sarah_gignouxwolfsohn_uml_edu/nikea/COL/assembly/mcav/final_reads_filtered/032024_COL_SAN_T5_129_MCAV_S2_host_removed_R1.tagged_filter.fastq.gz in2=/work/pi_sarah_gignouxwolfsohn_uml_edu/nikea/COL/assembly/mcav/final_reads_filtered/032024_COL_SAN_T5_129_MCAV_S2_host_removed_R2.tagged_filter.fastq.gz out1=/work/pi_sarah_gignouxwolfsohn_uml_edu/nikea/COL/assembly/mcav/repaired/032024_COL_SAN_T5_129_MCAV_S2_host_removed_R1.tagged_filter_ready.fastq.gz out2=/work/pi_sarah_gignouxwolfsohn_uml_edu/nikea/COL/assembly/mcav/repaired/032024_COL_SAN_T5_129_MCAV_S2_host_removed_R2.tagged_filter_ready.fastq.gz outs=/work/pi_sarah_gignouxwolfsohn_uml_edu/nikea/COL/assembly/mcav/repaired/032024_COL_SAN_T5_129_MCAV_S2singletons.fq repair
Executing jgi.SplitPairsAndSingles [rp, in1=/work/pi_sarah_gignouxwolfsohn_uml_edu/nikea/COL/assembly/mcav/final_reads_filtered/032024_COL_SAN_T5_129_MCAV_S2_host_removed_R1.tagged_filter.fastq.gz, in2=/work/pi_sarah_gignouxwolfsohn_uml_edu/nikea/COL/assembly/mcav/final_reads_filtered/032024_COL_SAN_T5_129_MCAV_S2_host_removed_R2.tagged_filter.fastq.gz, out1=/work/pi_sarah_gignouxwolfsohn_uml_edu/nikea/COL/assembly/mcav/repaired/032024_COL_SAN_T5_129_MCAV_S2_host_removed_R1.tagged_filter_ready.fastq.gz, out2=/work/pi_sarah_gignouxwolfsohn_uml_edu/nikea/COL/assembly/mcav/repaired/032024_COL_SAN_T5_129_MCAV_S2_host_removed_R2.tagged_filter_ready.fastq.gz, outs=/work/pi_sarah_gignouxwolfsohn_uml_edu/nikea/COL/assembly/mcav/repaired/032024_COL_SAN_T5_129_MCAV_S2singletons.fq, repair]

Set INTERLEAVED to false
Started output stream.

Input:                  	14653910 reads 		2131444197 bases.
Result:                 	14653910 reads (100.00%) 	2131444197 bases (100.00%)
Pairs:                  	14482686 reads (98.83%) 	2106987593 bases (98.85%)
Singletons:             	171224 reads (1.17%) 	24456604 bases (1.15%)

Time:                         	16.820 seconds.
Reads Processed:      14653k 	871.23k reads/sec
Bases Processed:       2131m 	126.72m bases/sec
repair completed successfully for sample: 032024_COL_SAN_T5_129_MCAV_S2
java -ea -Xmx154418m -cp /home/nikea_ulrich_uml_edu/.conda/envs/assembly/opt/bbmap-39.01-1/current/ jgi.SplitPairsAndSingles rp in1=/work/pi_sarah_gignouxwolfsohn_uml_edu/nikea/COL/assembly/mcav/final_reads_filtered/032024_COL_SAN_T5_130_MCAV_S37_host_removed_R1.tagged_filter.fastq.gz in2=/work/pi_sarah_gignouxwolfsohn_uml_edu/nikea/COL/assembly/mcav/final_reads_filtered/032024_COL_SAN_T5_130_MCAV_S37_host_removed_R2.tagged_filter.fastq.gz out1=/work/pi_sarah_gignouxwolfsohn_uml_edu/nikea/COL/assembly/mcav/repaired/032024_COL_SAN_T5_130_MCAV_S37_host_removed_R1.tagged_filter_ready.fastq.gz out2=/work/pi_sarah_gignouxwolfsohn_uml_edu/nikea/COL/assembly/mcav/repaired/032024_COL_SAN_T5_130_MCAV_S37_host_removed_R2.tagged_filter_ready.fastq.gz outs=/work/pi_sarah_gignouxwolfsohn_uml_edu/nikea/COL/assembly/mcav/repaired/032024_COL_SAN_T5_130_MCAV_S37singletons.fq repair
Executing jgi.SplitPairsAndSingles [rp, in1=/work/pi_sarah_gignouxwolfsohn_uml_edu/nikea/COL/assembly/mcav/final_reads_filtered/032024_COL_SAN_T5_130_MCAV_S37_host_removed_R1.tagged_filter.fastq.gz, in2=/work/pi_sarah_gignouxwolfsohn_uml_edu/nikea/COL/assembly/mcav/final_reads_filtered/032024_COL_SAN_T5_130_MCAV_S37_host_removed_R2.tagged_filter.fastq.gz, out1=/work/pi_sarah_gignouxwolfsohn_uml_edu/nikea/COL/assembly/mcav/repaired/032024_COL_SAN_T5_130_MCAV_S37_host_removed_R1.tagged_filter_ready.fastq.gz, out2=/work/pi_sarah_gignouxwolfsohn_uml_edu/nikea/COL/assembly/mcav/repaired/032024_COL_SAN_T5_130_MCAV_S37_host_removed_R2.tagged_filter_ready.fastq.gz, outs=/work/pi_sarah_gignouxwolfsohn_uml_edu/nikea/COL/assembly/mcav/repaired/032024_COL_SAN_T5_130_MCAV_S37singletons.fq, repair]

Set INTERLEAVED to false
Started output stream.

Input:                  	18833502 reads 		2669284987 bases.
Result:                 	18833502 reads (100.00%) 	2669284987 bases (100.00%)
Pairs:                  	18032678 reads (95.75%) 	2555572699 bases (95.74%)
Singletons:             	800824 reads (4.25%) 	113712288 bases (4.26%)

Time:                         	19.112 seconds.
Reads Processed:      18833k 	985.45k reads/sec
Bases Processed:       2669m 	139.67m bases/sec
repair completed successfully for sample: 032024_COL_SAN_T5_130_MCAV_S37
java -ea -Xmx154418m -cp /home/nikea_ulrich_uml_edu/.conda/envs/assembly/opt/bbmap-39.01-1/current/ jgi.SplitPairsAndSingles rp in1=/work/pi_sarah_gignouxwolfsohn_uml_edu/nikea/COL/assembly/mcav/final_reads_filtered/032024_COL_SAN_T5_131_MCAV_S3_host_removed_R1.tagged_filter.fastq.gz in2=/work/pi_sarah_gignouxwolfsohn_uml_edu/nikea/COL/assembly/mcav/final_reads_filtered/032024_COL_SAN_T5_131_MCAV_S3_host_removed_R2.tagged_filter.fastq.gz out1=/work/pi_sarah_gignouxwolfsohn_uml_edu/nikea/COL/assembly/mcav/repaired/032024_COL_SAN_T5_131_MCAV_S3_host_removed_R1.tagged_filter_ready.fastq.gz out2=/work/pi_sarah_gignouxwolfsohn_uml_edu/nikea/COL/assembly/mcav/repaired/032024_COL_SAN_T5_131_MCAV_S3_host_removed_R2.tagged_filter_ready.fastq.gz outs=/work/pi_sarah_gignouxwolfsohn_uml_edu/nikea/COL/assembly/mcav/repaired/032024_COL_SAN_T5_131_MCAV_S3singletons.fq repair
Executing jgi.SplitPairsAndSingles [rp, in1=/work/pi_sarah_gignouxwolfsohn_uml_edu/nikea/COL/assembly/mcav/final_reads_filtered/032024_COL_SAN_T5_131_MCAV_S3_host_removed_R1.tagged_filter.fastq.gz, in2=/work/pi_sarah_gignouxwolfsohn_uml_edu/nikea/COL/assembly/mcav/final_reads_filtered/032024_COL_SAN_T5_131_MCAV_S3_host_removed_R2.tagged_filter.fastq.gz, out1=/work/pi_sarah_gignouxwolfsohn_uml_edu/nikea/COL/assembly/mcav/repaired/032024_COL_SAN_T5_131_MCAV_S3_host_removed_R1.tagged_filter_ready.fastq.gz, out2=/work/pi_sarah_gignouxwolfsohn_uml_edu/nikea/COL/assembly/mcav/repaired/032024_COL_SAN_T5_131_MCAV_S3_host_removed_R2.tagged_filter_ready.fastq.gz, outs=/work/pi_sarah_gignouxwolfsohn_uml_edu/nikea/COL/assembly/mcav/repaired/032024_COL_SAN_T5_131_MCAV_S3singletons.fq, repair]

Set INTERLEAVED to false
Started output stream.

Input:                  	11099480 reads 		1622501990 bases.
Result:                 	11099480 reads (100.00%) 	1622501990 bases (100.00%)
Pairs:                  	10757376 reads (96.92%) 	1572935788 bases (96.95%)
Singletons:             	342104 reads (3.08%) 	49566202 bases (3.05%)

Time:                         	12.940 seconds.
Reads Processed:      11099k 	857.77k reads/sec
Bases Processed:       1622m 	125.39m bases/sec
repair completed successfully for sample: 032024_COL_SAN_T5_131_MCAV_S3
java -ea -Xmx154418m -cp /home/nikea_ulrich_uml_edu/.conda/envs/assembly/opt/bbmap-39.01-1/current/ jgi.SplitPairsAndSingles rp in1=/work/pi_sarah_gignouxwolfsohn_uml_edu/nikea/COL/assembly/mcav/final_reads_filtered/032024_COL_SAN_T5_132_MCAV_S4_host_removed_R1.tagged_filter.fastq.gz in2=/work/pi_sarah_gignouxwolfsohn_uml_edu/nikea/COL/assembly/mcav/final_reads_filtered/032024_COL_SAN_T5_132_MCAV_S4_host_removed_R2.tagged_filter.fastq.gz out1=/work/pi_sarah_gignouxwolfsohn_uml_edu/nikea/COL/assembly/mcav/repaired/032024_COL_SAN_T5_132_MCAV_S4_host_removed_R1.tagged_filter_ready.fastq.gz out2=/work/pi_sarah_gignouxwolfsohn_uml_edu/nikea/COL/assembly/mcav/repaired/032024_COL_SAN_T5_132_MCAV_S4_host_removed_R2.tagged_filter_ready.fastq.gz outs=/work/pi_sarah_gignouxwolfsohn_uml_edu/nikea/COL/assembly/mcav/repaired/032024_COL_SAN_T5_132_MCAV_S4singletons.fq repair
Executing jgi.SplitPairsAndSingles [rp, in1=/work/pi_sarah_gignouxwolfsohn_uml_edu/nikea/COL/assembly/mcav/final_reads_filtered/032024_COL_SAN_T5_132_MCAV_S4_host_removed_R1.tagged_filter.fastq.gz, in2=/work/pi_sarah_gignouxwolfsohn_uml_edu/nikea/COL/assembly/mcav/final_reads_filtered/032024_COL_SAN_T5_132_MCAV_S4_host_removed_R2.tagged_filter.fastq.gz, out1=/work/pi_sarah_gignouxwolfsohn_uml_edu/nikea/COL/assembly/mcav/repaired/032024_COL_SAN_T5_132_MCAV_S4_host_removed_R1.tagged_filter_ready.fastq.gz, out2=/work/pi_sarah_gignouxwolfsohn_uml_edu/nikea/COL/assembly/mcav/repaired/032024_COL_SAN_T5_132_MCAV_S4_host_removed_R2.tagged_filter_ready.fastq.gz, outs=/work/pi_sarah_gignouxwolfsohn_uml_edu/nikea/COL/assembly/mcav/repaired/032024_COL_SAN_T5_132_MCAV_S4singletons.fq, repair]

Set INTERLEAVED to false
Started output stream.

Input:                  	19205287 reads 		2734096203 bases.
Result:                 	19205287 reads (100.00%) 	2734096203 bases (100.00%)
Pairs:                  	18921300 reads (98.52%) 	2693889091 bases (98.53%)
Singletons:             	283987 reads (1.48%) 	40207112 bases (1.47%)

Time:                         	17.660 seconds.
Reads Processed:      19205k 	1087.48k reads/sec
Bases Processed:       2734m 	154.82m bases/sec
repair completed successfully for sample: 032024_COL_SAN_T5_132_MCAV_S4
java -ea -Xmx154418m -cp /home/nikea_ulrich_uml_edu/.conda/envs/assembly/opt/bbmap-39.01-1/current/ jgi.SplitPairsAndSingles rp in1=/work/pi_sarah_gignouxwolfsohn_uml_edu/nikea/COL/assembly/mcav/final_reads_filtered/032024_COL_SAN_T5_133_MCAV_S5_host_removed_R1.tagged_filter.fastq.gz in2=/work/pi_sarah_gignouxwolfsohn_uml_edu/nikea/COL/assembly/mcav/final_reads_filtered/032024_COL_SAN_T5_133_MCAV_S5_host_removed_R2.tagged_filter.fastq.gz out1=/work/pi_sarah_gignouxwolfsohn_uml_edu/nikea/COL/assembly/mcav/repaired/032024_COL_SAN_T5_133_MCAV_S5_host_removed_R1.tagged_filter_ready.fastq.gz out2=/work/pi_sarah_gignouxwolfsohn_uml_edu/nikea/COL/assembly/mcav/repaired/032024_COL_SAN_T5_133_MCAV_S5_host_removed_R2.tagged_filter_ready.fastq.gz outs=/work/pi_sarah_gignouxwolfsohn_uml_edu/nikea/COL/assembly/mcav/repaired/032024_COL_SAN_T5_133_MCAV_S5singletons.fq repair
Executing jgi.SplitPairsAndSingles [rp, in1=/work/pi_sarah_gignouxwolfsohn_uml_edu/nikea/COL/assembly/mcav/final_reads_filtered/032024_COL_SAN_T5_133_MCAV_S5_host_removed_R1.tagged_filter.fastq.gz, in2=/work/pi_sarah_gignouxwolfsohn_uml_edu/nikea/COL/assembly/mcav/final_reads_filtered/032024_COL_SAN_T5_133_MCAV_S5_host_removed_R2.tagged_filter.fastq.gz, out1=/work/pi_sarah_gignouxwolfsohn_uml_edu/nikea/COL/assembly/mcav/repaired/032024_COL_SAN_T5_133_MCAV_S5_host_removed_R1.tagged_filter_ready.fastq.gz, out2=/work/pi_sarah_gignouxwolfsohn_uml_edu/nikea/COL/assembly/mcav/repaired/032024_COL_SAN_T5_133_MCAV_S5_host_removed_R2.tagged_filter_ready.fastq.gz, outs=/work/pi_sarah_gignouxwolfsohn_uml_edu/nikea/COL/assembly/mcav/repaired/032024_COL_SAN_T5_133_MCAV_S5singletons.fq, repair]

Set INTERLEAVED to false
Started output stream.

Input:                  	16432759 reads 		2350792289 bases.
Result:                 	16432759 reads (100.00%) 	2350792289 bases (100.00%)
Pairs:                  	15846534 reads (96.43%) 	2267694589 bases (96.47%)
Singletons:             	586225 reads (3.57%) 	83097700 bases (3.53%)

Time:                         	16.218 seconds.
Reads Processed:      16432k 	1013.26k reads/sec
Bases Processed:       2350m 	144.95m bases/sec
repair completed successfully for sample: 032024_COL_SAN_T5_133_MCAV_S5
java -ea -Xmx154418m -cp /home/nikea_ulrich_uml_edu/.conda/envs/assembly/opt/bbmap-39.01-1/current/ jgi.SplitPairsAndSingles rp in1=/work/pi_sarah_gignouxwolfsohn_uml_edu/nikea/COL/assembly/mcav/final_reads_filtered/032024_COL_SAN_T5_134_MCAV_S6_host_removed_R1.tagged_filter.fastq.gz in2=/work/pi_sarah_gignouxwolfsohn_uml_edu/nikea/COL/assembly/mcav/final_reads_filtered/032024_COL_SAN_T5_134_MCAV_S6_host_removed_R2.tagged_filter.fastq.gz out1=/work/pi_sarah_gignouxwolfsohn_uml_edu/nikea/COL/assembly/mcav/repaired/032024_COL_SAN_T5_134_MCAV_S6_host_removed_R1.tagged_filter_ready.fastq.gz out2=/work/pi_sarah_gignouxwolfsohn_uml_edu/nikea/COL/assembly/mcav/repaired/032024_COL_SAN_T5_134_MCAV_S6_host_removed_R2.tagged_filter_ready.fastq.gz outs=/work/pi_sarah_gignouxwolfsohn_uml_edu/nikea/COL/assembly/mcav/repaired/032024_COL_SAN_T5_134_MCAV_S6singletons.fq repair
Executing jgi.SplitPairsAndSingles [rp, in1=/work/pi_sarah_gignouxwolfsohn_uml_edu/nikea/COL/assembly/mcav/final_reads_filtered/032024_COL_SAN_T5_134_MCAV_S6_host_removed_R1.tagged_filter.fastq.gz, in2=/work/pi_sarah_gignouxwolfsohn_uml_edu/nikea/COL/assembly/mcav/final_reads_filtered/032024_COL_SAN_T5_134_MCAV_S6_host_removed_R2.tagged_filter.fastq.gz, out1=/work/pi_sarah_gignouxwolfsohn_uml_edu/nikea/COL/assembly/mcav/repaired/032024_COL_SAN_T5_134_MCAV_S6_host_removed_R1.tagged_filter_ready.fastq.gz, out2=/work/pi_sarah_gignouxwolfsohn_uml_edu/nikea/COL/assembly/mcav/repaired/032024_COL_SAN_T5_134_MCAV_S6_host_removed_R2.tagged_filter_ready.fastq.gz, outs=/work/pi_sarah_gignouxwolfsohn_uml_edu/nikea/COL/assembly/mcav/repaired/032024_COL_SAN_T5_134_MCAV_S6singletons.fq, repair]

Set INTERLEAVED to false
Started output stream.

Input:                  	15593562 reads 		2268512614 bases.
Result:                 	15593562 reads (100.00%) 	2268512614 bases (100.00%)
Pairs:                  	15312518 reads (98.20%) 	2228406028 bases (98.23%)
Singletons:             	281044 reads (1.80%) 	40106586 bases (1.77%)

Time:                         	14.277 seconds.
Reads Processed:      15593k 	1092.24k reads/sec
Bases Processed:       2268m 	158.90m bases/sec
repair completed successfully for sample: 032024_COL_SAN_T5_134_MCAV_S6
java -ea -Xmx154418m -cp /home/nikea_ulrich_uml_edu/.conda/envs/assembly/opt/bbmap-39.01-1/current/ jgi.SplitPairsAndSingles rp in1=/work/pi_sarah_gignouxwolfsohn_uml_edu/nikea/COL/assembly/mcav/final_reads_filtered/032024_COL_SAN_T5_136_MCAV_S7_host_removed_R1.tagged_filter.fastq.gz in2=/work/pi_sarah_gignouxwolfsohn_uml_edu/nikea/COL/assembly/mcav/final_reads_filtered/032024_COL_SAN_T5_136_MCAV_S7_host_removed_R2.tagged_filter.fastq.gz out1=/work/pi_sarah_gignouxwolfsohn_uml_edu/nikea/COL/assembly/mcav/repaired/032024_COL_SAN_T5_136_MCAV_S7_host_removed_R1.tagged_filter_ready.fastq.gz out2=/work/pi_sarah_gignouxwolfsohn_uml_edu/nikea/COL/assembly/mcav/repaired/032024_COL_SAN_T5_136_MCAV_S7_host_removed_R2.tagged_filter_ready.fastq.gz outs=/work/pi_sarah_gignouxwolfsohn_uml_edu/nikea/COL/assembly/mcav/repaired/032024_COL_SAN_T5_136_MCAV_S7singletons.fq repair
Executing jgi.SplitPairsAndSingles [rp, in1=/work/pi_sarah_gignouxwolfsohn_uml_edu/nikea/COL/assembly/mcav/final_reads_filtered/032024_COL_SAN_T5_136_MCAV_S7_host_removed_R1.tagged_filter.fastq.gz, in2=/work/pi_sarah_gignouxwolfsohn_uml_edu/nikea/COL/assembly/mcav/final_reads_filtered/032024_COL_SAN_T5_136_MCAV_S7_host_removed_R2.tagged_filter.fastq.gz, out1=/work/pi_sarah_gignouxwolfsohn_uml_edu/nikea/COL/assembly/mcav/repaired/032024_COL_SAN_T5_136_MCAV_S7_host_removed_R1.tagged_filter_ready.fastq.gz, out2=/work/pi_sarah_gignouxwolfsohn_uml_edu/nikea/COL/assembly/mcav/repaired/032024_COL_SAN_T5_136_MCAV_S7_host_removed_R2.tagged_filter_ready.fastq.gz, outs=/work/pi_sarah_gignouxwolfsohn_uml_edu/nikea/COL/assembly/mcav/repaired/032024_COL_SAN_T5_136_MCAV_S7singletons.fq, repair]

Set INTERLEAVED to false
Started output stream.

Input:                  	15994671 reads 		2324559962 bases.
Result:                 	15994671 reads (100.00%) 	2324559962 bases (100.00%)
Pairs:                  	15713812 reads (98.24%) 	2284197202 bases (98.26%)
Singletons:             	280859 reads (1.76%) 	40362760 bases (1.74%)

Time:                         	14.843 seconds.
Reads Processed:      15994k 	1077.61k reads/sec
Bases Processed:       2324m 	156.61m bases/sec
repair completed successfully for sample: 032024_COL_SAN_T5_136_MCAV_S7
java -ea -Xmx154418m -cp /home/nikea_ulrich_uml_edu/.conda/envs/assembly/opt/bbmap-39.01-1/current/ jgi.SplitPairsAndSingles rp in1=/work/pi_sarah_gignouxwolfsohn_uml_edu/nikea/COL/assembly/mcav/final_reads_filtered/032024_COL_SAN_T5_150_MCAV_S8_host_removed_R1.tagged_filter.fastq.gz in2=/work/pi_sarah_gignouxwolfsohn_uml_edu/nikea/COL/assembly/mcav/final_reads_filtered/032024_COL_SAN_T5_150_MCAV_S8_host_removed_R2.tagged_filter.fastq.gz out1=/work/pi_sarah_gignouxwolfsohn_uml_edu/nikea/COL/assembly/mcav/repaired/032024_COL_SAN_T5_150_MCAV_S8_host_removed_R1.tagged_filter_ready.fastq.gz out2=/work/pi_sarah_gignouxwolfsohn_uml_edu/nikea/COL/assembly/mcav/repaired/032024_COL_SAN_T5_150_MCAV_S8_host_removed_R2.tagged_filter_ready.fastq.gz outs=/work/pi_sarah_gignouxwolfsohn_uml_edu/nikea/COL/assembly/mcav/repaired/032024_COL_SAN_T5_150_MCAV_S8singletons.fq repair
Executing jgi.SplitPairsAndSingles [rp, in1=/work/pi_sarah_gignouxwolfsohn_uml_edu/nikea/COL/assembly/mcav/final_reads_filtered/032024_COL_SAN_T5_150_MCAV_S8_host_removed_R1.tagged_filter.fastq.gz, in2=/work/pi_sarah_gignouxwolfsohn_uml_edu/nikea/COL/assembly/mcav/final_reads_filtered/032024_COL_SAN_T5_150_MCAV_S8_host_removed_R2.tagged_filter.fastq.gz, out1=/work/pi_sarah_gignouxwolfsohn_uml_edu/nikea/COL/assembly/mcav/repaired/032024_COL_SAN_T5_150_MCAV_S8_host_removed_R1.tagged_filter_ready.fastq.gz, out2=/work/pi_sarah_gignouxwolfsohn_uml_edu/nikea/COL/assembly/mcav/repaired/032024_COL_SAN_T5_150_MCAV_S8_host_removed_R2.tagged_filter_ready.fastq.gz, outs=/work/pi_sarah_gignouxwolfsohn_uml_edu/nikea/COL/assembly/mcav/repaired/032024_COL_SAN_T5_150_MCAV_S8singletons.fq, repair]

Set INTERLEAVED to false
Started output stream.

Input:                  	16898328 reads 		2457207639 bases.
Result:                 	16898328 reads (100.00%) 	2457207639 bases (100.00%)
Pairs:                  	16414452 reads (97.14%) 	2387315018 bases (97.16%)
Singletons:             	483876 reads (2.86%) 	69892621 bases (2.84%)

Time:                         	17.246 seconds.
Reads Processed:      16898k 	979.82k reads/sec
Bases Processed:       2457m 	142.48m bases/sec
repair completed successfully for sample: 032024_COL_SAN_T5_150_MCAV_S8
