Loading conda
74071421 reads; of these:
  74071421 (100.00%) were paired; of these:
    19299158 (26.05%) aligned concordantly 0 times
    27299009 (36.85%) aligned concordantly exactly 1 time
    27473254 (37.09%) aligned concordantly >1 times
    ----
    19299158 pairs aligned concordantly 0 times; of these:
      201608 (1.04%) aligned discordantly 1 time
    ----
    19097550 pairs aligned 0 times concordantly or discordantly; of these:
      38195100 mates make up the pairs; of these:
        34208687 (89.56%) aligned 0 times
        1692788 (4.43%) aligned exactly 1 time
        2293625 (6.01%) aligned >1 times
76.91% overall alignment rate
[bam_sort_core] merging from 1 files and 2 in-memory blocks...
[M::bam2fq_mainloop] discarded 0 singletons
[M::bam2fq_mainloop] processed 31092990 reads
host removal completed successfully for sample: 032024_COL_SAN_T5_150_MCAV_S8
Host removal: All samples processed successfully.
