Loading conda
2024-12-16 16:57:52 - MEGAHIT v1.2.9
2024-12-16 16:57:52 - Using megahit_core with POPCNT and BMI2 support
2024-12-16 16:57:52 - Convert reads to binary library
2024-12-16 17:00:39 - INFO  sequence/io/sequence_lib.cpp  :   75 - Lib 0 (/work/pi_sarah_gignouxwolfsohn_uml_edu/nikea/COL/assembly/mcav/mcav_reads_R1_ALL.fastq.gz,/work/pi_sarah_gignouxwolfsohn_uml_edu/nikea/COL/assembly/mcav/mcav_reads_R2_ALL.fastq.gz): pe, 142533010 reads, 151 max length
2024-12-16 17:00:40 - INFO  utils/utils.h                 :  152 - Real: 168.6011	user: 89.4868	sys: 19.5944	maxrss: 244724
2024-12-16 17:00:40 - k-max reset to: 127 
2024-12-16 17:00:40 - Start assembly. Number of CPU threads 64 
2024-12-16 17:00:40 - k list: 27,37,47,57,67,77,87,97,107,117,127 
2024-12-16 17:00:40 - Memory used: 486550705766
2024-12-16 17:00:40 - Extracting solid (k+1)-mers and building sdbg for k = 27
2024-12-16 17:10:20 - Assemble contigs from SdBG for k = 27
2024-12-16 17:57:17 - Local assembly for k = 27
2024-12-16 18:01:00 - Extract iterative edges from k = 27 to 37 
2024-12-16 18:14:12 - Build graph for k = 37 
2024-12-16 18:16:16 - Assemble contigs from SdBG for k = 37
2024-12-16 18:27:09 - Local assembly for k = 37
2024-12-16 18:33:53 - Extract iterative edges from k = 37 to 47 
2024-12-16 18:36:05 - Build graph for k = 47 
2024-12-16 18:37:05 - Assemble contigs from SdBG for k = 47
2024-12-16 18:43:25 - Local assembly for k = 47
2024-12-16 18:52:39 - Extract iterative edges from k = 47 to 57 
2024-12-16 18:53:44 - Build graph for k = 57 
2024-12-16 18:54:24 - Assemble contigs from SdBG for k = 57
2024-12-16 18:58:30 - Local assembly for k = 57
2024-12-16 19:06:25 - Extract iterative edges from k = 57 to 67 
2024-12-16 19:07:11 - Build graph for k = 67 
2024-12-16 19:07:41 - Assemble contigs from SdBG for k = 67
2024-12-16 19:11:00 - Local assembly for k = 67
2024-12-16 19:21:00 - Extract iterative edges from k = 67 to 77 
2024-12-16 19:21:46 - Build graph for k = 77 
2024-12-16 19:22:12 - Assemble contigs from SdBG for k = 77
2024-12-16 19:25:02 - Local assembly for k = 77
2024-12-16 19:33:14 - Extract iterative edges from k = 77 to 87 
2024-12-16 19:33:52 - Build graph for k = 87 
2024-12-16 19:34:14 - Assemble contigs from SdBG for k = 87
2024-12-16 19:36:47 - Local assembly for k = 87
2024-12-16 19:44:33 - Extract iterative edges from k = 87 to 97 
2024-12-16 19:45:09 - Build graph for k = 97 
2024-12-16 19:45:29 - Assemble contigs from SdBG for k = 97
2024-12-16 19:47:40 - Local assembly for k = 97
2024-12-16 19:54:51 - Extract iterative edges from k = 97 to 107 
2024-12-16 19:55:18 - Build graph for k = 107 
2024-12-16 19:55:36 - Assemble contigs from SdBG for k = 107
2024-12-16 19:57:31 - Local assembly for k = 107
2024-12-16 20:05:23 - Extract iterative edges from k = 107 to 117 
2024-12-16 20:05:46 - Build graph for k = 117 
2024-12-16 20:06:03 - Assemble contigs from SdBG for k = 117
2024-12-16 20:07:58 - Local assembly for k = 117
2024-12-16 20:15:26 - Extract iterative edges from k = 117 to 127 
2024-12-16 20:15:44 - Build graph for k = 127 
2024-12-16 20:16:01 - Assemble contigs from SdBG for k = 127
2024-12-16 20:17:48 - Merging to output final contigs 
2024-12-16 20:17:49 - 509472 contigs, total 353649024 bp, min 200 bp, max 71832 bp, avg 694 bp, N50 776 bp
2024-12-16 20:17:49 - ALL DONE. Time elapsed: 11997.858814 seconds 
Assembly completed!
