Removing conda
Loading conda
java -ea -Xmx154418m -cp /home/nikea_ulrich_uml_edu/.conda/envs/assembly/opt/bbmap-39.01-1/current/ jgi.SplitPairsAndSingles rp in1=/work/pi_sarah_gignouxwolfsohn_uml_edu/nikea/COL/assembly/pstr/final_reads_filtered/032024_COL_SAN_T5_144_PSTR_S9_host_removed_R1.tagged_filter.fastq.gz in2=/work/pi_sarah_gignouxwolfsohn_uml_edu/nikea/COL/assembly/pstr/final_reads_filtered/032024_COL_SAN_T5_144_PSTR_S9_host_removed_R2.tagged_filter.fastq.gz out1=/work/pi_sarah_gignouxwolfsohn_uml_edu/nikea/COL/assembly/pstr/repaired/032024_COL_SAN_T5_144_PSTR_S9_host_removed_R1.tagged_filter_ready.fastq.gz out2=/work/pi_sarah_gignouxwolfsohn_uml_edu/nikea/COL/assembly/pstr/repaired/032024_COL_SAN_T5_144_PSTR_S9_host_removed_R2.tagged_filter_ready.fastq.gz outs=032024_COL_SAN_T5_144_PSTR_S9singletons.fq repair
Executing jgi.SplitPairsAndSingles [rp, in1=/work/pi_sarah_gignouxwolfsohn_uml_edu/nikea/COL/assembly/pstr/final_reads_filtered/032024_COL_SAN_T5_144_PSTR_S9_host_removed_R1.tagged_filter.fastq.gz, in2=/work/pi_sarah_gignouxwolfsohn_uml_edu/nikea/COL/assembly/pstr/final_reads_filtered/032024_COL_SAN_T5_144_PSTR_S9_host_removed_R2.tagged_filter.fastq.gz, out1=/work/pi_sarah_gignouxwolfsohn_uml_edu/nikea/COL/assembly/pstr/repaired/032024_COL_SAN_T5_144_PSTR_S9_host_removed_R1.tagged_filter_ready.fastq.gz, out2=/work/pi_sarah_gignouxwolfsohn_uml_edu/nikea/COL/assembly/pstr/repaired/032024_COL_SAN_T5_144_PSTR_S9_host_removed_R2.tagged_filter_ready.fastq.gz, outs=032024_COL_SAN_T5_144_PSTR_S9singletons.fq, repair]

Set INTERLEAVED to false
Started output stream.

Input:                  	41984731 reads 		6217485116 bases.
Result:                 	41984731 reads (100.00%) 	6217485116 bases (100.00%)
Pairs:                  	41513754 reads (98.88%) 	6147805059 bases (98.88%)
Singletons:             	470977 reads (1.12%) 	69680057 bases (1.12%)

Time:                         	46.192 seconds.
Reads Processed:      41984k 	908.92k reads/sec
Bases Processed:       6217m 	134.60m bases/sec
repair completed successfully for sample: 032024_COL_SAN_T5_144_PSTR_S9
java -ea -Xmx154418m -cp /home/nikea_ulrich_uml_edu/.conda/envs/assembly/opt/bbmap-39.01-1/current/ jgi.SplitPairsAndSingles rp in1=/work/pi_sarah_gignouxwolfsohn_uml_edu/nikea/COL/assembly/pstr/final_reads_filtered/032024_COL_SAN_T5_147_PSTR_S10_host_removed_R1.tagged_filter.fastq.gz in2=/work/pi_sarah_gignouxwolfsohn_uml_edu/nikea/COL/assembly/pstr/final_reads_filtered/032024_COL_SAN_T5_147_PSTR_S10_host_removed_R2.tagged_filter.fastq.gz out1=/work/pi_sarah_gignouxwolfsohn_uml_edu/nikea/COL/assembly/pstr/repaired/032024_COL_SAN_T5_147_PSTR_S10_host_removed_R1.tagged_filter_ready.fastq.gz out2=/work/pi_sarah_gignouxwolfsohn_uml_edu/nikea/COL/assembly/pstr/repaired/032024_COL_SAN_T5_147_PSTR_S10_host_removed_R2.tagged_filter_ready.fastq.gz outs=032024_COL_SAN_T5_147_PSTR_S10singletons.fq repair
Executing jgi.SplitPairsAndSingles [rp, in1=/work/pi_sarah_gignouxwolfsohn_uml_edu/nikea/COL/assembly/pstr/final_reads_filtered/032024_COL_SAN_T5_147_PSTR_S10_host_removed_R1.tagged_filter.fastq.gz, in2=/work/pi_sarah_gignouxwolfsohn_uml_edu/nikea/COL/assembly/pstr/final_reads_filtered/032024_COL_SAN_T5_147_PSTR_S10_host_removed_R2.tagged_filter.fastq.gz, out1=/work/pi_sarah_gignouxwolfsohn_uml_edu/nikea/COL/assembly/pstr/repaired/032024_COL_SAN_T5_147_PSTR_S10_host_removed_R1.tagged_filter_ready.fastq.gz, out2=/work/pi_sarah_gignouxwolfsohn_uml_edu/nikea/COL/assembly/pstr/repaired/032024_COL_SAN_T5_147_PSTR_S10_host_removed_R2.tagged_filter_ready.fastq.gz, outs=032024_COL_SAN_T5_147_PSTR_S10singletons.fq, repair]

Set INTERLEAVED to false
Started output stream.

Input:                  	45021013 reads 		6231799379 bases.
Result:                 	45021013 reads (100.00%) 	6231799379 bases (100.00%)
Pairs:                  	44337748 reads (98.48%) 	6135237297 bases (98.45%)
Singletons:             	683265 reads (1.52%) 	96562082 bases (1.55%)

Time:                         	46.741 seconds.
Reads Processed:      45021k 	963.20k reads/sec
Bases Processed:       6231m 	133.33m bases/sec
repair completed successfully for sample: 032024_COL_SAN_T5_147_PSTR_S10
java -ea -Xmx154418m -cp /home/nikea_ulrich_uml_edu/.conda/envs/assembly/opt/bbmap-39.01-1/current/ jgi.SplitPairsAndSingles rp in1=/work/pi_sarah_gignouxwolfsohn_uml_edu/nikea/COL/assembly/pstr/final_reads_filtered/032024_COL_SAN_T5_163_PSTR_S11_host_removed_R1.tagged_filter.fastq.gz in2=/work/pi_sarah_gignouxwolfsohn_uml_edu/nikea/COL/assembly/pstr/final_reads_filtered/032024_COL_SAN_T5_163_PSTR_S11_host_removed_R2.tagged_filter.fastq.gz out1=/work/pi_sarah_gignouxwolfsohn_uml_edu/nikea/COL/assembly/pstr/repaired/032024_COL_SAN_T5_163_PSTR_S11_host_removed_R1.tagged_filter_ready.fastq.gz out2=/work/pi_sarah_gignouxwolfsohn_uml_edu/nikea/COL/assembly/pstr/repaired/032024_COL_SAN_T5_163_PSTR_S11_host_removed_R2.tagged_filter_ready.fastq.gz outs=032024_COL_SAN_T5_163_PSTR_S11singletons.fq repair
Executing jgi.SplitPairsAndSingles [rp, in1=/work/pi_sarah_gignouxwolfsohn_uml_edu/nikea/COL/assembly/pstr/final_reads_filtered/032024_COL_SAN_T5_163_PSTR_S11_host_removed_R1.tagged_filter.fastq.gz, in2=/work/pi_sarah_gignouxwolfsohn_uml_edu/nikea/COL/assembly/pstr/final_reads_filtered/032024_COL_SAN_T5_163_PSTR_S11_host_removed_R2.tagged_filter.fastq.gz, out1=/work/pi_sarah_gignouxwolfsohn_uml_edu/nikea/COL/assembly/pstr/repaired/032024_COL_SAN_T5_163_PSTR_S11_host_removed_R1.tagged_filter_ready.fastq.gz, out2=/work/pi_sarah_gignouxwolfsohn_uml_edu/nikea/COL/assembly/pstr/repaired/032024_COL_SAN_T5_163_PSTR_S11_host_removed_R2.tagged_filter_ready.fastq.gz, outs=032024_COL_SAN_T5_163_PSTR_S11singletons.fq, repair]

Set INTERLEAVED to false
Started output stream.

Input:                  	35394424 reads 		5249664696 bases.
Result:                 	35394424 reads (100.00%) 	5249664696 bases (100.00%)
Pairs:                  	35106684 reads (99.19%) 	5207195437 bases (99.19%)
Singletons:             	287740 reads (0.81%) 	42469259 bases (0.81%)

Time:                         	37.130 seconds.
Reads Processed:      35394k 	953.26k reads/sec
Bases Processed:       5249m 	141.39m bases/sec
repair completed successfully for sample: 032024_COL_SAN_T5_163_PSTR_S11
java -ea -Xmx154418m -cp /home/nikea_ulrich_uml_edu/.conda/envs/assembly/opt/bbmap-39.01-1/current/ jgi.SplitPairsAndSingles rp in1=/work/pi_sarah_gignouxwolfsohn_uml_edu/nikea/COL/assembly/pstr/final_reads_filtered/032024_COL_SAN_T5_154_PSTR_S38_host_removed_R1.tagged_filter.fastq.gz in2=/work/pi_sarah_gignouxwolfsohn_uml_edu/nikea/COL/assembly/pstr/final_reads_filtered/032024_COL_SAN_T5_154_PSTR_S38_host_removed_R2.tagged_filter.fastq.gz out1=/work/pi_sarah_gignouxwolfsohn_uml_edu/nikea/COL/assembly/pstr/repaired/032024_COL_SAN_T5_154_PSTR_S38_host_removed_R1.tagged_filter_ready.fastq.gz out2=/work/pi_sarah_gignouxwolfsohn_uml_edu/nikea/COL/assembly/pstr/repaired/032024_COL_SAN_T5_154_PSTR_S38_host_removed_R2.tagged_filter_ready.fastq.gz outs=032024_COL_SAN_T5_154_PSTR_S38singletons.fq repair
Executing jgi.SplitPairsAndSingles [rp, in1=/work/pi_sarah_gignouxwolfsohn_uml_edu/nikea/COL/assembly/pstr/final_reads_filtered/032024_COL_SAN_T5_154_PSTR_S38_host_removed_R1.tagged_filter.fastq.gz, in2=/work/pi_sarah_gignouxwolfsohn_uml_edu/nikea/COL/assembly/pstr/final_reads_filtered/032024_COL_SAN_T5_154_PSTR_S38_host_removed_R2.tagged_filter.fastq.gz, out1=/work/pi_sarah_gignouxwolfsohn_uml_edu/nikea/COL/assembly/pstr/repaired/032024_COL_SAN_T5_154_PSTR_S38_host_removed_R1.tagged_filter_ready.fastq.gz, out2=/work/pi_sarah_gignouxwolfsohn_uml_edu/nikea/COL/assembly/pstr/repaired/032024_COL_SAN_T5_154_PSTR_S38_host_removed_R2.tagged_filter_ready.fastq.gz, outs=032024_COL_SAN_T5_154_PSTR_S38singletons.fq, repair]

Set INTERLEAVED to false
Started output stream.

Input:                  	37130820 reads 		4807005316 bases.
Result:                 	37130820 reads (100.00%) 	4807005316 bases (100.00%)
Pairs:                  	36270656 reads (97.68%) 	4691168270 bases (97.59%)
Singletons:             	860164 reads (2.32%) 	115837046 bases (2.41%)

Time:                         	39.811 seconds.
Reads Processed:      37130k 	932.67k reads/sec
Bases Processed:       4807m 	120.74m bases/sec
repair completed successfully for sample: 032024_COL_SAN_T5_154_PSTR_S38
java -ea -Xmx154418m -cp /home/nikea_ulrich_uml_edu/.conda/envs/assembly/opt/bbmap-39.01-1/current/ jgi.SplitPairsAndSingles rp in1=/work/pi_sarah_gignouxwolfsohn_uml_edu/nikea/COL/assembly/pstr/final_reads_filtered/032024_COL_SAN_T5_162_PSTR_S39_host_removed_R1.tagged_filter.fastq.gz in2=/work/pi_sarah_gignouxwolfsohn_uml_edu/nikea/COL/assembly/pstr/final_reads_filtered/032024_COL_SAN_T5_162_PSTR_S39_host_removed_R2.tagged_filter.fastq.gz out1=/work/pi_sarah_gignouxwolfsohn_uml_edu/nikea/COL/assembly/pstr/repaired/032024_COL_SAN_T5_162_PSTR_S39_host_removed_R1.tagged_filter_ready.fastq.gz out2=/work/pi_sarah_gignouxwolfsohn_uml_edu/nikea/COL/assembly/pstr/repaired/032024_COL_SAN_T5_162_PSTR_S39_host_removed_R2.tagged_filter_ready.fastq.gz outs=032024_COL_SAN_T5_162_PSTR_S39singletons.fq repair
Executing jgi.SplitPairsAndSingles [rp, in1=/work/pi_sarah_gignouxwolfsohn_uml_edu/nikea/COL/assembly/pstr/final_reads_filtered/032024_COL_SAN_T5_162_PSTR_S39_host_removed_R1.tagged_filter.fastq.gz, in2=/work/pi_sarah_gignouxwolfsohn_uml_edu/nikea/COL/assembly/pstr/final_reads_filtered/032024_COL_SAN_T5_162_PSTR_S39_host_removed_R2.tagged_filter.fastq.gz, out1=/work/pi_sarah_gignouxwolfsohn_uml_edu/nikea/COL/assembly/pstr/repaired/032024_COL_SAN_T5_162_PSTR_S39_host_removed_R1.tagged_filter_ready.fastq.gz, out2=/work/pi_sarah_gignouxwolfsohn_uml_edu/nikea/COL/assembly/pstr/repaired/032024_COL_SAN_T5_162_PSTR_S39_host_removed_R2.tagged_filter_ready.fastq.gz, outs=032024_COL_SAN_T5_162_PSTR_S39singletons.fq, repair]

Set INTERLEAVED to false
Started output stream.

Input:                  	55305602 reads 		7625349841 bases.
Result:                 	55305602 reads (100.00%) 	7625349841 bases (100.00%)
Pairs:                  	51825262 reads (93.71%) 	7136414238 bases (93.59%)
Singletons:             	3480340 reads (6.29%) 	488935603 bases (6.41%)

Time:                         	69.162 seconds.
Reads Processed:      55305k 	799.65k reads/sec
Bases Processed:       7625m 	110.25m bases/sec
repair completed successfully for sample: 032024_COL_SAN_T5_162_PSTR_S39
