Loading conda
2024-12-13 20:44:38 - MEGAHIT v1.2.9
2024-12-13 20:44:38 - Using megahit_core with POPCNT and BMI2 support
2024-12-13 20:44:38 - Convert reads to binary library
2024-12-13 20:46:28 - INFO  sequence/io/sequence_lib.cpp  :   75 - Lib 0 (/work/pi_sarah_gignouxwolfsohn_uml_edu/nikea/COL/assembly/ofav/ofav_reads_R1_ALL.fastq.gz,/work/pi_sarah_gignouxwolfsohn_uml_edu/nikea/COL/assembly/ofav/ofav_reads_R2_ALL.fastq.gz): pe, 110454078 reads, 151 max length
2024-12-13 20:46:28 - INFO  utils/utils.h                 :  152 - Real: 109.6646	user: 73.7498	sys: 14.5150	maxrss: 241896
2024-12-13 20:46:28 - k-max reset to: 127 
2024-12-13 20:46:28 - Start assembly. Number of CPU threads 128 
2024-12-13 20:46:28 - k list: 27,37,47,57,67,77,87,97,107,117,127 
2024-12-13 20:46:28 - Memory used: 973530678067
2024-12-13 20:46:28 - Extracting solid (k+1)-mers and building sdbg for k = 27
2024-12-13 20:53:23 - Assemble contigs from SdBG for k = 27
2024-12-13 21:27:34 - Local assembly for k = 27
2024-12-13 21:29:30 - Extract iterative edges from k = 27 to 37 
2024-12-13 21:46:59 - Build graph for k = 37 
2024-12-13 21:48:08 - Assemble contigs from SdBG for k = 37
2024-12-13 21:54:16 - Local assembly for k = 37
2024-12-13 22:00:33 - Extract iterative edges from k = 37 to 47 
2024-12-13 22:02:45 - Build graph for k = 47 
2024-12-13 22:03:16 - Assemble contigs from SdBG for k = 47
2024-12-13 22:06:20 - Local assembly for k = 47
2024-12-13 22:16:47 - Extract iterative edges from k = 47 to 57 
2024-12-13 22:18:11 - Build graph for k = 57 
2024-12-13 22:18:38 - Assemble contigs from SdBG for k = 57
2024-12-13 22:21:04 - Local assembly for k = 57
2024-12-13 22:35:38 - Extract iterative edges from k = 57 to 67 
2024-12-13 22:37:09 - Build graph for k = 67 
2024-12-13 22:37:36 - Assemble contigs from SdBG for k = 67
2024-12-13 22:40:25 - Local assembly for k = 67
2024-12-13 22:56:59 - Extract iterative edges from k = 67 to 77 
2024-12-13 22:59:16 - Build graph for k = 77 
2024-12-13 22:59:50 - Assemble contigs from SdBG for k = 77
2024-12-13 23:02:52 - Local assembly for k = 77
2024-12-13 23:20:37 - Extract iterative edges from k = 77 to 87 
2024-12-13 23:22:36 - Build graph for k = 87 
2024-12-13 23:23:13 - Assemble contigs from SdBG for k = 87
2024-12-13 23:26:26 - Local assembly for k = 87
2024-12-13 23:45:13 - Extract iterative edges from k = 87 to 97 
2024-12-13 23:47:05 - Build graph for k = 97 
2024-12-13 23:47:42 - Assemble contigs from SdBG for k = 97
2024-12-13 23:50:43 - Local assembly for k = 97
2024-12-14 00:09:39 - Extract iterative edges from k = 97 to 107 
2024-12-14 00:11:10 - Build graph for k = 107 
2024-12-14 00:11:48 - Assemble contigs from SdBG for k = 107
2024-12-14 00:14:46 - Local assembly for k = 107
2024-12-14 00:33:04 - Extract iterative edges from k = 107 to 117 
2024-12-14 00:34:19 - Build graph for k = 117 
2024-12-14 00:34:59 - Assemble contigs from SdBG for k = 117
2024-12-14 00:38:02 - Local assembly for k = 117
2024-12-14 00:56:02 - Extract iterative edges from k = 117 to 127 
2024-12-14 00:57:07 - Build graph for k = 127 
2024-12-14 00:57:49 - Assemble contigs from SdBG for k = 127
2024-12-14 01:00:39 - Merging to output final contigs 
2024-12-14 01:00:41 - 926997 contigs, total 413517386 bp, min 200 bp, max 46500 bp, avg 446 bp, N50 464 bp
2024-12-14 01:00:41 - ALL DONE. Time elapsed: 15363.601414 seconds 
Assembly completed!
