Loading conda
57141658 reads; of these:
  57141658 (100.00%) were paired; of these:
    19651727 (34.39%) aligned concordantly 0 times
    26796277 (46.89%) aligned concordantly exactly 1 time
    10693654 (18.71%) aligned concordantly >1 times
    ----
    19651727 pairs aligned concordantly 0 times; of these:
      849239 (4.32%) aligned discordantly 1 time
    ----
    18802488 pairs aligned 0 times concordantly or discordantly; of these:
      37604976 mates make up the pairs; of these:
        30473800 (81.04%) aligned 0 times
        3517542 (9.35%) aligned exactly 1 time
        3613634 (9.61%) aligned >1 times
73.33% overall alignment rate
[bam_sort_core] merging from 0 files and 2 in-memory blocks...
[M::bam2fq_mainloop] discarded 0 singletons
[M::bam2fq_mainloop] processed 25519274 reads
host removal completed successfully for sample: 032024_COL_SAN_T5_167_OFAV_S21
Host removal: All samples processed successfully.
