Loading conda
Settings:
  Output files: "/project/pi_sarah_gignouxwolfsohn_uml_edu/Reference_genomes/Cnat_genome/Cnat_DB.*.bt2"
  Line rate: 6 (line is 64 bytes)
  Lines per side: 1 (side is 64 bytes)
  Offset rate: 4 (one in 16)
  FTable chars: 10
  Strings: unpacked
  Max bucket size: default
  Max bucket size, sqrt multiplier: default
  Max bucket size, len divisor: 4
  Difference-cover sample period: 1024
  Endianness: little
  Actual local endianness: little
  Sanity checking: disabled
  Assertions: disabled
  Random seed: 0
  Sizeofs: void*:8, int:4, long:8, size_t:8
Input files DNA, FASTA:
  /project/pi_sarah_gignouxwolfsohn_uml_edu/Reference_genomes/Cnat_genome/Cnat_genomic.fna
Building a SMALL index
Reading reference sizes
  Time reading reference sizes: 00:00:12
Calculating joined length
Writing header
Reserving space for joined string
Joining reference sequences
  Time to join reference sequences: 00:00:01
bmax according to bmaxDivN setting: 99739953
Using parameters --bmax 74804965 --dcv 1024
  Doing ahead-of-time memory usage test
  Passed!  Constructing with these parameters: --bmax 74804965 --dcv 1024
Constructing suffix-array element generator
Building DifferenceCoverSample
  Building sPrime
  Building sPrimeOrder
  V-Sorting samples
  V-Sorting samples time: 00:00:05
  Allocating rank array
  Ranking v-sort output
  Ranking v-sort output time: 00:00:02
  Invoking Larsson-Sadakane on ranks
  Invoking Larsson-Sadakane on ranks time: 00:00:02
  Sanity-checking and returning
Building samples
Reserving space for 12 sample suffixes
Generating random suffixes
QSorting 12 sample offsets, eliminating duplicates
QSorting sample offsets, eliminating duplicates time: 00:00:00
Multikey QSorting 12 samples
  (Using difference cover)
  Multikey QSorting samples time: 00:00:00
Calculating bucket sizes
Splitting and merging
  Splitting and merging time: 00:00:00
Split 1, merged 8; iterating...
Splitting and merging
  Splitting and merging time: 00:00:00
Split 1, merged 0; iterating...
Splitting and merging
  Splitting and merging time: 00:00:00
Avg bucket size: 6.64933e+07 (target: 74804964)
Converting suffix-array elements to index image
Allocating ftab, absorbFtab
Entering Ebwt loop
Getting block 1 of 6
  Reserving size (74804965) for bucket 1
  Calculating Z arrays for bucket 1
  Entering block accumulator loop for bucket 1:
  bucket 1: 10%
  bucket 1: 20%
  bucket 1: 30%
  bucket 1: 40%
  bucket 1: 50%
  bucket 1: 60%
  bucket 1: 70%
  bucket 1: 80%
  bucket 1: 90%
  bucket 1: 100%
  Sorting block of length 68842460 for bucket 1
  (Using difference cover)
  Sorting block time: 00:00:18
Returning block of 68842461 for bucket 1
Getting block 2 of 6
  Reserving size (74804965) for bucket 2
  Calculating Z arrays for bucket 2
  Entering block accumulator loop for bucket 2:
  bucket 2: 10%
  bucket 2: 20%
  bucket 2: 30%
  bucket 2: 40%
  bucket 2: 50%
  bucket 2: 60%
  bucket 2: 70%
  bucket 2: 80%
  bucket 2: 90%
  bucket 2: 100%
  Sorting block of length 67650168 for bucket 2
  (Using difference cover)
  Sorting block time: 00:00:18
Returning block of 67650169 for bucket 2
Getting block 3 of 6
  Reserving size (74804965) for bucket 3
  Calculating Z arrays for bucket 3
  Entering block accumulator loop for bucket 3:
  bucket 3: 10%
  bucket 3: 20%
  bucket 3: 30%
  bucket 3: 40%
  bucket 3: 50%
  bucket 3: 60%
  bucket 3: 70%
  bucket 3: 80%
  bucket 3: 90%
  bucket 3: 100%
  Sorting block of length 62741904 for bucket 3
  (Using difference cover)
  Sorting block time: 00:00:17
Returning block of 62741905 for bucket 3
Getting block 4 of 6
  Reserving size (74804965) for bucket 4
  Calculating Z arrays for bucket 4
  Entering block accumulator loop for bucket 4:
  bucket 4: 10%
  bucket 4: 20%
  bucket 4: 30%
  bucket 4: 40%
  bucket 4: 50%
  bucket 4: 60%
  bucket 4: 70%
  bucket 4: 80%
  bucket 4: 90%
  bucket 4: 100%
  Sorting block of length 63993286 for bucket 4
  (Using difference cover)
  Sorting block time: 00:00:18
Returning block of 63993287 for bucket 4
Getting block 5 of 6
  Reserving size (74804965) for bucket 5
  Calculating Z arrays for bucket 5
  Entering block accumulator loop for bucket 5:
  bucket 5: 10%
  bucket 5: 20%
  bucket 5: 30%
  bucket 5: 40%
  bucket 5: 50%
  bucket 5: 60%
  bucket 5: 70%
  bucket 5: 80%
  bucket 5: 90%
  bucket 5: 100%
  Sorting block of length 71197819 for bucket 5
  (Using difference cover)
  Sorting block time: 00:00:19
Returning block of 71197820 for bucket 5
Getting block 6 of 6
  Reserving size (74804965) for bucket 6
  Calculating Z arrays for bucket 6
  Entering block accumulator loop for bucket 6:
  bucket 6: 10%
  bucket 6: 20%
  bucket 6: 30%
  bucket 6: 40%
  bucket 6: 50%
  bucket 6: 60%
  bucket 6: 70%
  bucket 6: 80%
  bucket 6: 90%
  bucket 6: 100%
  Sorting block of length 64534172 for bucket 6
  (Using difference cover)
  Sorting block time: 00:00:17
Returning block of 64534173 for bucket 6
Exited Ebwt loop
fchr[A]: 0
fchr[C]: 121904980
fchr[G]: 199456848
fchr[T]: 276989174
fchr[$]: 398959814
Exiting Ebwt::buildToDisk()
Returning from initFromVector
Wrote 137200230 bytes to primary EBWT file: /project/pi_sarah_gignouxwolfsohn_uml_edu/Reference_genomes/Cnat_genome/Cnat_DB.1.bt2.tmp
Wrote 99739960 bytes to secondary EBWT file: /project/pi_sarah_gignouxwolfsohn_uml_edu/Reference_genomes/Cnat_genome/Cnat_DB.2.bt2.tmp
Re-opening _in1 and _in2 as input streams
Returning from Ebwt constructor
Headers:
    len: 398959814
    bwtLen: 398959815
    sz: 99739954
    bwtSz: 99739954
    lineRate: 6
    offRate: 4
    offMask: 0xfffffff0
    ftabChars: 10
    eftabLen: 20
    eftabSz: 80
    ftabLen: 1048577
    ftabSz: 4194308
    offsLen: 24934989
    offsSz: 99739956
    lineSz: 64
    sideSz: 64
    sideBwtSz: 48
    sideBwtLen: 192
    numSides: 2077916
    numLines: 2077916
    ebwtTotLen: 132986624
    ebwtTotSz: 132986624
    color: 0
    reverse: 0
Total time for call to driver() for forward index: 00:03:44
Reading reference sizes
  Time reading reference sizes: 00:00:02
Calculating joined length
Writing header
Reserving space for joined string
Joining reference sequences
  Time to join reference sequences: 00:00:01
  Time to reverse reference sequence: 00:00:01
bmax according to bmaxDivN setting: 99739953
Using parameters --bmax 74804965 --dcv 1024
  Doing ahead-of-time memory usage test
  Passed!  Constructing with these parameters: --bmax 74804965 --dcv 1024
Constructing suffix-array element generator
Building DifferenceCoverSample
  Building sPrime
  Building sPrimeOrder
  V-Sorting samples
  V-Sorting samples time: 00:00:06
  Allocating rank array
  Ranking v-sort output
  Ranking v-sort output time: 00:00:01
  Invoking Larsson-Sadakane on ranks
  Invoking Larsson-Sadakane on ranks time: 00:00:03
  Sanity-checking and returning
Building samples
Reserving space for 12 sample suffixes
Generating random suffixes
QSorting 12 sample offsets, eliminating duplicates
QSorting sample offsets, eliminating duplicates time: 00:00:00
Multikey QSorting 12 samples
  (Using difference cover)
  Multikey QSorting samples time: 00:00:00
Calculating bucket sizes
Splitting and merging
  Splitting and merging time: 00:00:00
Split 1, merged 7; iterating...
Splitting and merging
  Splitting and merging time: 00:00:00
Split 1, merged 1; iterating...
Splitting and merging
  Splitting and merging time: 00:00:00
Avg bucket size: 5.69943e+07 (target: 74804964)
Converting suffix-array elements to index image
Allocating ftab, absorbFtab
Entering Ebwt loop
Getting block 1 of 7
  Reserving size (74804965) for bucket 1
  Calculating Z arrays for bucket 1
  Entering block accumulator loop for bucket 1:
  bucket 1: 10%
  bucket 1: 20%
  bucket 1: 30%
  bucket 1: 40%
  bucket 1: 50%
  bucket 1: 60%
  bucket 1: 70%
  bucket 1: 80%
  bucket 1: 90%
  bucket 1: 100%
  Sorting block of length 61500395 for bucket 1
  (Using difference cover)
  Sorting block time: 00:00:16
Returning block of 61500396 for bucket 1
Getting block 2 of 7
  Reserving size (74804965) for bucket 2
  Calculating Z arrays for bucket 2
  Entering block accumulator loop for bucket 2:
  bucket 2: 10%
  bucket 2: 20%
  bucket 2: 30%
  bucket 2: 40%
  bucket 2: 50%
  bucket 2: 60%
  bucket 2: 70%
  bucket 2: 80%
  bucket 2: 90%
  bucket 2: 100%
  Sorting block of length 62532635 for bucket 2
  (Using difference cover)
  Sorting block time: 00:00:17
Returning block of 62532636 for bucket 2
Getting block 3 of 7
  Reserving size (74804965) for bucket 3
  Calculating Z arrays for bucket 3
  Entering block accumulator loop for bucket 3:
  bucket 3: 10%
  bucket 3: 20%
  bucket 3: 30%
  bucket 3: 40%
  bucket 3: 50%
  bucket 3: 60%
  bucket 3: 70%
  bucket 3: 80%
  bucket 3: 90%
  bucket 3: 100%
  Sorting block of length 63901488 for bucket 3
  (Using difference cover)
  Sorting block time: 00:00:17
Returning block of 63901489 for bucket 3
Getting block 4 of 7
  Reserving size (74804965) for bucket 4
  Calculating Z arrays for bucket 4
  Entering block accumulator loop for bucket 4:
  bucket 4: 10%
  bucket 4: 20%
  bucket 4: 30%
  bucket 4: 40%
  bucket 4: 50%
  bucket 4: 60%
  bucket 4: 70%
  bucket 4: 80%
  bucket 4: 90%
  bucket 4: 100%
  Sorting block of length 49808023 for bucket 4
  (Using difference cover)
  Sorting block time: 00:00:13
Returning block of 49808024 for bucket 4
Getting block 5 of 7
  Reserving size (74804965) for bucket 5
  Calculating Z arrays for bucket 5
  Entering block accumulator loop for bucket 5:
  bucket 5: 10%
  bucket 5: 20%
  bucket 5: 30%
  bucket 5: 40%
  bucket 5: 50%
  bucket 5: 60%
  bucket 5: 70%
  bucket 5: 80%
  bucket 5: 90%
  bucket 5: 100%
  Sorting block of length 67243002 for bucket 5
  (Using difference cover)
  Sorting block time: 00:00:18
Returning block of 67243003 for bucket 5
Getting block 6 of 7
  Reserving size (74804965) for bucket 6
  Calculating Z arrays for bucket 6
  Entering block accumulator loop for bucket 6:
  bucket 6: 10%
  bucket 6: 20%
  bucket 6: 30%
  bucket 6: 40%
  bucket 6: 50%
  bucket 6: 60%
  bucket 6: 70%
  bucket 6: 80%
  bucket 6: 90%
  bucket 6: 100%
  Sorting block of length 30202869 for bucket 6
  (Using difference cover)
  Sorting block time: 00:00:08
Returning block of 30202870 for bucket 6
Getting block 7 of 7
  Reserving size (74804965) for bucket 7
  Calculating Z arrays for bucket 7
  Entering block accumulator loop for bucket 7:
  bucket 7: 10%
  bucket 7: 20%
  bucket 7: 30%
  bucket 7: 40%
  bucket 7: 50%
  bucket 7: 60%
  bucket 7: 70%
  bucket 7: 80%
  bucket 7: 90%
  bucket 7: 100%
  Sorting block of length 63771396 for bucket 7
  (Using difference cover)
  Sorting block time: 00:00:18
Returning block of 63771397 for bucket 7
Exited Ebwt loop
fchr[A]: 0
fchr[C]: 121904980
fchr[G]: 199456848
fchr[T]: 276989174
fchr[$]: 398959814
Exiting Ebwt::buildToDisk()
Returning from initFromVector
Wrote 137200230 bytes to primary EBWT file: /project/pi_sarah_gignouxwolfsohn_uml_edu/Reference_genomes/Cnat_genome/Cnat_DB.rev.1.bt2.tmp
Wrote 99739960 bytes to secondary EBWT file: /project/pi_sarah_gignouxwolfsohn_uml_edu/Reference_genomes/Cnat_genome/Cnat_DB.rev.2.bt2.tmp
Re-opening _in1 and _in2 as input streams
Returning from Ebwt constructor
Headers:
    len: 398959814
    bwtLen: 398959815
    sz: 99739954
    bwtSz: 99739954
    lineRate: 6
    offRate: 4
    offMask: 0xfffffff0
    ftabChars: 10
    eftabLen: 20
    eftabSz: 80
    ftabLen: 1048577
    ftabSz: 4194308
    offsLen: 24934989
    offsSz: 99739956
    lineSz: 64
    sideSz: 64
    sideBwtSz: 48
    sideBwtLen: 192
    numSides: 2077916
    numLines: 2077916
    ebwtTotLen: 132986624
    ebwtTotSz: 132986624
    color: 0
    reverse: 1
Total time for backward call to driver() for mirror index: 00:03:45
Renaming /project/pi_sarah_gignouxwolfsohn_uml_edu/Reference_genomes/Cnat_genome/Cnat_DB.3.bt2.tmp to /project/pi_sarah_gignouxwolfsohn_uml_edu/Reference_genomes/Cnat_genome/Cnat_DB.3.bt2
Renaming /project/pi_sarah_gignouxwolfsohn_uml_edu/Reference_genomes/Cnat_genome/Cnat_DB.4.bt2.tmp to /project/pi_sarah_gignouxwolfsohn_uml_edu/Reference_genomes/Cnat_genome/Cnat_DB.4.bt2
Renaming /project/pi_sarah_gignouxwolfsohn_uml_edu/Reference_genomes/Cnat_genome/Cnat_DB.1.bt2.tmp to /project/pi_sarah_gignouxwolfsohn_uml_edu/Reference_genomes/Cnat_genome/Cnat_DB.1.bt2
Renaming /project/pi_sarah_gignouxwolfsohn_uml_edu/Reference_genomes/Cnat_genome/Cnat_DB.2.bt2.tmp to /project/pi_sarah_gignouxwolfsohn_uml_edu/Reference_genomes/Cnat_genome/Cnat_DB.2.bt2
Renaming /project/pi_sarah_gignouxwolfsohn_uml_edu/Reference_genomes/Cnat_genome/Cnat_DB.rev.1.bt2.tmp to /project/pi_sarah_gignouxwolfsohn_uml_edu/Reference_genomes/Cnat_genome/Cnat_DB.rev.1.bt2
Renaming /project/pi_sarah_gignouxwolfsohn_uml_edu/Reference_genomes/Cnat_genome/Cnat_DB.rev.2.bt2.tmp to /project/pi_sarah_gignouxwolfsohn_uml_edu/Reference_genomes/Cnat_genome/Cnat_DB.rev.2.bt2
60356814 reads; of these:
  60356814 (100.00%) were paired; of these:
    34888443 (57.80%) aligned concordantly 0 times
    15141619 (25.09%) aligned concordantly exactly 1 time
    10326752 (17.11%) aligned concordantly >1 times
    ----
    34888443 pairs aligned concordantly 0 times; of these:
      424305 (1.22%) aligned discordantly 1 time
    ----
    34464138 pairs aligned 0 times concordantly or discordantly; of these:
      68928276 mates make up the pairs; of these:
        55810518 (80.97%) aligned 0 times
        7946657 (11.53%) aligned exactly 1 time
        5171101 (7.50%) aligned >1 times
53.77% overall alignment rate
[bam_sort_core] merging from 1 files and 2 in-memory blocks...
[M::bam2fq_mainloop] discarded 0 singletons
[M::bam2fq_mainloop] processed 44155242 reads
host removal completed successfully for sample: 032024_COL_SAN_T5_144_PSTR_S9
58629148 reads; of these:
  58629148 (100.00%) were paired; of these:
    30681270 (52.33%) aligned concordantly 0 times
    15862431 (27.06%) aligned concordantly exactly 1 time
    12085447 (20.61%) aligned concordantly >1 times
    ----
    30681270 pairs aligned concordantly 0 times; of these:
      139432 (0.45%) aligned discordantly 1 time
    ----
    30541838 pairs aligned 0 times concordantly or discordantly; of these:
      61083676 mates make up the pairs; of these:
        56354695 (92.26%) aligned 0 times
        2985336 (4.89%) aligned exactly 1 time
        1743645 (2.85%) aligned >1 times
51.94% overall alignment rate
[bam_sort_core] merging from 1 files and 2 in-memory blocks...
[M::bam2fq_mainloop] discarded 0 singletons
[M::bam2fq_mainloop] processed 51981634 reads
host removal completed successfully for sample: 032024_COL_SAN_T5_147_PSTR_S10
51109009 reads; of these:
  51109009 (100.00%) were paired; of these:
    29272830 (57.28%) aligned concordantly 0 times
    12809843 (25.06%) aligned concordantly exactly 1 time
    9026336 (17.66%) aligned concordantly >1 times
    ----
    29272830 pairs aligned concordantly 0 times; of these:
      307962 (1.05%) aligned discordantly 1 time
    ----
    28964868 pairs aligned 0 times concordantly or discordantly; of these:
      57929736 mates make up the pairs; of these:
        47032095 (81.19%) aligned 0 times
        6589530 (11.38%) aligned exactly 1 time
        4308111 (7.44%) aligned >1 times
53.99% overall alignment rate
[bam_sort_core] merging from 1 files and 2 in-memory blocks...
[M::bam2fq_mainloop] discarded 0 singletons
[M::bam2fq_mainloop] processed 37266408 reads
host removal completed successfully for sample: 032024_COL_SAN_T5_163_PSTR_S11
64298815 reads; of these:
  64298815 (100.00%) were paired; of these:
    40920522 (63.64%) aligned concordantly 0 times
    12783644 (19.88%) aligned concordantly exactly 1 time
    10594649 (16.48%) aligned concordantly >1 times
    ----
    40920522 pairs aligned concordantly 0 times; of these:
      88405 (0.22%) aligned discordantly 1 time
    ----
    40832117 pairs aligned 0 times concordantly or discordantly; of these:
      81664234 mates make up the pairs; of these:
        80343054 (98.38%) aligned 0 times
        828008 (1.01%) aligned exactly 1 time
        493172 (0.60%) aligned >1 times
37.52% overall alignment rate
[bam_sort_core] merging from 2 files and 2 in-memory blocks...
[M::bam2fq_mainloop] discarded 0 singletons
[M::bam2fq_mainloop] processed 79164466 reads
host removal completed successfully for sample: 032024_COL_SAN_T5_154_PSTR_S38
Host removal: All samples processed successfully.
