Removing conda
Loading conda
2024-12-12 21:21:49 - MEGAHIT v1.2.9
2024-12-12 21:21:49 - Using megahit_core with POPCNT and BMI2 support
2024-12-12 21:21:49 - Convert reads to binary library
2024-12-12 21:25:16 - INFO  sequence/io/sequence_lib.cpp  :   75 - Lib 0 (/work/pi_sarah_gignouxwolfsohn_uml_edu/nikea/COL/assembly/pstr/pstr_reads_R1_ALL.fastq.gz,/work/pi_sarah_gignouxwolfsohn_uml_edu/nikea/COL/assembly/pstr/pstr_reads_R2_ALL.fastq.gz): pe, 209054104 reads, 151 max length
2024-12-12 21:25:17 - INFO  utils/utils.h                 :  152 - Real: 208.5454	user: 136.9518	sys: 29.7448	maxrss: 248048
2024-12-12 21:25:17 - k-max reset to: 127 
2024-12-12 21:25:17 - Start assembly. Number of CPU threads 128 
2024-12-12 21:25:17 - k list: 27,37,47,57,67,77,87,97,107,117,127 
2024-12-12 21:25:17 - Memory used: 973576879718
2024-12-12 21:25:17 - Extracting solid (k+1)-mers and building sdbg for k = 27
2024-12-12 21:38:46 - Assemble contigs from SdBG for k = 27
2024-12-12 23:04:11 - Local assembly for k = 27
2024-12-12 23:11:54 - Extract iterative edges from k = 27 to 37 
2024-12-12 23:51:04 - Build graph for k = 37 
2024-12-12 23:54:03 - Assemble contigs from SdBG for k = 37
2024-12-13 00:14:33 - Local assembly for k = 37
2024-12-13 00:32:45 - Extract iterative edges from k = 37 to 47 
2024-12-13 00:40:20 - Build graph for k = 47 
2024-12-13 00:42:14 - Assemble contigs from SdBG for k = 47
2024-12-13 00:51:40 - Local assembly for k = 47
2024-12-13 01:14:20 - Extract iterative edges from k = 47 to 57 
2024-12-13 01:18:50 - Build graph for k = 57 
2024-12-13 01:20:00 - Assemble contigs from SdBG for k = 57
2024-12-13 01:25:31 - Local assembly for k = 57
2024-12-13 02:00:37 - Extract iterative edges from k = 57 to 67 
2024-12-13 02:04:01 - Build graph for k = 67 
2024-12-13 02:05:12 - Assemble contigs from SdBG for k = 67
2024-12-13 02:12:14 - Local assembly for k = 67
2024-12-13 02:47:25 - Extract iterative edges from k = 67 to 77 
2024-12-13 02:51:02 - Build graph for k = 77 
2024-12-13 02:52:00 - Assemble contigs from SdBG for k = 77
2024-12-13 02:58:31 - Local assembly for k = 77
2024-12-13 03:27:34 - Extract iterative edges from k = 77 to 87 
2024-12-13 03:31:36 - Build graph for k = 87 
2024-12-13 03:33:11 - Assemble contigs from SdBG for k = 87
2024-12-13 03:39:20 - Local assembly for k = 87
2024-12-13 04:07:17 - Extract iterative edges from k = 87 to 97 
2024-12-13 04:10:15 - Build graph for k = 97 
2024-12-13 04:11:29 - Assemble contigs from SdBG for k = 97
2024-12-13 04:17:05 - Local assembly for k = 97
2024-12-13 04:51:24 - Extract iterative edges from k = 97 to 107 
2024-12-13 04:53:42 - Build graph for k = 107 
2024-12-13 04:54:31 - Assemble contigs from SdBG for k = 107
2024-12-13 04:59:53 - Local assembly for k = 107
2024-12-13 05:25:39 - Extract iterative edges from k = 107 to 117 
2024-12-13 05:27:08 - Build graph for k = 117 
2024-12-13 05:28:21 - Assemble contigs from SdBG for k = 117
2024-12-13 05:33:50 - Local assembly for k = 117
2024-12-13 06:02:39 - Extract iterative edges from k = 117 to 127 
2024-12-13 06:03:54 - Build graph for k = 127 
2024-12-13 06:04:40 - Assemble contigs from SdBG for k = 127
2024-12-13 06:09:30 - Merging to output final contigs 
2024-12-13 06:09:33 - 983096 contigs, total 661137664 bp, min 200 bp, max 81493 bp, avg 672 bp, N50 841 bp
2024-12-13 06:09:33 - ALL DONE. Time elapsed: 31664.465608 seconds 
Assembly completed!
