Removing conda
Loading conda
java -ea -Xmx154418m -cp /home/nikea_ulrich_uml_edu/.conda/envs/assembly/opt/bbmap-39.01-1/current/ jgi.SplitPairsAndSingles rp in1=/work/pi_sarah_gignouxwolfsohn_uml_edu/nikea/COL/assembly/ofav/final_reads_filtered/032024_COL_SAN_T5_139_OFAV_S17_host_removed_R1.tagged_filter.fastq.gz in2=/work/pi_sarah_gignouxwolfsohn_uml_edu/nikea/COL/assembly/ofav/final_reads_filtered/032024_COL_SAN_T5_139_OFAV_S17_host_removed_R2.tagged_filter.fastq.gz out1=/work/pi_sarah_gignouxwolfsohn_uml_edu/nikea/COL/assembly/ofav/repaired/032024_COL_SAN_T5_139_OFAV_S17_host_removed_R1.tagged_filter_ready.fastq.gz out2=/work/pi_sarah_gignouxwolfsohn_uml_edu/nikea/COL/assembly/ofav/repaired/032024_COL_SAN_T5_139_OFAV_S17_host_removed_R2.tagged_filter_ready.fastq.gz outs=/work/pi_sarah_gignouxwolfsohn_uml_edu/nikea/COL/assembly/ofav/repaired/032024_COL_SAN_T5_139_OFAV_S17singletons.fq repair
Executing jgi.SplitPairsAndSingles [rp, in1=/work/pi_sarah_gignouxwolfsohn_uml_edu/nikea/COL/assembly/ofav/final_reads_filtered/032024_COL_SAN_T5_139_OFAV_S17_host_removed_R1.tagged_filter.fastq.gz, in2=/work/pi_sarah_gignouxwolfsohn_uml_edu/nikea/COL/assembly/ofav/final_reads_filtered/032024_COL_SAN_T5_139_OFAV_S17_host_removed_R2.tagged_filter.fastq.gz, out1=/work/pi_sarah_gignouxwolfsohn_uml_edu/nikea/COL/assembly/ofav/repaired/032024_COL_SAN_T5_139_OFAV_S17_host_removed_R1.tagged_filter_ready.fastq.gz, out2=/work/pi_sarah_gignouxwolfsohn_uml_edu/nikea/COL/assembly/ofav/repaired/032024_COL_SAN_T5_139_OFAV_S17_host_removed_R2.tagged_filter_ready.fastq.gz, outs=/work/pi_sarah_gignouxwolfsohn_uml_edu/nikea/COL/assembly/ofav/repaired/032024_COL_SAN_T5_139_OFAV_S17singletons.fq, repair]

Set INTERLEAVED to false
Started output stream.

Input:                  	22731758 reads 		3360215488 bases.
Result:                 	22731758 reads (100.00%) 	3360215488 bases (100.00%)
Pairs:                  	22388508 reads (98.49%) 	3309567710 bases (98.49%)
Singletons:             	343250 reads (1.51%) 	50647778 bases (1.51%)

Time:                         	24.460 seconds.
Reads Processed:      22731k 	929.35k reads/sec
Bases Processed:       3360m 	137.38m bases/sec
repair completed successfully for sample: 032024_COL_SAN_T5_139_OFAV_S17
java -ea -Xmx154418m -cp /home/nikea_ulrich_uml_edu/.conda/envs/assembly/opt/bbmap-39.01-1/current/ jgi.SplitPairsAndSingles rp in1=/work/pi_sarah_gignouxwolfsohn_uml_edu/nikea/COL/assembly/ofav/final_reads_filtered/032024_COL_SAN_T5_140_OFAV_S18_host_removed_R1.tagged_filter.fastq.gz in2=/work/pi_sarah_gignouxwolfsohn_uml_edu/nikea/COL/assembly/ofav/final_reads_filtered/032024_COL_SAN_T5_140_OFAV_S18_host_removed_R2.tagged_filter.fastq.gz out1=/work/pi_sarah_gignouxwolfsohn_uml_edu/nikea/COL/assembly/ofav/repaired/032024_COL_SAN_T5_140_OFAV_S18_host_removed_R1.tagged_filter_ready.fastq.gz out2=/work/pi_sarah_gignouxwolfsohn_uml_edu/nikea/COL/assembly/ofav/repaired/032024_COL_SAN_T5_140_OFAV_S18_host_removed_R2.tagged_filter_ready.fastq.gz outs=/work/pi_sarah_gignouxwolfsohn_uml_edu/nikea/COL/assembly/ofav/repaired/032024_COL_SAN_T5_140_OFAV_S18singletons.fq repair
Executing jgi.SplitPairsAndSingles [rp, in1=/work/pi_sarah_gignouxwolfsohn_uml_edu/nikea/COL/assembly/ofav/final_reads_filtered/032024_COL_SAN_T5_140_OFAV_S18_host_removed_R1.tagged_filter.fastq.gz, in2=/work/pi_sarah_gignouxwolfsohn_uml_edu/nikea/COL/assembly/ofav/final_reads_filtered/032024_COL_SAN_T5_140_OFAV_S18_host_removed_R2.tagged_filter.fastq.gz, out1=/work/pi_sarah_gignouxwolfsohn_uml_edu/nikea/COL/assembly/ofav/repaired/032024_COL_SAN_T5_140_OFAV_S18_host_removed_R1.tagged_filter_ready.fastq.gz, out2=/work/pi_sarah_gignouxwolfsohn_uml_edu/nikea/COL/assembly/ofav/repaired/032024_COL_SAN_T5_140_OFAV_S18_host_removed_R2.tagged_filter_ready.fastq.gz, outs=/work/pi_sarah_gignouxwolfsohn_uml_edu/nikea/COL/assembly/ofav/repaired/032024_COL_SAN_T5_140_OFAV_S18singletons.fq, repair]

Set INTERLEAVED to false
Started output stream.

Input:                  	22107214 reads 		3267820476 bases.
Result:                 	22107214 reads (100.00%) 	3267820476 bases (100.00%)
Pairs:                  	21786486 reads (98.55%) 	3220609422 bases (98.56%)
Singletons:             	320728 reads (1.45%) 	47211054 bases (1.44%)

Time:                         	17.379 seconds.
Reads Processed:      22107k 	1272.09k reads/sec
Bases Processed:       3267m 	188.04m bases/sec
repair completed successfully for sample: 032024_COL_SAN_T5_140_OFAV_S18
java -ea -Xmx154418m -cp /home/nikea_ulrich_uml_edu/.conda/envs/assembly/opt/bbmap-39.01-1/current/ jgi.SplitPairsAndSingles rp in1=/work/pi_sarah_gignouxwolfsohn_uml_edu/nikea/COL/assembly/ofav/final_reads_filtered/032024_COL_SAN_T5_141_OFAV_S19_host_removed_R1.tagged_filter.fastq.gz in2=/work/pi_sarah_gignouxwolfsohn_uml_edu/nikea/COL/assembly/ofav/final_reads_filtered/032024_COL_SAN_T5_141_OFAV_S19_host_removed_R2.tagged_filter.fastq.gz out1=/work/pi_sarah_gignouxwolfsohn_uml_edu/nikea/COL/assembly/ofav/repaired/032024_COL_SAN_T5_141_OFAV_S19_host_removed_R1.tagged_filter_ready.fastq.gz out2=/work/pi_sarah_gignouxwolfsohn_uml_edu/nikea/COL/assembly/ofav/repaired/032024_COL_SAN_T5_141_OFAV_S19_host_removed_R2.tagged_filter_ready.fastq.gz outs=/work/pi_sarah_gignouxwolfsohn_uml_edu/nikea/COL/assembly/ofav/repaired/032024_COL_SAN_T5_141_OFAV_S19singletons.fq repair
Executing jgi.SplitPairsAndSingles [rp, in1=/work/pi_sarah_gignouxwolfsohn_uml_edu/nikea/COL/assembly/ofav/final_reads_filtered/032024_COL_SAN_T5_141_OFAV_S19_host_removed_R1.tagged_filter.fastq.gz, in2=/work/pi_sarah_gignouxwolfsohn_uml_edu/nikea/COL/assembly/ofav/final_reads_filtered/032024_COL_SAN_T5_141_OFAV_S19_host_removed_R2.tagged_filter.fastq.gz, out1=/work/pi_sarah_gignouxwolfsohn_uml_edu/nikea/COL/assembly/ofav/repaired/032024_COL_SAN_T5_141_OFAV_S19_host_removed_R1.tagged_filter_ready.fastq.gz, out2=/work/pi_sarah_gignouxwolfsohn_uml_edu/nikea/COL/assembly/ofav/repaired/032024_COL_SAN_T5_141_OFAV_S19_host_removed_R2.tagged_filter_ready.fastq.gz, outs=/work/pi_sarah_gignouxwolfsohn_uml_edu/nikea/COL/assembly/ofav/repaired/032024_COL_SAN_T5_141_OFAV_S19singletons.fq, repair]

Set INTERLEAVED to false
Started output stream.

Input:                  	19457665 reads 		2871390444 bases.
Result:                 	19457665 reads (100.00%) 	2871390444 bases (100.00%)
Pairs:                  	19110084 reads (98.21%) 	2820567426 bases (98.23%)
Singletons:             	347581 reads (1.79%) 	50823018 bases (1.77%)

Time:                         	17.674 seconds.
Reads Processed:      19457k 	1100.95k reads/sec
Bases Processed:       2871m 	162.47m bases/sec
repair completed successfully for sample: 032024_COL_SAN_T5_141_OFAV_S19
java -ea -Xmx154418m -cp /home/nikea_ulrich_uml_edu/.conda/envs/assembly/opt/bbmap-39.01-1/current/ jgi.SplitPairsAndSingles rp in1=/work/pi_sarah_gignouxwolfsohn_uml_edu/nikea/COL/assembly/ofav/final_reads_filtered/032024_COL_SAN_T5_166_OFAV_S20_host_removed_R1.tagged_filter.fastq.gz in2=/work/pi_sarah_gignouxwolfsohn_uml_edu/nikea/COL/assembly/ofav/final_reads_filtered/032024_COL_SAN_T5_166_OFAV_S20_host_removed_R2.tagged_filter.fastq.gz out1=/work/pi_sarah_gignouxwolfsohn_uml_edu/nikea/COL/assembly/ofav/repaired/032024_COL_SAN_T5_166_OFAV_S20_host_removed_R1.tagged_filter_ready.fastq.gz out2=/work/pi_sarah_gignouxwolfsohn_uml_edu/nikea/COL/assembly/ofav/repaired/032024_COL_SAN_T5_166_OFAV_S20_host_removed_R2.tagged_filter_ready.fastq.gz outs=/work/pi_sarah_gignouxwolfsohn_uml_edu/nikea/COL/assembly/ofav/repaired/032024_COL_SAN_T5_166_OFAV_S20singletons.fq repair
Executing jgi.SplitPairsAndSingles [rp, in1=/work/pi_sarah_gignouxwolfsohn_uml_edu/nikea/COL/assembly/ofav/final_reads_filtered/032024_COL_SAN_T5_166_OFAV_S20_host_removed_R1.tagged_filter.fastq.gz, in2=/work/pi_sarah_gignouxwolfsohn_uml_edu/nikea/COL/assembly/ofav/final_reads_filtered/032024_COL_SAN_T5_166_OFAV_S20_host_removed_R2.tagged_filter.fastq.gz, out1=/work/pi_sarah_gignouxwolfsohn_uml_edu/nikea/COL/assembly/ofav/repaired/032024_COL_SAN_T5_166_OFAV_S20_host_removed_R1.tagged_filter_ready.fastq.gz, out2=/work/pi_sarah_gignouxwolfsohn_uml_edu/nikea/COL/assembly/ofav/repaired/032024_COL_SAN_T5_166_OFAV_S20_host_removed_R2.tagged_filter_ready.fastq.gz, outs=/work/pi_sarah_gignouxwolfsohn_uml_edu/nikea/COL/assembly/ofav/repaired/032024_COL_SAN_T5_166_OFAV_S20singletons.fq, repair]

Set INTERLEAVED to false
Started output stream.

Input:                  	25017177 reads 		3693581771 bases.
Result:                 	25017177 reads (100.00%) 	3693581771 bases (100.00%)
Pairs:                  	24616892 reads (98.40%) 	3635287813 bases (98.42%)
Singletons:             	400285 reads (1.60%) 	58293958 bases (1.58%)

Time:                         	27.153 seconds.
Reads Processed:      25017k 	921.33k reads/sec
Bases Processed:       3693m 	136.03m bases/sec
repair completed successfully for sample: 032024_COL_SAN_T5_166_OFAV_S20
java -ea -Xmx154418m -cp /home/nikea_ulrich_uml_edu/.conda/envs/assembly/opt/bbmap-39.01-1/current/ jgi.SplitPairsAndSingles rp in1=/work/pi_sarah_gignouxwolfsohn_uml_edu/nikea/COL/assembly/ofav/final_reads_filtered/032024_COL_SAN_T5_167_OFAV_S21_host_removed_R1.tagged_filter.fastq.gz in2=/work/pi_sarah_gignouxwolfsohn_uml_edu/nikea/COL/assembly/ofav/final_reads_filtered/032024_COL_SAN_T5_167_OFAV_S21_host_removed_R2.tagged_filter.fastq.gz out1=/work/pi_sarah_gignouxwolfsohn_uml_edu/nikea/COL/assembly/ofav/repaired/032024_COL_SAN_T5_167_OFAV_S21_host_removed_R1.tagged_filter_ready.fastq.gz out2=/work/pi_sarah_gignouxwolfsohn_uml_edu/nikea/COL/assembly/ofav/repaired/032024_COL_SAN_T5_167_OFAV_S21_host_removed_R2.tagged_filter_ready.fastq.gz outs=/work/pi_sarah_gignouxwolfsohn_uml_edu/nikea/COL/assembly/ofav/repaired/032024_COL_SAN_T5_167_OFAV_S21singletons.fq repair
Executing jgi.SplitPairsAndSingles [rp, in1=/work/pi_sarah_gignouxwolfsohn_uml_edu/nikea/COL/assembly/ofav/final_reads_filtered/032024_COL_SAN_T5_167_OFAV_S21_host_removed_R1.tagged_filter.fastq.gz, in2=/work/pi_sarah_gignouxwolfsohn_uml_edu/nikea/COL/assembly/ofav/final_reads_filtered/032024_COL_SAN_T5_167_OFAV_S21_host_removed_R2.tagged_filter.fastq.gz, out1=/work/pi_sarah_gignouxwolfsohn_uml_edu/nikea/COL/assembly/ofav/repaired/032024_COL_SAN_T5_167_OFAV_S21_host_removed_R1.tagged_filter_ready.fastq.gz, out2=/work/pi_sarah_gignouxwolfsohn_uml_edu/nikea/COL/assembly/ofav/repaired/032024_COL_SAN_T5_167_OFAV_S21_host_removed_R2.tagged_filter_ready.fastq.gz, outs=/work/pi_sarah_gignouxwolfsohn_uml_edu/nikea/COL/assembly/ofav/repaired/032024_COL_SAN_T5_167_OFAV_S21singletons.fq, repair]

Set INTERLEAVED to false
Started output stream.

Input:                  	22881573 reads 		3379150394 bases.
Result:                 	22881573 reads (100.00%) 	3379150394 bases (100.00%)
Pairs:                  	22552108 reads (98.56%) 	3330775881 bases (98.57%)
Singletons:             	329465 reads (1.44%) 	48374513 bases (1.43%)

Time:                         	32.583 seconds.
Reads Processed:      22881k 	702.26k reads/sec
Bases Processed:       3379m 	103.71m bases/sec
repair completed successfully for sample: 032024_COL_SAN_T5_167_OFAV_S21
