Loading conda
Using fastq_screen v0.16.0
Reading configuration from '/home/nikea_ulrich_uml_edu/.conda/envs/assembly/share/fastq-screen-0.16.0-0/fastq_screen.conf'
Using '/home/nikea_ulrich_uml_edu/.conda/envs/assembly/bin/bowtie2' as Bowtie 2 path
Adding database Human
Adding database Symbiont1
Adding database Symbiont2
Adding database Symbiont3
Adding database Symbiont4
Adding database Symbiont5
Adding database Symbiont6
Adding database Symbiont7
Adding database Symbiont8
Adding database Symbiont9
Adding database Symbiont10
Adding database Symbiont11
Using 12 threads for searches
Option --nohits specified, setting --tag and --filter 000000000000
Option --subset set to 0: processing all reads in FASTQ files
Processing 032024_COL_SAN_T5_139_OFAV_S17_host_removed_R1.fastq.gz
Not making data subset
Searching 032024_COL_SAN_T5_139_OFAV_S17_host_removed_R1.fastq.gz_temp_subset.fastq against Human
Searching 032024_COL_SAN_T5_139_OFAV_S17_host_removed_R1.fastq.gz_temp_subset.fastq against Symbiont1
Searching 032024_COL_SAN_T5_139_OFAV_S17_host_removed_R1.fastq.gz_temp_subset.fastq against Symbiont2
Searching 032024_COL_SAN_T5_139_OFAV_S17_host_removed_R1.fastq.gz_temp_subset.fastq against Symbiont3
Searching 032024_COL_SAN_T5_139_OFAV_S17_host_removed_R1.fastq.gz_temp_subset.fastq against Symbiont4
Searching 032024_COL_SAN_T5_139_OFAV_S17_host_removed_R1.fastq.gz_temp_subset.fastq against Symbiont5
Searching 032024_COL_SAN_T5_139_OFAV_S17_host_removed_R1.fastq.gz_temp_subset.fastq against Symbiont6
Searching 032024_COL_SAN_T5_139_OFAV_S17_host_removed_R1.fastq.gz_temp_subset.fastq against Symbiont7
Searching 032024_COL_SAN_T5_139_OFAV_S17_host_removed_R1.fastq.gz_temp_subset.fastq against Symbiont8
Searching 032024_COL_SAN_T5_139_OFAV_S17_host_removed_R1.fastq.gz_temp_subset.fastq against Symbiont9
Searching 032024_COL_SAN_T5_139_OFAV_S17_host_removed_R1.fastq.gz_temp_subset.fastq against Symbiont10
Searching 032024_COL_SAN_T5_139_OFAV_S17_host_removed_R1.fastq.gz_temp_subset.fastq against Symbiont11
Filtering 032024_COL_SAN_T5_139_OFAV_S17_host_removed_R1.tagged.fastq.gz
Filtering files with filter '000000000000'
Filtering 032024_COL_SAN_T5_139_OFAV_S17_host_removed_R1.tagged.fastq.gz
Perl module GD::Graph::bars not installed, skipping charts
Processing 032024_COL_SAN_T5_139_OFAV_S17_host_removed_R2.fastq.gz
Not making data subset
Searching 032024_COL_SAN_T5_139_OFAV_S17_host_removed_R2.fastq.gz_temp_subset.fastq against Human
Searching 032024_COL_SAN_T5_139_OFAV_S17_host_removed_R2.fastq.gz_temp_subset.fastq against Symbiont1
Searching 032024_COL_SAN_T5_139_OFAV_S17_host_removed_R2.fastq.gz_temp_subset.fastq against Symbiont2
Searching 032024_COL_SAN_T5_139_OFAV_S17_host_removed_R2.fastq.gz_temp_subset.fastq against Symbiont3
Searching 032024_COL_SAN_T5_139_OFAV_S17_host_removed_R2.fastq.gz_temp_subset.fastq against Symbiont4
Searching 032024_COL_SAN_T5_139_OFAV_S17_host_removed_R2.fastq.gz_temp_subset.fastq against Symbiont5
Searching 032024_COL_SAN_T5_139_OFAV_S17_host_removed_R2.fastq.gz_temp_subset.fastq against Symbiont6
Searching 032024_COL_SAN_T5_139_OFAV_S17_host_removed_R2.fastq.gz_temp_subset.fastq against Symbiont7
Searching 032024_COL_SAN_T5_139_OFAV_S17_host_removed_R2.fastq.gz_temp_subset.fastq against Symbiont8
Searching 032024_COL_SAN_T5_139_OFAV_S17_host_removed_R2.fastq.gz_temp_subset.fastq against Symbiont9
Searching 032024_COL_SAN_T5_139_OFAV_S17_host_removed_R2.fastq.gz_temp_subset.fastq against Symbiont10
Searching 032024_COL_SAN_T5_139_OFAV_S17_host_removed_R2.fastq.gz_temp_subset.fastq against Symbiont11
Filtering 032024_COL_SAN_T5_139_OFAV_S17_host_removed_R2.tagged.fastq.gz
Filtering files with filter '000000000000'
Filtering 032024_COL_SAN_T5_139_OFAV_S17_host_removed_R2.tagged.fastq.gz
Perl module GD::Graph::bars not installed, skipping charts
Processing complete
fastq_screen completed successfully for sample: 032024_COL_SAN_T5_139_OFAV_S17
Using fastq_screen v0.16.0
Reading configuration from '/home/nikea_ulrich_uml_edu/.conda/envs/assembly/share/fastq-screen-0.16.0-0/fastq_screen.conf'
Using '/home/nikea_ulrich_uml_edu/.conda/envs/assembly/bin/bowtie2' as Bowtie 2 path
Adding database Human
Adding database Symbiont1
Adding database Symbiont2
Adding database Symbiont3
Adding database Symbiont4
Adding database Symbiont5
Adding database Symbiont6
Adding database Symbiont7
Adding database Symbiont8
Adding database Symbiont9
Adding database Symbiont10
Adding database Symbiont11
Using 12 threads for searches
Option --nohits specified, setting --tag and --filter 000000000000
Option --subset set to 0: processing all reads in FASTQ files
Processing 032024_COL_SAN_T5_140_OFAV_S18_host_removed_R2.fastq.gz
Not making data subset
Searching 032024_COL_SAN_T5_140_OFAV_S18_host_removed_R2.fastq.gz_temp_subset.fastq against Human
Searching 032024_COL_SAN_T5_140_OFAV_S18_host_removed_R2.fastq.gz_temp_subset.fastq against Symbiont1
Searching 032024_COL_SAN_T5_140_OFAV_S18_host_removed_R2.fastq.gz_temp_subset.fastq against Symbiont2
Searching 032024_COL_SAN_T5_140_OFAV_S18_host_removed_R2.fastq.gz_temp_subset.fastq against Symbiont3
Searching 032024_COL_SAN_T5_140_OFAV_S18_host_removed_R2.fastq.gz_temp_subset.fastq against Symbiont4
Searching 032024_COL_SAN_T5_140_OFAV_S18_host_removed_R2.fastq.gz_temp_subset.fastq against Symbiont5
Searching 032024_COL_SAN_T5_140_OFAV_S18_host_removed_R2.fastq.gz_temp_subset.fastq against Symbiont6
Searching 032024_COL_SAN_T5_140_OFAV_S18_host_removed_R2.fastq.gz_temp_subset.fastq against Symbiont7
Searching 032024_COL_SAN_T5_140_OFAV_S18_host_removed_R2.fastq.gz_temp_subset.fastq against Symbiont8
Searching 032024_COL_SAN_T5_140_OFAV_S18_host_removed_R2.fastq.gz_temp_subset.fastq against Symbiont9
Searching 032024_COL_SAN_T5_140_OFAV_S18_host_removed_R2.fastq.gz_temp_subset.fastq against Symbiont10
Searching 032024_COL_SAN_T5_140_OFAV_S18_host_removed_R2.fastq.gz_temp_subset.fastq against Symbiont11
Filtering 032024_COL_SAN_T5_140_OFAV_S18_host_removed_R2.tagged.fastq.gz
Filtering files with filter '000000000000'
Filtering 032024_COL_SAN_T5_140_OFAV_S18_host_removed_R2.tagged.fastq.gz
Perl module GD::Graph::bars not installed, skipping charts
Processing 032024_COL_SAN_T5_140_OFAV_S18_host_removed_R1.fastq.gz
Not making data subset
Searching 032024_COL_SAN_T5_140_OFAV_S18_host_removed_R1.fastq.gz_temp_subset.fastq against Human
Searching 032024_COL_SAN_T5_140_OFAV_S18_host_removed_R1.fastq.gz_temp_subset.fastq against Symbiont1
Searching 032024_COL_SAN_T5_140_OFAV_S18_host_removed_R1.fastq.gz_temp_subset.fastq against Symbiont2
Searching 032024_COL_SAN_T5_140_OFAV_S18_host_removed_R1.fastq.gz_temp_subset.fastq against Symbiont3
Searching 032024_COL_SAN_T5_140_OFAV_S18_host_removed_R1.fastq.gz_temp_subset.fastq against Symbiont4
Searching 032024_COL_SAN_T5_140_OFAV_S18_host_removed_R1.fastq.gz_temp_subset.fastq against Symbiont5
Searching 032024_COL_SAN_T5_140_OFAV_S18_host_removed_R1.fastq.gz_temp_subset.fastq against Symbiont6
Searching 032024_COL_SAN_T5_140_OFAV_S18_host_removed_R1.fastq.gz_temp_subset.fastq against Symbiont7
Searching 032024_COL_SAN_T5_140_OFAV_S18_host_removed_R1.fastq.gz_temp_subset.fastq against Symbiont8
Searching 032024_COL_SAN_T5_140_OFAV_S18_host_removed_R1.fastq.gz_temp_subset.fastq against Symbiont9
Searching 032024_COL_SAN_T5_140_OFAV_S18_host_removed_R1.fastq.gz_temp_subset.fastq against Symbiont10
Searching 032024_COL_SAN_T5_140_OFAV_S18_host_removed_R1.fastq.gz_temp_subset.fastq against Symbiont11
Filtering 032024_COL_SAN_T5_140_OFAV_S18_host_removed_R1.tagged.fastq.gz
Filtering files with filter '000000000000'
Filtering 032024_COL_SAN_T5_140_OFAV_S18_host_removed_R1.tagged.fastq.gz
Perl module GD::Graph::bars not installed, skipping charts
Processing complete
fastq_screen completed successfully for sample: 032024_COL_SAN_T5_140_OFAV_S18
Using fastq_screen v0.16.0
Reading configuration from '/home/nikea_ulrich_uml_edu/.conda/envs/assembly/share/fastq-screen-0.16.0-0/fastq_screen.conf'
Using '/home/nikea_ulrich_uml_edu/.conda/envs/assembly/bin/bowtie2' as Bowtie 2 path
Adding database Human
Adding database Symbiont1
Adding database Symbiont2
Adding database Symbiont3
Adding database Symbiont4
Adding database Symbiont5
Adding database Symbiont6
Adding database Symbiont7
Adding database Symbiont8
Adding database Symbiont9
Adding database Symbiont10
Adding database Symbiont11
Using 12 threads for searches
Option --nohits specified, setting --tag and --filter 000000000000
Option --subset set to 0: processing all reads in FASTQ files
Processing 032024_COL_SAN_T5_141_OFAV_S19_host_removed_R2.fastq.gz
Not making data subset
Searching 032024_COL_SAN_T5_141_OFAV_S19_host_removed_R2.fastq.gz_temp_subset.fastq against Human
Searching 032024_COL_SAN_T5_141_OFAV_S19_host_removed_R2.fastq.gz_temp_subset.fastq against Symbiont1
Searching 032024_COL_SAN_T5_141_OFAV_S19_host_removed_R2.fastq.gz_temp_subset.fastq against Symbiont2
Searching 032024_COL_SAN_T5_141_OFAV_S19_host_removed_R2.fastq.gz_temp_subset.fastq against Symbiont3
Searching 032024_COL_SAN_T5_141_OFAV_S19_host_removed_R2.fastq.gz_temp_subset.fastq against Symbiont4
Searching 032024_COL_SAN_T5_141_OFAV_S19_host_removed_R2.fastq.gz_temp_subset.fastq against Symbiont5
Searching 032024_COL_SAN_T5_141_OFAV_S19_host_removed_R2.fastq.gz_temp_subset.fastq against Symbiont6
Searching 032024_COL_SAN_T5_141_OFAV_S19_host_removed_R2.fastq.gz_temp_subset.fastq against Symbiont7
Searching 032024_COL_SAN_T5_141_OFAV_S19_host_removed_R2.fastq.gz_temp_subset.fastq against Symbiont8
Searching 032024_COL_SAN_T5_141_OFAV_S19_host_removed_R2.fastq.gz_temp_subset.fastq against Symbiont9
Searching 032024_COL_SAN_T5_141_OFAV_S19_host_removed_R2.fastq.gz_temp_subset.fastq against Symbiont10
Searching 032024_COL_SAN_T5_141_OFAV_S19_host_removed_R2.fastq.gz_temp_subset.fastq against Symbiont11
Filtering 032024_COL_SAN_T5_141_OFAV_S19_host_removed_R2.tagged.fastq.gz
Filtering files with filter '000000000000'
Filtering 032024_COL_SAN_T5_141_OFAV_S19_host_removed_R2.tagged.fastq.gz
Perl module GD::Graph::bars not installed, skipping charts
Processing 032024_COL_SAN_T5_141_OFAV_S19_host_removed_R1.fastq.gz
Not making data subset
Searching 032024_COL_SAN_T5_141_OFAV_S19_host_removed_R1.fastq.gz_temp_subset.fastq against Human
Searching 032024_COL_SAN_T5_141_OFAV_S19_host_removed_R1.fastq.gz_temp_subset.fastq against Symbiont1
Searching 032024_COL_SAN_T5_141_OFAV_S19_host_removed_R1.fastq.gz_temp_subset.fastq against Symbiont2
Searching 032024_COL_SAN_T5_141_OFAV_S19_host_removed_R1.fastq.gz_temp_subset.fastq against Symbiont3
Searching 032024_COL_SAN_T5_141_OFAV_S19_host_removed_R1.fastq.gz_temp_subset.fastq against Symbiont4
Searching 032024_COL_SAN_T5_141_OFAV_S19_host_removed_R1.fastq.gz_temp_subset.fastq against Symbiont5
Searching 032024_COL_SAN_T5_141_OFAV_S19_host_removed_R1.fastq.gz_temp_subset.fastq against Symbiont6
Searching 032024_COL_SAN_T5_141_OFAV_S19_host_removed_R1.fastq.gz_temp_subset.fastq against Symbiont7
Searching 032024_COL_SAN_T5_141_OFAV_S19_host_removed_R1.fastq.gz_temp_subset.fastq against Symbiont8
Searching 032024_COL_SAN_T5_141_OFAV_S19_host_removed_R1.fastq.gz_temp_subset.fastq against Symbiont9
Searching 032024_COL_SAN_T5_141_OFAV_S19_host_removed_R1.fastq.gz_temp_subset.fastq against Symbiont10
Searching 032024_COL_SAN_T5_141_OFAV_S19_host_removed_R1.fastq.gz_temp_subset.fastq against Symbiont11
Filtering 032024_COL_SAN_T5_141_OFAV_S19_host_removed_R1.tagged.fastq.gz
Filtering files with filter '000000000000'
Filtering 032024_COL_SAN_T5_141_OFAV_S19_host_removed_R1.tagged.fastq.gz
Perl module GD::Graph::bars not installed, skipping charts
Processing complete
fastq_screen completed successfully for sample: 032024_COL_SAN_T5_141_OFAV_S19
Using fastq_screen v0.16.0
Reading configuration from '/home/nikea_ulrich_uml_edu/.conda/envs/assembly/share/fastq-screen-0.16.0-0/fastq_screen.conf'
Using '/home/nikea_ulrich_uml_edu/.conda/envs/assembly/bin/bowtie2' as Bowtie 2 path
Adding database Human
Adding database Symbiont1
Adding database Symbiont2
Adding database Symbiont3
Adding database Symbiont4
Adding database Symbiont5
Adding database Symbiont6
Adding database Symbiont7
Adding database Symbiont8
Adding database Symbiont9
Adding database Symbiont10
Adding database Symbiont11
Using 12 threads for searches
Option --nohits specified, setting --tag and --filter 000000000000
Option --subset set to 0: processing all reads in FASTQ files
Processing 032024_COL_SAN_T5_166_OFAV_S20_host_removed_R2.fastq.gz
Not making data subset
Searching 032024_COL_SAN_T5_166_OFAV_S20_host_removed_R2.fastq.gz_temp_subset.fastq against Human
Searching 032024_COL_SAN_T5_166_OFAV_S20_host_removed_R2.fastq.gz_temp_subset.fastq against Symbiont1
Searching 032024_COL_SAN_T5_166_OFAV_S20_host_removed_R2.fastq.gz_temp_subset.fastq against Symbiont2
Searching 032024_COL_SAN_T5_166_OFAV_S20_host_removed_R2.fastq.gz_temp_subset.fastq against Symbiont3
Searching 032024_COL_SAN_T5_166_OFAV_S20_host_removed_R2.fastq.gz_temp_subset.fastq against Symbiont4
Searching 032024_COL_SAN_T5_166_OFAV_S20_host_removed_R2.fastq.gz_temp_subset.fastq against Symbiont5
Searching 032024_COL_SAN_T5_166_OFAV_S20_host_removed_R2.fastq.gz_temp_subset.fastq against Symbiont6
Searching 032024_COL_SAN_T5_166_OFAV_S20_host_removed_R2.fastq.gz_temp_subset.fastq against Symbiont7
Searching 032024_COL_SAN_T5_166_OFAV_S20_host_removed_R2.fastq.gz_temp_subset.fastq against Symbiont8
Searching 032024_COL_SAN_T5_166_OFAV_S20_host_removed_R2.fastq.gz_temp_subset.fastq against Symbiont9
Searching 032024_COL_SAN_T5_166_OFAV_S20_host_removed_R2.fastq.gz_temp_subset.fastq against Symbiont10
Searching 032024_COL_SAN_T5_166_OFAV_S20_host_removed_R2.fastq.gz_temp_subset.fastq against Symbiont11
Filtering 032024_COL_SAN_T5_166_OFAV_S20_host_removed_R2.tagged.fastq.gz
Filtering files with filter '000000000000'
Filtering 032024_COL_SAN_T5_166_OFAV_S20_host_removed_R2.tagged.fastq.gz
Perl module GD::Graph::bars not installed, skipping charts
Processing 032024_COL_SAN_T5_166_OFAV_S20_host_removed_R1.fastq.gz
Not making data subset
Searching 032024_COL_SAN_T5_166_OFAV_S20_host_removed_R1.fastq.gz_temp_subset.fastq against Human
Searching 032024_COL_SAN_T5_166_OFAV_S20_host_removed_R1.fastq.gz_temp_subset.fastq against Symbiont1
Searching 032024_COL_SAN_T5_166_OFAV_S20_host_removed_R1.fastq.gz_temp_subset.fastq against Symbiont2
Searching 032024_COL_SAN_T5_166_OFAV_S20_host_removed_R1.fastq.gz_temp_subset.fastq against Symbiont3
Searching 032024_COL_SAN_T5_166_OFAV_S20_host_removed_R1.fastq.gz_temp_subset.fastq against Symbiont4
Searching 032024_COL_SAN_T5_166_OFAV_S20_host_removed_R1.fastq.gz_temp_subset.fastq against Symbiont5
Searching 032024_COL_SAN_T5_166_OFAV_S20_host_removed_R1.fastq.gz_temp_subset.fastq against Symbiont6
Searching 032024_COL_SAN_T5_166_OFAV_S20_host_removed_R1.fastq.gz_temp_subset.fastq against Symbiont7
Searching 032024_COL_SAN_T5_166_OFAV_S20_host_removed_R1.fastq.gz_temp_subset.fastq against Symbiont8
Searching 032024_COL_SAN_T5_166_OFAV_S20_host_removed_R1.fastq.gz_temp_subset.fastq against Symbiont9
Searching 032024_COL_SAN_T5_166_OFAV_S20_host_removed_R1.fastq.gz_temp_subset.fastq against Symbiont10
Searching 032024_COL_SAN_T5_166_OFAV_S20_host_removed_R1.fastq.gz_temp_subset.fastq against Symbiont11
Filtering 032024_COL_SAN_T5_166_OFAV_S20_host_removed_R1.tagged.fastq.gz
Filtering files with filter '000000000000'
Filtering 032024_COL_SAN_T5_166_OFAV_S20_host_removed_R1.tagged.fastq.gz
Perl module GD::Graph::bars not installed, skipping charts
Processing complete
fastq_screen completed successfully for sample: 032024_COL_SAN_T5_166_OFAV_S20
Using fastq_screen v0.16.0
Reading configuration from '/home/nikea_ulrich_uml_edu/.conda/envs/assembly/share/fastq-screen-0.16.0-0/fastq_screen.conf'
Using '/home/nikea_ulrich_uml_edu/.conda/envs/assembly/bin/bowtie2' as Bowtie 2 path
Adding database Human
Adding database Symbiont1
Adding database Symbiont2
Adding database Symbiont3
Adding database Symbiont4
Adding database Symbiont5
Adding database Symbiont6
Adding database Symbiont7
Adding database Symbiont8
Adding database Symbiont9
Adding database Symbiont10
Adding database Symbiont11
Using 12 threads for searches
Option --nohits specified, setting --tag and --filter 000000000000
Option --subset set to 0: processing all reads in FASTQ files
Processing 032024_COL_SAN_T5_167_OFAV_S21_host_removed_R2.fastq.gz
Not making data subset
Searching 032024_COL_SAN_T5_167_OFAV_S21_host_removed_R2.fastq.gz_temp_subset.fastq against Human
Searching 032024_COL_SAN_T5_167_OFAV_S21_host_removed_R2.fastq.gz_temp_subset.fastq against Symbiont1
Searching 032024_COL_SAN_T5_167_OFAV_S21_host_removed_R2.fastq.gz_temp_subset.fastq against Symbiont2
Searching 032024_COL_SAN_T5_167_OFAV_S21_host_removed_R2.fastq.gz_temp_subset.fastq against Symbiont3
Searching 032024_COL_SAN_T5_167_OFAV_S21_host_removed_R2.fastq.gz_temp_subset.fastq against Symbiont4
Searching 032024_COL_SAN_T5_167_OFAV_S21_host_removed_R2.fastq.gz_temp_subset.fastq against Symbiont5
Searching 032024_COL_SAN_T5_167_OFAV_S21_host_removed_R2.fastq.gz_temp_subset.fastq against Symbiont6
Searching 032024_COL_SAN_T5_167_OFAV_S21_host_removed_R2.fastq.gz_temp_subset.fastq against Symbiont7
Searching 032024_COL_SAN_T5_167_OFAV_S21_host_removed_R2.fastq.gz_temp_subset.fastq against Symbiont8
Searching 032024_COL_SAN_T5_167_OFAV_S21_host_removed_R2.fastq.gz_temp_subset.fastq against Symbiont9
Searching 032024_COL_SAN_T5_167_OFAV_S21_host_removed_R2.fastq.gz_temp_subset.fastq against Symbiont10
Searching 032024_COL_SAN_T5_167_OFAV_S21_host_removed_R2.fastq.gz_temp_subset.fastq against Symbiont11
Filtering 032024_COL_SAN_T5_167_OFAV_S21_host_removed_R2.tagged.fastq.gz
Filtering files with filter '000000000000'
Filtering 032024_COL_SAN_T5_167_OFAV_S21_host_removed_R2.tagged.fastq.gz
Perl module GD::Graph::bars not installed, skipping charts
Processing 032024_COL_SAN_T5_167_OFAV_S21_host_removed_R1.fastq.gz
Not making data subset
Searching 032024_COL_SAN_T5_167_OFAV_S21_host_removed_R1.fastq.gz_temp_subset.fastq against Human
Searching 032024_COL_SAN_T5_167_OFAV_S21_host_removed_R1.fastq.gz_temp_subset.fastq against Symbiont1
Searching 032024_COL_SAN_T5_167_OFAV_S21_host_removed_R1.fastq.gz_temp_subset.fastq against Symbiont2
Searching 032024_COL_SAN_T5_167_OFAV_S21_host_removed_R1.fastq.gz_temp_subset.fastq against Symbiont3
Searching 032024_COL_SAN_T5_167_OFAV_S21_host_removed_R1.fastq.gz_temp_subset.fastq against Symbiont4
Searching 032024_COL_SAN_T5_167_OFAV_S21_host_removed_R1.fastq.gz_temp_subset.fastq against Symbiont5
Searching 032024_COL_SAN_T5_167_OFAV_S21_host_removed_R1.fastq.gz_temp_subset.fastq against Symbiont6
Searching 032024_COL_SAN_T5_167_OFAV_S21_host_removed_R1.fastq.gz_temp_subset.fastq against Symbiont7
Searching 032024_COL_SAN_T5_167_OFAV_S21_host_removed_R1.fastq.gz_temp_subset.fastq against Symbiont8
Searching 032024_COL_SAN_T5_167_OFAV_S21_host_removed_R1.fastq.gz_temp_subset.fastq against Symbiont9
Searching 032024_COL_SAN_T5_167_OFAV_S21_host_removed_R1.fastq.gz_temp_subset.fastq against Symbiont10
Searching 032024_COL_SAN_T5_167_OFAV_S21_host_removed_R1.fastq.gz_temp_subset.fastq against Symbiont11
Filtering 032024_COL_SAN_T5_167_OFAV_S21_host_removed_R1.tagged.fastq.gz
Filtering files with filter '000000000000'
Filtering 032024_COL_SAN_T5_167_OFAV_S21_host_removed_R1.tagged.fastq.gz
Perl module GD::Graph::bars not installed, skipping charts
Processing complete
fastq_screen completed successfully for sample: 032024_COL_SAN_T5_167_OFAV_S21
Symbiont, host removal: All samples processed successfully.
