Loading conda
57195764 reads; of these:
  57195764 (100.00%) were paired; of these:
    19914630 (34.82%) aligned concordantly 0 times
    26878634 (46.99%) aligned concordantly exactly 1 time
    10402500 (18.19%) aligned concordantly >1 times
    ----
    19914630 pairs aligned concordantly 0 times; of these:
      1152856 (5.79%) aligned discordantly 1 time
    ----
    18761774 pairs aligned 0 times concordantly or discordantly; of these:
      37523548 mates make up the pairs; of these:
        29293229 (78.07%) aligned 0 times
        3923913 (10.46%) aligned exactly 1 time
        4306406 (11.48%) aligned >1 times
74.39% overall alignment rate
[bam_sort_core] merging from 0 files and 2 in-memory blocks...
[M::bam2fq_mainloop] discarded 0 singletons
[M::bam2fq_mainloop] processed 23900032 reads
host removal completed successfully for sample: 032024_COL_SAN_T5_139_OFAV_S17
54554209 reads; of these:
  54554209 (100.00%) were paired; of these:
    18502623 (33.92%) aligned concordantly 0 times
    25246905 (46.28%) aligned concordantly exactly 1 time
    10804681 (19.81%) aligned concordantly >1 times
    ----
    18502623 pairs aligned concordantly 0 times; of these:
      773968 (4.18%) aligned discordantly 1 time
    ----
    17728655 pairs aligned 0 times concordantly or discordantly; of these:
      35457310 mates make up the pairs; of these:
        28574893 (80.59%) aligned 0 times
        3377261 (9.52%) aligned exactly 1 time
        3505156 (9.89%) aligned >1 times
73.81% overall alignment rate
[bam_sort_core] merging from 0 files and 2 in-memory blocks...
[M::bam2fq_mainloop] discarded 0 singletons
[M::bam2fq_mainloop] processed 23786660 reads
host removal completed successfully for sample: 032024_COL_SAN_T5_140_OFAV_S18
50428024 reads; of these:
  50428024 (100.00%) were paired; of these:
    18925727 (37.53%) aligned concordantly 0 times
    22619575 (44.86%) aligned concordantly exactly 1 time
    8882722 (17.61%) aligned concordantly >1 times
    ----
    18925727 pairs aligned concordantly 0 times; of these:
      937974 (4.96%) aligned discordantly 1 time
    ----
    17987753 pairs aligned 0 times concordantly or discordantly; of these:
      35975506 mates make up the pairs; of these:
        29171332 (81.09%) aligned 0 times
        3274760 (9.10%) aligned exactly 1 time
        3529414 (9.81%) aligned >1 times
71.08% overall alignment rate
[bam_sort_core] merging from 0 files and 2 in-memory blocks...
[M::bam2fq_mainloop] discarded 0 singletons
[M::bam2fq_mainloop] processed 24653160 reads
host removal completed successfully for sample: 032024_COL_SAN_T5_141_OFAV_S19
64208851 reads; of these:
  64208851 (100.00%) were paired; of these:
    23345822 (36.36%) aligned concordantly 0 times
    29093144 (45.31%) aligned concordantly exactly 1 time
    11769885 (18.33%) aligned concordantly >1 times
    ----
    23345822 pairs aligned concordantly 0 times; of these:
      941471 (4.03%) aligned discordantly 1 time
    ----
    22404351 pairs aligned 0 times concordantly or discordantly; of these:
      44808702 mates make up the pairs; of these:
        37092069 (82.78%) aligned 0 times
        3806333 (8.49%) aligned exactly 1 time
        3910300 (8.73%) aligned >1 times
71.12% overall alignment rate
[bam_sort_core] merging from 1 files and 2 in-memory blocks...
[M::bam2fq_mainloop] discarded 0 singletons
[M::bam2fq_mainloop] processed 31756054 reads
host removal completed successfully for sample: 032024_COL_SAN_T5_166_OFAV_S20
Host removal: All samples processed successfully.
