Loading conda
/home/nikea_ulrich_uml_edu/.conda/envs/assembly/opt/quast-5.2.0/metaquast.py /work/pi_sarah_gignouxwolfsohn_uml_edu/nikea/COL/assembly/ofav/megahit_assembly/ofav.contigs.fa -t 12 -o /work/pi_sarah_gignouxwolfsohn_uml_edu/nikea/COL/assembly/ofav/quast_output

Version: 5.2.0

System information:
  OS: Linux-6.8.0-39-generic-x86_64-with-debian-trixie-sid (linux_64)
  Python version: 2.7.15
  CPUs number: 64

Started: 2024-12-16 18:37:01

Logging to /work/pi_sarah_gignouxwolfsohn_uml_edu/nikea/COL/assembly/ofav/quast_output/metaquast.log

Contigs:
  Pre-processing...
  /work/pi_sarah_gignouxwolfsohn_uml_edu/nikea/COL/assembly/ofav/megahit_assembly/ofav.contigs.fa ==> ofav.contigs

No references are provided, starting to search for reference genomes in SILVA 16S rRNA database and to download them from NCBI...

2024-12-16 18:37:38
Running BlastN..
  processing ofav.contigs
  BLAST results for ofav.contigs are saved to /work/pi_sarah_gignouxwolfsohn_uml_edu/nikea/COL/assembly/ofav/quast_output/quast_downloaded_references/blast.res_ofav-contigs...


2024-12-16 18:38:32
Trying to download found references from NCBI. Totally 6 organisms to try.
  Photobacterium_damselae                | successfully downloaded (total 1, 5 more to go)
  Magnetovibrio_blakemorei               | successfully downloaded (total 2, 4 more to go)
  Klebsiella_pneumoniae                  | successfully downloaded (total 3, 3 more to go)
  Grateloupia_filicina                   | not found in the NCBI database
  Grateloupia_filicina was not found in NCBI database, trying to download the next best match
  Sargassum_fusiforme                    | not found in the NCBI database
Flammeovirgaceae bacterium BBD 1991-12 has too fragmented reference genome! It will not be downloaded.
  Flammeovirgaceae_bacterium_BBD_1991-12 | not found in the NCBI database
  Flammeovirgaceae_bacterium_BBD_1991-12 was not found in NCBI database, trying to download the next best match
  Nonlabens_xylanidelens                 | successfully downloaded (total 4, 1 more to go)
  Chrysosporum_ovalisporum               | successfully downloaded (total 5, 0 more to go)

Downloaded reference(s):
  /work/pi_sarah_gignouxwolfsohn_uml_edu/nikea/COL/assembly/ofav/quast_output/quast_downloaded_references/Chrysosporum_ovalisporum.fasta ==> Chrysosporum_ovalisporum
  /work/pi_sarah_gignouxwolfsohn_uml_edu/nikea/COL/assembly/ofav/quast_output/quast_downloaded_references/Klebsiella_pneumoniae.fasta ==> Klebsiella_pneumoniae
  /work/pi_sarah_gignouxwolfsohn_uml_edu/nikea/COL/assembly/ofav/quast_output/quast_downloaded_references/Magnetovibrio_blakemorei.fasta ==> Magnetovibrio_blakemorei
  /work/pi_sarah_gignouxwolfsohn_uml_edu/nikea/COL/assembly/ofav/quast_output/quast_downloaded_references/Nonlabens_xylanidelens.fasta ==> Nonlabens_xylanidelens
  /work/pi_sarah_gignouxwolfsohn_uml_edu/nikea/COL/assembly/ofav/quast_output/quast_downloaded_references/Photobacterium_damselae.fasta ==> Photobacterium_damselae
  All references were combined in combined_reference.fasta

Starting quast.py for the combined reference...
/home/nikea_ulrich_uml_edu/.conda/envs/assembly/opt/quast-5.2.0/quast.pyc -t 12 --min-identity 90.0 --combined-ref --colors #E31A1C --ls solid --ambiguity-usage all /work/pi_sarah_gignouxwolfsohn_uml_edu/nikea/COL/assembly/ofav/megahit_assembly/ofav.contigs.fa -R /work/pi_sarah_gignouxwolfsohn_uml_edu/nikea/COL/assembly/ofav/quast_output/quast_corrected_input/combined_reference.fasta -o /work/pi_sarah_gignouxwolfsohn_uml_edu/nikea/COL/assembly/ofav/quast_output/combined_reference --labels ofav.contigs

Started: 2024-12-16 18:40:51

Logging to /work/pi_sarah_gignouxwolfsohn_uml_edu/nikea/COL/assembly/ofav/quast_output/combined_reference/quast.log

CWD: /work/pi_sarah_gignouxwolfsohn_uml_edu/nikea/COL/bash_scripts
Main parameters: 
  MODE: meta, threads: 12, min contig length: 500, min alignment length: 65, min alignment IDY: 90.0, \
  ambiguity: all, min local misassembly length: 200, min extensive misassembly length: 1000

Reference:
  /work/pi_sarah_gignouxwolfsohn_uml_edu/nikea/COL/assembly/ofav/quast_output/quast_corrected_input/combined_reference.fasta ==> combined_reference

Contigs:
  Pre-processing...
  /work/pi_sarah_gignouxwolfsohn_uml_edu/nikea/COL/assembly/ofav/megahit_assembly/ofav.contigs.fa ==> ofav.contigs

2024-12-16 18:41:07
Running Basic statistics processor...
  Reference genome:
    combined_reference.fasta, length = 21791755, num fragments = 210, GC % = 46.47
WARNING:   Reference genome is fragmented. You may consider rerunning QUAST using --fragmented option. QUAST will try to detect misassemblies caused by the fragmentation and mark them fake (will be excluded from # misassemblies).
  Contig files: 
    ofav.contigs
  Calculating N50 and L50...
    ofav.contigs, N50 = 1145, L50 = 48167, auN = 1689.2, Total length = 194794542, GC % = 39.98, # N's per 100 kbp =  0.00
  Drawing Nx plot...
    saved to /work/pi_sarah_gignouxwolfsohn_uml_edu/nikea/COL/assembly/ofav/quast_output/combined_reference/basic_stats/Nx_plot.pdf
  Drawing cumulative plot...
    saved to /work/pi_sarah_gignouxwolfsohn_uml_edu/nikea/COL/assembly/ofav/quast_output/combined_reference/basic_stats/cumulative_plot.pdf
  Drawing GC content plot...
    saved to /work/pi_sarah_gignouxwolfsohn_uml_edu/nikea/COL/assembly/ofav/quast_output/combined_reference/basic_stats/GC_content_plot.pdf
  Drawing ofav.contigs GC content plot...
    saved to /work/pi_sarah_gignouxwolfsohn_uml_edu/nikea/COL/assembly/ofav/quast_output/combined_reference/basic_stats/ofav.contigs_GC_content_plot.pdf
Done.

2024-12-16 18:41:20
Running Contig analyzer...
WARNING: Version of installed minimap2 differs from its version in the QUAST package (2.24). Please make sure that you use an actual version of software.
  ofav.contigs
  Logging to files /work/pi_sarah_gignouxwolfsohn_uml_edu/nikea/COL/assembly/ofav/quast_output/combined_reference/contigs_reports/contigs_report_ofav-contigs.stdout and contigs_report_ofav-contigs.stderr...
  Aligning contigs to the reference
WARNING: Version of installed minimap2 differs from its version in the QUAST package (2.24). Please make sure that you use an actual version of software.
  Analysis is finished.
  Information about interspecies translocations by references for ofav-contigs is saved to /work/pi_sarah_gignouxwolfsohn_uml_edu/nikea/COL/assembly/ofav/quast_output/combined_reference/contigs_reports/interspecies_translocations_by_refs_ofav-contigs.info
  Drawing Intergenomic misassemblies (found and supposed) metaQUAST summary plot...
    saved to /work/pi_sarah_gignouxwolfsohn_uml_edu/nikea/COL/assembly/ofav/quast_output/combined_reference/contigs_reports/intergenomic_misassemblies.pdf
  Creating total report...
    saved to /work/pi_sarah_gignouxwolfsohn_uml_edu/nikea/COL/assembly/ofav/quast_output/combined_reference/contigs_reports/misassemblies_report.txt, misassemblies_report.tsv, and misassemblies_report.tex
  Transposed version of total report...
    saved to /work/pi_sarah_gignouxwolfsohn_uml_edu/nikea/COL/assembly/ofav/quast_output/combined_reference/contigs_reports/transposed_report_misassemblies.txt, transposed_report_misassemblies.tsv, and transposed_report_misassemblies.tex
  Creating total report...
    saved to /work/pi_sarah_gignouxwolfsohn_uml_edu/nikea/COL/assembly/ofav/quast_output/combined_reference/contigs_reports/unaligned_report.txt, unaligned_report.tsv, and unaligned_report.tex
  Drawing misassemblies by types plot...
    saved to /work/pi_sarah_gignouxwolfsohn_uml_edu/nikea/COL/assembly/ofav/quast_output/combined_reference/contigs_reports/misassemblies_plot.pdf
  Drawing misassemblies FRCurve plot...
    saved to /work/pi_sarah_gignouxwolfsohn_uml_edu/nikea/COL/assembly/ofav/quast_output/combined_reference/contigs_reports/misassemblies_frcurve_plot.pdf
Done.

2024-12-16 18:41:31
Running NA-NGA calculation...
  ofav.contigs, Largest alignment = 204, NA50 = None, LA50 = None
  Drawing cumulative plot...
    saved to /work/pi_sarah_gignouxwolfsohn_uml_edu/nikea/COL/assembly/ofav/quast_output/combined_reference/aligned_stats/cumulative_plot.pdf
  Drawing NAx plot...
    saved to /work/pi_sarah_gignouxwolfsohn_uml_edu/nikea/COL/assembly/ofav/quast_output/combined_reference/aligned_stats/NAx_plot.pdf
Done.

2024-12-16 18:41:35
Running Genome analyzer...
  NOTICE: No file with genomic features were provided. Use the --features option if you want to specify it.

  NOTICE: No file with operons were provided. Use the -O option if you want to specify it.
  ofav.contigs
  Analysis is finished.
  Skipping drawing Genome fraction, % histogram... (less than 2 columns histogram makes no sense)
Done.

NOTICE: Genes are not predicted by default. Use --gene-finding or --glimmer option to enable it.

2024-12-16 18:41:42
Creating large visual summaries...
This may take a while: press Ctrl-C to skip this step..
  1 of 2: Creating PDF with all tables and plots...
  2 of 2: Creating Icarus viewers...
Done

2024-12-16 18:41:46
RESULTS:
  Text versions of total report are saved to /work/pi_sarah_gignouxwolfsohn_uml_edu/nikea/COL/assembly/ofav/quast_output/combined_reference/report.txt, report.tsv, and report.tex
  Text versions of transposed total report are saved to /work/pi_sarah_gignouxwolfsohn_uml_edu/nikea/COL/assembly/ofav/quast_output/combined_reference/transposed_report.txt, transposed_report.tsv, and transposed_report.tex
  HTML version (interactive tables and plots) is saved to /work/pi_sarah_gignouxwolfsohn_uml_edu/nikea/COL/assembly/ofav/quast_output/combined_reference/report.html
  PDF version (tables and plots) is saved to /work/pi_sarah_gignouxwolfsohn_uml_edu/nikea/COL/assembly/ofav/quast_output/combined_reference/report.pdf
  Icarus (contig browser) is saved to /work/pi_sarah_gignouxwolfsohn_uml_edu/nikea/COL/assembly/ofav/quast_output/combined_reference/icarus.html

Excluding downloaded references with low genome fraction from further analysis..
All downloaded references have low genome fraction. Nothing was excluded for now.

Partitioning contigs into bins aligned to each reference..
  processing ofav.contigs

Run QUAST on different references in parallel..

Starting quast.py for the contigs aligned to Chrysosporum_ovalisporum... (logging to /work/pi_sarah_gignouxwolfsohn_uml_edu/nikea/COL/assembly/ofav/quast_output/runs_per_reference/Chrysosporum_ovalisporum/quast.log)

No contigs were aligned to the reference Klebsiella_pneumoniae, skipping..

Starting quast.py for the contigs aligned to Magnetovibrio_blakemorei... (logging to /work/pi_sarah_gignouxwolfsohn_uml_edu/nikea/COL/assembly/ofav/quast_output/runs_per_reference/Magnetovibrio_blakemorei/quast.log)

No contigs were aligned to the reference Nonlabens_xylanidelens, skipping..

No contigs were aligned to the reference Photobacterium_damselae, skipping..

Starting quast.py for the contigs not aligned anywhere... (logging to /work/pi_sarah_gignouxwolfsohn_uml_edu/nikea/COL/assembly/ofav/quast_output/not_aligned/quast.log)
/home/nikea_ulrich_uml_edu/.conda/envs/assembly/opt/quast-5.2.0/quast.pyc --min-identity 90.0 --colors #E31A1C --ls solid --no-check-meta --contig-thresholds 1000,5000,10000,25000,50000 -t 12 /work/pi_sarah_gignouxwolfsohn_uml_edu/nikea/COL/assembly/ofav/quast_output/quast_corrected_input/ofav-contigs_not_aligned_anywhere.fasta -o /work/pi_sarah_gignouxwolfsohn_uml_edu/nikea/COL/assembly/ofav/quast_output/not_aligned --labels ofav.contigs

Started: 2024-12-16 18:41:54

Logging to /work/pi_sarah_gignouxwolfsohn_uml_edu/nikea/COL/assembly/ofav/quast_output/not_aligned/quast.log

CWD: /work/pi_sarah_gignouxwolfsohn_uml_edu/nikea/COL/bash_scripts
Main parameters: 
  MODE: meta, threads: 12, min contig length: 500, min alignment length: 65, min alignment IDY: 90.0, \
  ambiguity: one, min local misassembly length: 200, min extensive misassembly length: 1000

Contigs:
  Pre-processing...
  /work/pi_sarah_gignouxwolfsohn_uml_edu/nikea/COL/assembly/ofav/quast_output/quast_corrected_input/ofav-contigs_not_aligned_anywhere.fasta ==> ofav.contigs

2024-12-16 18:42:01
Running Basic statistics processor...
  Contig files: 
    ofav.contigs
  Calculating N50 and L50...
    ofav.contigs, N50 = 1145, L50 = 48179, auN = 1684.3, Total length = 194761412, GC % = 39.99, # N's per 100 kbp =  0.00
  Drawing Nx plot...
    saved to /work/pi_sarah_gignouxwolfsohn_uml_edu/nikea/COL/assembly/ofav/quast_output/not_aligned/basic_stats/Nx_plot.pdf
  Drawing cumulative plot...
    saved to /work/pi_sarah_gignouxwolfsohn_uml_edu/nikea/COL/assembly/ofav/quast_output/not_aligned/basic_stats/cumulative_plot.pdf
  Drawing GC content plot...
    saved to /work/pi_sarah_gignouxwolfsohn_uml_edu/nikea/COL/assembly/ofav/quast_output/not_aligned/basic_stats/GC_content_plot.pdf
  Drawing ofav.contigs GC content plot...
    saved to /work/pi_sarah_gignouxwolfsohn_uml_edu/nikea/COL/assembly/ofav/quast_output/not_aligned/basic_stats/ofav.contigs_GC_content_plot.pdf
Done.

NOTICE: Genes are not predicted by default. Use --gene-finding or --glimmer option to enable it.

2024-12-16 18:42:12
Creating large visual summaries...
This may take a while: press Ctrl-C to skip this step..
  1 of 2: Creating PDF with all tables and plots...
  2 of 2: Creating Icarus viewers...
Done

2024-12-16 18:42:16
RESULTS:
  Text versions of total report are saved to /work/pi_sarah_gignouxwolfsohn_uml_edu/nikea/COL/assembly/ofav/quast_output/not_aligned/report.txt, report.tsv, and report.tex
  Text versions of transposed total report are saved to /work/pi_sarah_gignouxwolfsohn_uml_edu/nikea/COL/assembly/ofav/quast_output/not_aligned/transposed_report.txt, transposed_report.tsv, and transposed_report.tex
  HTML version (interactive tables and plots) is saved to /work/pi_sarah_gignouxwolfsohn_uml_edu/nikea/COL/assembly/ofav/quast_output/not_aligned/report.html
  PDF version (tables and plots) is saved to /work/pi_sarah_gignouxwolfsohn_uml_edu/nikea/COL/assembly/ofav/quast_output/not_aligned/report.pdf
  Icarus (contig browser) is saved to /work/pi_sarah_gignouxwolfsohn_uml_edu/nikea/COL/assembly/ofav/quast_output/not_aligned/icarus.html

2024-12-16 18:42:16
Summarizing results...
  Drawing # contigs metaQUAST summary plot...
    saved to /work/pi_sarah_gignouxwolfsohn_uml_edu/nikea/COL/assembly/ofav/quast_output/summary/PDF/num_contigs.pdf
  Drawing Largest contig metaQUAST summary plot...
    saved to /work/pi_sarah_gignouxwolfsohn_uml_edu/nikea/COL/assembly/ofav/quast_output/summary/PDF/Largest_contig.pdf
  Drawing Total length metaQUAST summary plot...
    saved to /work/pi_sarah_gignouxwolfsohn_uml_edu/nikea/COL/assembly/ofav/quast_output/summary/PDF/Total_length.pdf
  Drawing Largest alignment metaQUAST summary plot...
    saved to /work/pi_sarah_gignouxwolfsohn_uml_edu/nikea/COL/assembly/ofav/quast_output/summary/PDF/Largest_alignment.pdf
  Drawing Total aligned length metaQUAST summary plot...
    saved to /work/pi_sarah_gignouxwolfsohn_uml_edu/nikea/COL/assembly/ofav/quast_output/summary/PDF/Total_aligned_length.pdf
  Drawing Total length (>= 1000 bp) metaQUAST summary plot...
    saved to /work/pi_sarah_gignouxwolfsohn_uml_edu/nikea/COL/assembly/ofav/quast_output/summary/PDF/Total_length_(ge_1000_bp).pdf
  Drawing Total length (>= 10000 bp) metaQUAST summary plot...
    saved to /work/pi_sarah_gignouxwolfsohn_uml_edu/nikea/COL/assembly/ofav/quast_output/summary/PDF/Total_length_(ge_10000_bp).pdf
  Drawing Total length (>= 50000 bp) metaQUAST summary plot...
    saved to /work/pi_sarah_gignouxwolfsohn_uml_edu/nikea/COL/assembly/ofav/quast_output/summary/PDF/Total_length_(ge_50000_bp).pdf
  Drawing # misassemblies metaQUAST summary plot...
    saved to /work/pi_sarah_gignouxwolfsohn_uml_edu/nikea/COL/assembly/ofav/quast_output/summary/PDF/num_misassemblies.pdf
  Drawing metaQUAST summary misassemblies plot for ofav.contigs...
    saved to /work/pi_sarah_gignouxwolfsohn_uml_edu/nikea/COL/assembly/ofav/quast_output/summary/PDF/ofav-contigs_misassemblies.pdf
  Drawing Misassembled contigs length metaQUAST summary plot...
    saved to /work/pi_sarah_gignouxwolfsohn_uml_edu/nikea/COL/assembly/ofav/quast_output/summary/PDF/Misassembled_contigs_length.pdf
  Drawing # mismatches per 100 kbp metaQUAST summary plot...
    saved to /work/pi_sarah_gignouxwolfsohn_uml_edu/nikea/COL/assembly/ofav/quast_output/summary/PDF/num_mismatches_per_100_kbp.pdf
  Drawing # indels per 100 kbp metaQUAST summary plot...
    saved to /work/pi_sarah_gignouxwolfsohn_uml_edu/nikea/COL/assembly/ofav/quast_output/summary/PDF/num_indels_per_100_kbp.pdf
  Drawing # N's per 100 kbp metaQUAST summary plot...
    saved to /work/pi_sarah_gignouxwolfsohn_uml_edu/nikea/COL/assembly/ofav/quast_output/summary/PDF/num_Ns_per_100_kbp.pdf
  Drawing Genome fraction (%) metaQUAST summary plot...
    saved to /work/pi_sarah_gignouxwolfsohn_uml_edu/nikea/COL/assembly/ofav/quast_output/summary/PDF/Genome_fraction.pdf
  Drawing Duplication ratio metaQUAST summary plot...
    saved to /work/pi_sarah_gignouxwolfsohn_uml_edu/nikea/COL/assembly/ofav/quast_output/summary/PDF/Duplication_ratio.pdf
  Drawing NGA50 metaQUAST summary plot...
    saved to /work/pi_sarah_gignouxwolfsohn_uml_edu/nikea/COL/assembly/ofav/quast_output/summary/PDF/NGA50.pdf
  Drawing LGA50 metaQUAST summary plot...
    saved to /work/pi_sarah_gignouxwolfsohn_uml_edu/nikea/COL/assembly/ofav/quast_output/summary/PDF/LGA50.pdf

  Text versions of reports and plots for each metric (for all references and assemblies) are saved to /work/pi_sarah_gignouxwolfsohn_uml_edu/nikea/COL/assembly/ofav/quast_output/summary/
  Icarus (contig browser) is saved to /work/pi_sarah_gignouxwolfsohn_uml_edu/nikea/COL/assembly/ofav/quast_output/icarus.html
  Drawing interactive Krona plots...

'NoneType' object is not iterable
Traceback (most recent call last):
  File "/home/nikea_ulrich_uml_edu/.conda/envs/assembly/bin/metaquast", line 427, in <module>
    return_code = main(sys.argv[1:])
  File "/home/nikea_ulrich_uml_edu/.conda/envs/assembly/bin/metaquast", line 417, in main
    html_saver.create_meta_report(output_dirpath, json_texts)
  File "/home/nikea_ulrich_uml_edu/.conda/envs/assembly/opt/quast-5.2.0/quast_libs/html_saver/html_saver.py", line 257, in create_meta_report
    create_krona_charts(taxons_for_krona, meta_log, results_dirpath, json_texts)
  File "/home/nikea_ulrich_uml_edu/.conda/envs/assembly/opt/quast-5.2.0/quast_libs/html_saver/html_saver.py", line 363, in create_krona_charts
    for section in report:
TypeError: 'NoneType' object is not iterable
ERROR! exception caught!

In case you have troubles running QUAST, you can write to quast.support@cab.spbu.ru
or report an issue on our GitHub repository https://github.com/ablab/quast/issues
Please provide us with quast.log file from the output directory.
