Loading conda
Input ........................................: /work/pi_sarah_gignouxwolfsohn_uml_edu/nikea/COL/assembly/pstr/megahit_assembly/pstr.contigs.fa
Output .......................................: /work/pi_sarah_gignouxwolfsohn_uml_edu/nikea/COL/mapping/pstr/pstr.contigs-fixed.fsa

WHAT WAS THERE
===============================================
Total num contigs ............................: 983,096
Total num nucleotides ........................: 661,137,664

WHAT WAS ASKED
===============================================
Simplify deflines? ...........................: Yes
Add prefix to sequence names? ................: No
Minimum length of contigs to keep ............: 1,000
Max % gaps allowed ...........................: 100.00%
Max num gaps allowed .........................: 1,000,000
Exclude specific sequences? ..................: No
Keep specific sequences? .....................: No
Enforce sequence type? .......................: No

WHAT HAPPENED
===============================================
Contigs removed ..............................: 831,641 (84.59% of all)
Nucleotides removed ..........................: 372,034,280 (56.27% of all)
Nucleotides modified .........................: 0 (0.00000% of all)
Deflines simplified ..........................: True
Settings:
  Output files: "pstr_contigs.*.bt2"
  Line rate: 6 (line is 64 bytes)
  Lines per side: 1 (side is 64 bytes)
  Offset rate: 4 (one in 16)
  FTable chars: 10
  Strings: unpacked
  Max bucket size: default
  Max bucket size, sqrt multiplier: default
  Max bucket size, len divisor: 4
  Difference-cover sample period: 1024
  Endianness: little
  Actual local endianness: little
  Sanity checking: disabled
  Assertions: disabled
  Random seed: 0
  Sizeofs: void*:8, int:4, long:8, size_t:8
Input files DNA, FASTA:
  pstr.contigs-fixed.fsa
Building a SMALL index
Reading reference sizes
  Time reading reference sizes: 00:00:02
Calculating joined length
Writing header
Reserving space for joined string
Joining reference sequences
  Time to join reference sequences: 00:00:02
bmax according to bmaxDivN setting: 72275846
Using parameters --bmax 54206885 --dcv 1024
  Doing ahead-of-time memory usage test
  Passed!  Constructing with these parameters: --bmax 54206885 --dcv 1024
Constructing suffix-array element generator
Building DifferenceCoverSample
  Building sPrime
  Building sPrimeOrder
  V-Sorting samples
  V-Sorting samples time: 00:00:05
  Allocating rank array
  Ranking v-sort output
  Ranking v-sort output time: 00:00:01
  Invoking Larsson-Sadakane on ranks
  Invoking Larsson-Sadakane on ranks time: 00:00:01
  Sanity-checking and returning
Building samples
Reserving space for 12 sample suffixes
Generating random suffixes
QSorting 12 sample offsets, eliminating duplicates
QSorting sample offsets, eliminating duplicates time: 00:00:00
Multikey QSorting 12 samples
  (Using difference cover)
  Multikey QSorting samples time: 00:00:00
Calculating bucket sizes
Splitting and merging
  Splitting and merging time: 00:00:00
Split 1, merged 6; iterating...
Splitting and merging
  Splitting and merging time: 00:00:00
Avg bucket size: 3.61379e+07 (target: 54206884)
Converting suffix-array elements to index image
Allocating ftab, absorbFtab
Entering Ebwt loop
Getting block 1 of 8
  Reserving size (54206885) for bucket 1
  Calculating Z arrays for bucket 1
  Entering block accumulator loop for bucket 1:
  bucket 1: 10%
  bucket 1: 20%
  bucket 1: 30%
  bucket 1: 40%
  bucket 1: 50%
  bucket 1: 60%
  bucket 1: 70%
  bucket 1: 80%
  bucket 1: 90%
  bucket 1: 100%
  Sorting block of length 31912897 for bucket 1
  (Using difference cover)
  Sorting block time: 00:00:05
Returning block of 31912898 for bucket 1
Getting block 2 of 8
  Reserving size (54206885) for bucket 2
  Calculating Z arrays for bucket 2
  Entering block accumulator loop for bucket 2:
  bucket 2: 10%
  bucket 2: 20%
  bucket 2: 30%
  bucket 2: 40%
  bucket 2: 50%
  bucket 2: 60%
  bucket 2: 70%
  bucket 2: 80%
  bucket 2: 90%
  bucket 2: 100%
  Sorting block of length 50922083 for bucket 2
  (Using difference cover)
  Sorting block time: 00:00:08
Returning block of 50922084 for bucket 2
Getting block 3 of 8
  Reserving size (54206885) for bucket 3
  Calculating Z arrays for bucket 3
  Entering block accumulator loop for bucket 3:
  bucket 3: 10%
  bucket 3: 20%
  bucket 3: 30%
  bucket 3: 40%
  bucket 3: 50%
  bucket 3: 60%
  bucket 3: 70%
  bucket 3: 80%
  bucket 3: 90%
  bucket 3: 100%
  Sorting block of length 38967534 for bucket 3
  (Using difference cover)
  Sorting block time: 00:00:06
Returning block of 38967535 for bucket 3
Getting block 4 of 8
  Reserving size (54206885) for bucket 4
  Calculating Z arrays for bucket 4
  Entering block accumulator loop for bucket 4:
  bucket 4: 10%
  bucket 4: 20%
  bucket 4: 30%
  bucket 4: 40%
  bucket 4: 50%
  bucket 4: 60%
  bucket 4: 70%
  bucket 4: 80%
  bucket 4: 90%
  bucket 4: 100%
  Sorting block of length 32368684 for bucket 4
  (Using difference cover)
  Sorting block time: 00:00:05
Returning block of 32368685 for bucket 4
Getting block 5 of 8
  Reserving size (54206885) for bucket 5
  Calculating Z arrays for bucket 5
  Entering block accumulator loop for bucket 5:
  bucket 5: 10%
  bucket 5: 20%
  bucket 5: 30%
  bucket 5: 40%
  bucket 5: 50%
  bucket 5: 60%
  bucket 5: 70%
  bucket 5: 80%
  bucket 5: 90%
  bucket 5: 100%
  Sorting block of length 39995859 for bucket 5
  (Using difference cover)
  Sorting block time: 00:00:07
Returning block of 39995860 for bucket 5
Getting block 6 of 8
  Reserving size (54206885) for bucket 6
  Calculating Z arrays for bucket 6
  Entering block accumulator loop for bucket 6:
  bucket 6: 10%
  bucket 6: 20%
  bucket 6: 30%
  bucket 6: 40%
  bucket 6: 50%
  bucket 6: 60%
  bucket 6: 70%
  bucket 6: 80%
  bucket 6: 90%
  bucket 6: 100%
  Sorting block of length 19641064 for bucket 6
  (Using difference cover)
  Sorting block time: 00:00:03
Returning block of 19641065 for bucket 6
Getting block 7 of 8
  Reserving size (54206885) for bucket 7
  Calculating Z arrays for bucket 7
  Entering block accumulator loop for bucket 7:
  bucket 7: 10%
  bucket 7: 20%
  bucket 7: 30%
  bucket 7: 40%
  bucket 7: 50%
  bucket 7: 60%
  bucket 7: 70%
  bucket 7: 80%
  bucket 7: 90%
  bucket 7: 100%
  Sorting block of length 53771531 for bucket 7
  (Using difference cover)
  Sorting block time: 00:00:09
Returning block of 53771532 for bucket 7
Getting block 8 of 8
  Reserving size (54206885) for bucket 8
  Calculating Z arrays for bucket 8
  Entering block accumulator loop for bucket 8:
  bucket 8: 10%
  bucket 8: 20%
  bucket 8: 30%
  bucket 8: 40%
  bucket 8: 50%
  bucket 8: 60%
  bucket 8: 70%
  bucket 8: 80%
  bucket 8: 90%
  bucket 8: 100%
  Sorting block of length 21523725 for bucket 8
  (Using difference cover)
  Sorting block time: 00:00:04
Returning block of 21523726 for bucket 8
Exited Ebwt loop
fchr[A]: 0
fchr[C]: 87625188
fchr[G]: 144959726
fchr[T]: 202220795
fchr[$]: 289103384
Exiting Ebwt::buildToDisk()
Returning from initFromVector
Wrote 105257362 bytes to primary EBWT file: pstr_contigs.1.bt2.tmp
Wrote 72275852 bytes to secondary EBWT file: pstr_contigs.2.bt2.tmp
Re-opening _in1 and _in2 as input streams
Returning from Ebwt constructor
Headers:
    len: 289103384
    bwtLen: 289103385
    sz: 72275846
    bwtSz: 72275847
    lineRate: 6
    offRate: 4
    offMask: 0xfffffff0
    ftabChars: 10
    eftabLen: 20
    eftabSz: 80
    ftabLen: 1048577
    ftabSz: 4194308
    offsLen: 18068962
    offsSz: 72275848
    lineSz: 64
    sideSz: 64
    sideBwtSz: 48
    sideBwtLen: 192
    numSides: 1505747
    numLines: 1505747
    ebwtTotLen: 96367808
    ebwtTotSz: 96367808
    color: 0
    reverse: 0
Total time for call to driver() for forward index: 00:02:08
Reading reference sizes
  Time reading reference sizes: 00:00:01
Calculating joined length
Writing header
Reserving space for joined string
Joining reference sequences
  Time to join reference sequences: 00:00:01
  Time to reverse reference sequence: 00:00:01
bmax according to bmaxDivN setting: 72275846
Using parameters --bmax 54206885 --dcv 1024
  Doing ahead-of-time memory usage test
  Passed!  Constructing with these parameters: --bmax 54206885 --dcv 1024
Constructing suffix-array element generator
Building DifferenceCoverSample
  Building sPrime
  Building sPrimeOrder
  V-Sorting samples
  V-Sorting samples time: 00:00:03
  Allocating rank array
  Ranking v-sort output
  Ranking v-sort output time: 00:00:01
  Invoking Larsson-Sadakane on ranks
  Invoking Larsson-Sadakane on ranks time: 00:00:02
  Sanity-checking and returning
Building samples
Reserving space for 12 sample suffixes
Generating random suffixes
QSorting 12 sample offsets, eliminating duplicates
QSorting sample offsets, eliminating duplicates time: 00:00:00
Multikey QSorting 12 samples
  (Using difference cover)
  Multikey QSorting samples time: 00:00:00
Calculating bucket sizes
Splitting and merging
  Splitting and merging time: 00:00:00
Split 1, merged 6; iterating...
Splitting and merging
  Splitting and merging time: 00:00:00
Avg bucket size: 3.61379e+07 (target: 54206884)
Converting suffix-array elements to index image
Allocating ftab, absorbFtab
Entering Ebwt loop
Getting block 1 of 8
  Reserving size (54206885) for bucket 1
  Calculating Z arrays for bucket 1
  Entering block accumulator loop for bucket 1:
  bucket 1: 10%
  bucket 1: 20%
  bucket 1: 30%
  bucket 1: 40%
  bucket 1: 50%
  bucket 1: 60%
  bucket 1: 70%
  bucket 1: 80%
  bucket 1: 90%
  bucket 1: 100%
  Sorting block of length 37526698 for bucket 1
  (Using difference cover)
  Sorting block time: 00:00:06
Returning block of 37526699 for bucket 1
Getting block 2 of 8
  Reserving size (54206885) for bucket 2
  Calculating Z arrays for bucket 2
  Entering block accumulator loop for bucket 2:
  bucket 2: 10%
  bucket 2: 20%
  bucket 2: 30%
  bucket 2: 40%
  bucket 2: 50%
  bucket 2: 60%
  bucket 2: 70%
  bucket 2: 80%
  bucket 2: 90%
  bucket 2: 100%
  Sorting block of length 35470038 for bucket 2
  (Using difference cover)
  Sorting block time: 00:00:06
Returning block of 35470039 for bucket 2
Getting block 3 of 8
  Reserving size (54206885) for bucket 3
  Calculating Z arrays for bucket 3
  Entering block accumulator loop for bucket 3:
  bucket 3: 10%
  bucket 3: 20%
  bucket 3: 30%
  bucket 3: 40%
  bucket 3: 50%
  bucket 3: 60%
  bucket 3: 70%
  bucket 3: 80%
  bucket 3: 90%
  bucket 3: 100%
  Sorting block of length 18744223 for bucket 3
  (Using difference cover)
  Sorting block time: 00:00:03
Returning block of 18744224 for bucket 3
Getting block 4 of 8
  Reserving size (54206885) for bucket 4
  Calculating Z arrays for bucket 4
  Entering block accumulator loop for bucket 4:
  bucket 4: 10%
  bucket 4: 20%
  bucket 4: 30%
  bucket 4: 40%
  bucket 4: 50%
  bucket 4: 60%
  bucket 4: 70%
  bucket 4: 80%
  bucket 4: 90%
  bucket 4: 100%
  Sorting block of length 53130525 for bucket 4
  (Using difference cover)
  Sorting block time: 00:00:09
Returning block of 53130526 for bucket 4
Getting block 5 of 8
  Reserving size (54206885) for bucket 5
  Calculating Z arrays for bucket 5
  Entering block accumulator loop for bucket 5:
  bucket 5: 10%
  bucket 5: 20%
  bucket 5: 30%
  bucket 5: 40%
  bucket 5: 50%
  bucket 5: 60%
  bucket 5: 70%
  bucket 5: 80%
  bucket 5: 90%
  bucket 5: 100%
  Sorting block of length 27194618 for bucket 5
  (Using difference cover)
  Sorting block time: 00:00:04
Returning block of 27194619 for bucket 5
Getting block 6 of 8
  Reserving size (54206885) for bucket 6
  Calculating Z arrays for bucket 6
  Entering block accumulator loop for bucket 6:
  bucket 6: 10%
  bucket 6: 20%
  bucket 6: 30%
  bucket 6: 40%
  bucket 6: 50%
  bucket 6: 60%
  bucket 6: 70%
  bucket 6: 80%
  bucket 6: 90%
  bucket 6: 100%
  Sorting block of length 42838364 for bucket 6
  (Using difference cover)
  Sorting block time: 00:00:07
Returning block of 42838365 for bucket 6
Getting block 7 of 8
  Reserving size (54206885) for bucket 7
  Calculating Z arrays for bucket 7
  Entering block accumulator loop for bucket 7:
  bucket 7: 10%
  bucket 7: 20%
  bucket 7: 30%
  bucket 7: 40%
  bucket 7: 50%
  bucket 7: 60%
  bucket 7: 70%
  bucket 7: 80%
  bucket 7: 90%
  bucket 7: 100%
  Sorting block of length 27333729 for bucket 7
  (Using difference cover)
  Sorting block time: 00:00:04
Returning block of 27333730 for bucket 7
Getting block 8 of 8
  Reserving size (54206885) for bucket 8
  Calculating Z arrays for bucket 8
  Entering block accumulator loop for bucket 8:
  bucket 8: 10%
  bucket 8: 20%
  bucket 8: 30%
  bucket 8: 40%
  bucket 8: 50%
  bucket 8: 60%
  bucket 8: 70%
  bucket 8: 80%
  bucket 8: 90%
  bucket 8: 100%
  Sorting block of length 46865182 for bucket 8
  (Using difference cover)
  Sorting block time: 00:00:08
Returning block of 46865183 for bucket 8
Exited Ebwt loop
fchr[A]: 0
fchr[C]: 87625188
fchr[G]: 144959726
fchr[T]: 202220795
fchr[$]: 289103384
Exiting Ebwt::buildToDisk()
Returning from initFromVector
Wrote 105257362 bytes to primary EBWT file: pstr_contigs.rev.1.bt2.tmp
Wrote 72275852 bytes to secondary EBWT file: pstr_contigs.rev.2.bt2.tmp
Re-opening _in1 and _in2 as input streams
Returning from Ebwt constructor
Headers:
    len: 289103384
    bwtLen: 289103385
    sz: 72275846
    bwtSz: 72275847
    lineRate: 6
    offRate: 4
    offMask: 0xfffffff0
    ftabChars: 10
    eftabLen: 20
    eftabSz: 80
    ftabLen: 1048577
    ftabSz: 4194308
    offsLen: 18068962
    offsSz: 72275848
    lineSz: 64
    sideSz: 64
    sideBwtSz: 48
    sideBwtLen: 192
    numSides: 1505747
    numLines: 1505747
    ebwtTotLen: 96367808
    ebwtTotSz: 96367808
    color: 0
    reverse: 1
Total time for backward call to driver() for mirror index: 00:02:03
Renaming pstr_contigs.3.bt2.tmp to pstr_contigs.3.bt2
Renaming pstr_contigs.4.bt2.tmp to pstr_contigs.4.bt2
Renaming pstr_contigs.1.bt2.tmp to pstr_contigs.1.bt2
Renaming pstr_contigs.2.bt2.tmp to pstr_contigs.2.bt2
Renaming pstr_contigs.rev.1.bt2.tmp to pstr_contigs.rev.1.bt2
Renaming pstr_contigs.rev.2.bt2.tmp to pstr_contigs.rev.2.bt2
Error: Could not open alignment output file index/032024_COL_SAN_T5_144_PSTR_S9.sam
terminate called without an active exception
Aborted
(ERR): bowtie2-align exited with value 134
[E::hts_open_format] Failed to open file "index/032024_COL_SAN_T5_144_PSTR_S9.sam" : No such file or directory
samtools view: failed to open "index/032024_COL_SAN_T5_144_PSTR_S9.sam" for reading: No such file or directory


File/Path Error: No such file: '/work/pi_sarah_gignouxwolfsohn_uml_edu/nikea/COL/mapping/pstr/ind
                 ex/032024_COL_SAN_T5_144_PSTR_S9-RAW.bam' :/                                    


rm: cannot remove 'index/032024_COL_SAN_T5_144_PSTR_S9-RAW.bam': No such file or directory
Error: Could not open alignment output file index/032024_COL_SAN_T5_147_PSTR_S10.sam
terminate called without an active exception
Aborted
(ERR): bowtie2-align exited with value 134
[E::hts_open_format] Failed to open file "index/032024_COL_SAN_T5_147_PSTR_S10.sam" : No such file or directory
samtools view: failed to open "index/032024_COL_SAN_T5_147_PSTR_S10.sam" for reading: No such file or directory


File/Path Error: No such file: '/work/pi_sarah_gignouxwolfsohn_uml_edu/nikea/COL/mapping/pstr/ind
                 ex/032024_COL_SAN_T5_147_PSTR_S10-RAW.bam' :/                                   


rm: cannot remove 'index/032024_COL_SAN_T5_147_PSTR_S10-RAW.bam': No such file or directory
Error: Could not open alignment output file index/032024_COL_SAN_T5_163_PSTR_S11.sam
terminate called without an active exception
Aborted
(ERR): bowtie2-align exited with value 134
[E::hts_open_format] Failed to open file "index/032024_COL_SAN_T5_163_PSTR_S11.sam" : No such file or directory
samtools view: failed to open "index/032024_COL_SAN_T5_163_PSTR_S11.sam" for reading: No such file or directory


File/Path Error: No such file: '/work/pi_sarah_gignouxwolfsohn_uml_edu/nikea/COL/mapping/pstr/ind
                 ex/032024_COL_SAN_T5_163_PSTR_S11-RAW.bam' :/                                   


rm: cannot remove 'index/032024_COL_SAN_T5_163_PSTR_S11-RAW.bam': No such file or directory
Error: Could not open alignment output file index/032024_COL_SAN_T5_154_PSTR_S38.sam
terminate called without an active exception
Aborted
(ERR): bowtie2-align exited with value 134
[E::hts_open_format] Failed to open file "index/032024_COL_SAN_T5_154_PSTR_S38.sam" : No such file or directory
samtools view: failed to open "index/032024_COL_SAN_T5_154_PSTR_S38.sam" for reading: No such file or directory


File/Path Error: No such file: '/work/pi_sarah_gignouxwolfsohn_uml_edu/nikea/COL/mapping/pstr/ind
                 ex/032024_COL_SAN_T5_154_PSTR_S38-RAW.bam' :/                                   


rm: cannot remove 'index/032024_COL_SAN_T5_154_PSTR_S38-RAW.bam': No such file or directory
Error: Could not open alignment output file index/032024_COL_SAN_T5_162_PSTR_S39.sam
terminate called without an active exception
Aborted
(ERR): bowtie2-align exited with value 134
[E::hts_open_format] Failed to open file "index/032024_COL_SAN_T5_162_PSTR_S39.sam" : No such file or directory
samtools view: failed to open "index/032024_COL_SAN_T5_162_PSTR_S39.sam" for reading: No such file or directory


File/Path Error: No such file: '/work/pi_sarah_gignouxwolfsohn_uml_edu/nikea/COL/mapping/pstr/ind
                 ex/032024_COL_SAN_T5_162_PSTR_S39-RAW.bam' :/                                   


rm: cannot remove 'index/032024_COL_SAN_T5_162_PSTR_S39-RAW.bam': No such file or directory
Mapping success!
