Loading conda
Input ........................................: /work/pi_sarah_gignouxwolfsohn_uml_edu/nikea/COL/assembly/dlab/megahit_assembly/dlab.contigs.fa
Output .......................................: /work/pi_sarah_gignouxwolfsohn_uml_edu/nikea/COL/mapping/dlab/dlab.contigs-fixed.fsa

WHAT WAS THERE
===============================================
Total num contigs ............................: 1,281,699
Total num nucleotides ........................: 922,941,494

WHAT WAS ASKED
===============================================
Simplify deflines? ...........................: Yes
Add prefix to sequence names? ................: No
Minimum length of contigs to keep ............: 1,000
Max % gaps allowed ...........................: 100.00%
Max num gaps allowed .........................: 1,000,000
Exclude specific sequences? ..................: No
Keep specific sequences? .....................: No
Enforce sequence type? .......................: No

WHAT HAPPENED
===============================================
Contigs removed ..............................: 1,071,441 (83.60% of all)
Nucleotides removed ..........................: 501,546,548 (54.34% of all)
Nucleotides modified .........................: 0 (0.00000% of all)
Deflines simplified ..........................: True
Settings:
  Output files: "dlab_contigs.*.bt2"
  Line rate: 6 (line is 64 bytes)
  Lines per side: 1 (side is 64 bytes)
  Offset rate: 4 (one in 16)
  FTable chars: 10
  Strings: unpacked
  Max bucket size: default
  Max bucket size, sqrt multiplier: default
  Max bucket size, len divisor: 4
  Difference-cover sample period: 1024
  Endianness: little
  Actual local endianness: little
  Sanity checking: disabled
  Assertions: disabled
  Random seed: 0
  Sizeofs: void*:8, int:4, long:8, size_t:8
Input files DNA, FASTA:
  dlab.contigs-fixed.fsa
Building a SMALL index
Reading reference sizes
  Time reading reference sizes: 00:00:03
Calculating joined length
Writing header
Reserving space for joined string
Joining reference sequences
  Time to join reference sequences: 00:00:02
bmax according to bmaxDivN setting: 105348736
Using parameters --bmax 79011552 --dcv 1024
  Doing ahead-of-time memory usage test
  Passed!  Constructing with these parameters: --bmax 79011552 --dcv 1024
Constructing suffix-array element generator
Building DifferenceCoverSample
  Building sPrime
  Building sPrimeOrder
  V-Sorting samples
  V-Sorting samples time: 00:00:04
  Allocating rank array
  Ranking v-sort output
  Ranking v-sort output time: 00:00:02
  Invoking Larsson-Sadakane on ranks
  Invoking Larsson-Sadakane on ranks time: 00:00:02
  Sanity-checking and returning
Building samples
Reserving space for 12 sample suffixes
Generating random suffixes
QSorting 12 sample offsets, eliminating duplicates
QSorting sample offsets, eliminating duplicates time: 00:00:00
Multikey QSorting 12 samples
  (Using difference cover)
  Multikey QSorting samples time: 00:00:00
Calculating bucket sizes
Splitting and merging
  Splitting and merging time: 00:00:00
Split 1, merged 6; iterating...
Splitting and merging
  Splitting and merging time: 00:00:00
Avg bucket size: 6.01993e+07 (target: 79011551)
Converting suffix-array elements to index image
Allocating ftab, absorbFtab
Entering Ebwt loop
Getting block 1 of 7
  Reserving size (79011552) for bucket 1
  Calculating Z arrays for bucket 1
  Entering block accumulator loop for bucket 1:
  bucket 1: 10%
  bucket 1: 20%
  bucket 1: 30%
  bucket 1: 40%
  bucket 1: 50%
  bucket 1: 60%
  bucket 1: 70%
  bucket 1: 80%
  bucket 1: 90%
  bucket 1: 100%
  Sorting block of length 46827639 for bucket 1
  (Using difference cover)
  Sorting block time: 00:00:08
Returning block of 46827640 for bucket 1
Getting block 2 of 7
  Reserving size (79011552) for bucket 2
  Calculating Z arrays for bucket 2
  Entering block accumulator loop for bucket 2:
  bucket 2: 10%
  bucket 2: 20%
  bucket 2: 30%
  bucket 2: 40%
  bucket 2: 50%
  bucket 2: 60%
  bucket 2: 70%
  bucket 2: 80%
  bucket 2: 90%
  bucket 2: 100%
  Sorting block of length 73305644 for bucket 2
  (Using difference cover)
  Sorting block time: 00:00:12
Returning block of 73305645 for bucket 2
Getting block 3 of 7
  Reserving size (79011552) for bucket 3
  Calculating Z arrays for bucket 3
  Entering block accumulator loop for bucket 3:
  bucket 3: 10%
  bucket 3: 20%
  bucket 3: 30%
  bucket 3: 40%
  bucket 3: 50%
  bucket 3: 60%
  bucket 3: 70%
  bucket 3: 80%
  bucket 3: 90%
  bucket 3: 100%
  Sorting block of length 50297992 for bucket 3
  (Using difference cover)
  Sorting block time: 00:00:08
Returning block of 50297993 for bucket 3
Getting block 4 of 7
  Reserving size (79011552) for bucket 4
  Calculating Z arrays for bucket 4
  Entering block accumulator loop for bucket 4:
  bucket 4: 10%
  bucket 4: 20%
  bucket 4: 30%
  bucket 4: 40%
  bucket 4: 50%
  bucket 4: 60%
  bucket 4: 70%
  bucket 4: 80%
  bucket 4: 90%
  bucket 4: 100%
  Sorting block of length 52011981 for bucket 4
  (Using difference cover)
  Sorting block time: 00:00:08
Returning block of 52011982 for bucket 4
Getting block 5 of 7
  Reserving size (79011552) for bucket 5
  Calculating Z arrays for bucket 5
  Entering block accumulator loop for bucket 5:
  bucket 5: 10%
  bucket 5: 20%
  bucket 5: 30%
  bucket 5: 40%
  bucket 5: 50%
  bucket 5: 60%
  bucket 5: 70%
  bucket 5: 80%
  bucket 5: 90%
  bucket 5: 100%
  Sorting block of length 57517280 for bucket 5
  (Using difference cover)
  Sorting block time: 00:00:09
Returning block of 57517281 for bucket 5
Getting block 6 of 7
  Reserving size (79011552) for bucket 6
  Calculating Z arrays for bucket 6
  Entering block accumulator loop for bucket 6:
  bucket 6: 10%
  bucket 6: 20%
  bucket 6: 30%
  bucket 6: 40%
  bucket 6: 50%
  bucket 6: 60%
  bucket 6: 70%
  bucket 6: 80%
  bucket 6: 90%
  bucket 6: 100%
  Sorting block of length 64156316 for bucket 6
  (Using difference cover)
  Sorting block time: 00:00:10
Returning block of 64156317 for bucket 6
Getting block 7 of 7
  Reserving size (79011552) for bucket 7
  Calculating Z arrays for bucket 7
  Entering block accumulator loop for bucket 7:
  bucket 7: 10%
  bucket 7: 20%
  bucket 7: 30%
  bucket 7: 40%
  bucket 7: 50%
  bucket 7: 60%
  bucket 7: 70%
  bucket 7: 80%
  bucket 7: 90%
  bucket 7: 100%
  Sorting block of length 77278088 for bucket 7
  (Using difference cover)
  Sorting block time: 00:00:13
Returning block of 77278089 for bucket 7
Exited Ebwt loop
fchr[A]: 0
fchr[C]: 127449369
fchr[G]: 211275788
fchr[T]: 294997558
fchr[$]: 421394946
Exiting Ebwt::buildToDisk()
Returning from initFromVector
Wrote 151177471 bytes to primary EBWT file: dlab_contigs.1.bt2.tmp
Wrote 105348744 bytes to secondary EBWT file: dlab_contigs.2.bt2.tmp
Re-opening _in1 and _in2 as input streams
Returning from Ebwt constructor
Headers:
    len: 421394946
    bwtLen: 421394947
    sz: 105348737
    bwtSz: 105348737
    lineRate: 6
    offRate: 4
    offMask: 0xfffffff0
    ftabChars: 10
    eftabLen: 20
    eftabSz: 80
    ftabLen: 1048577
    ftabSz: 4194308
    offsLen: 26337185
    offsSz: 105348740
    lineSz: 64
    sideSz: 64
    sideBwtSz: 48
    sideBwtLen: 192
    numSides: 2194766
    numLines: 2194766
    ebwtTotLen: 140465024
    ebwtTotSz: 140465024
    color: 0
    reverse: 0
Total time for call to driver() for forward index: 00:02:46
Reading reference sizes
  Time reading reference sizes: 00:00:02
Calculating joined length
Writing header
Reserving space for joined string
Joining reference sequences
  Time to join reference sequences: 00:00:01
  Time to reverse reference sequence: 00:00:01
bmax according to bmaxDivN setting: 105348736
Using parameters --bmax 79011552 --dcv 1024
  Doing ahead-of-time memory usage test
  Passed!  Constructing with these parameters: --bmax 79011552 --dcv 1024
Constructing suffix-array element generator
Building DifferenceCoverSample
  Building sPrime
  Building sPrimeOrder
  V-Sorting samples
  V-Sorting samples time: 00:00:05
  Allocating rank array
  Ranking v-sort output
  Ranking v-sort output time: 00:00:01
  Invoking Larsson-Sadakane on ranks
  Invoking Larsson-Sadakane on ranks time: 00:00:02
  Sanity-checking and returning
Building samples
Reserving space for 12 sample suffixes
Generating random suffixes
QSorting 12 sample offsets, eliminating duplicates
QSorting sample offsets, eliminating duplicates time: 00:00:00
Multikey QSorting 12 samples
  (Using difference cover)
  Multikey QSorting samples time: 00:00:00
Calculating bucket sizes
Splitting and merging
  Splitting and merging time: 00:00:00
Split 1, merged 7; iterating...
Splitting and merging
  Splitting and merging time: 00:00:00
Avg bucket size: 7.02325e+07 (target: 79011551)
Converting suffix-array elements to index image
Allocating ftab, absorbFtab
Entering Ebwt loop
Getting block 1 of 6
  Reserving size (79011552) for bucket 1
  Calculating Z arrays for bucket 1
  Entering block accumulator loop for bucket 1:
  bucket 1: 10%
  bucket 1: 20%
  bucket 1: 30%
  bucket 1: 40%
  bucket 1: 50%
  bucket 1: 60%
  bucket 1: 70%
  bucket 1: 80%
  bucket 1: 90%
  bucket 1: 100%
  Sorting block of length 78076618 for bucket 1
  (Using difference cover)
  Sorting block time: 00:00:13
Returning block of 78076619 for bucket 1
Getting block 2 of 6
  Reserving size (79011552) for bucket 2
  Calculating Z arrays for bucket 2
  Entering block accumulator loop for bucket 2:
  bucket 2: 10%
  bucket 2: 20%
  bucket 2: 30%
  bucket 2: 40%
  bucket 2: 50%
  bucket 2: 60%
  bucket 2: 70%
  bucket 2: 80%
  bucket 2: 90%
  bucket 2: 100%
  Sorting block of length 78455264 for bucket 2
  (Using difference cover)
  Sorting block time: 00:00:12
Returning block of 78455265 for bucket 2
Getting block 3 of 6
  Reserving size (79011552) for bucket 3
  Calculating Z arrays for bucket 3
  Entering block accumulator loop for bucket 3:
  bucket 3: 10%
  bucket 3: 20%
  bucket 3: 30%
  bucket 3: 40%
  bucket 3: 50%
  bucket 3: 60%
  bucket 3: 70%
  bucket 3: 80%
  bucket 3: 90%
  bucket 3: 100%
  Sorting block of length 72726663 for bucket 3
  (Using difference cover)
  Sorting block time: 00:00:12
Returning block of 72726664 for bucket 3
Getting block 4 of 6
  Reserving size (79011552) for bucket 4
  Calculating Z arrays for bucket 4
  Entering block accumulator loop for bucket 4:
  bucket 4: 10%
  bucket 4: 20%
  bucket 4: 30%
  bucket 4: 40%
  bucket 4: 50%
  bucket 4: 60%
  bucket 4: 70%
  bucket 4: 80%
  bucket 4: 90%
  bucket 4: 100%
  Sorting block of length 72902150 for bucket 4
  (Using difference cover)
  Sorting block time: 00:00:12
Returning block of 72902151 for bucket 4
Getting block 5 of 6
  Reserving size (79011552) for bucket 5
  Calculating Z arrays for bucket 5
  Entering block accumulator loop for bucket 5:
  bucket 5: 10%
  bucket 5: 20%
  bucket 5: 30%
  bucket 5: 40%
  bucket 5: 50%
  bucket 5: 60%
  bucket 5: 70%
  bucket 5: 80%
  bucket 5: 90%
  bucket 5: 100%
  Sorting block of length 70920100 for bucket 5
  (Using difference cover)
  Sorting block time: 00:00:11
Returning block of 70920101 for bucket 5
Getting block 6 of 6
  Reserving size (79011552) for bucket 6
  Calculating Z arrays for bucket 6
  Entering block accumulator loop for bucket 6:
  bucket 6: 10%
  bucket 6: 20%
  bucket 6: 30%
  bucket 6: 40%
  bucket 6: 50%
  bucket 6: 60%
  bucket 6: 70%
  bucket 6: 80%
  bucket 6: 90%
  bucket 6: 100%
  Sorting block of length 48314146 for bucket 6
  (Using difference cover)
  Sorting block time: 00:00:08
Returning block of 48314147 for bucket 6
Exited Ebwt loop
fchr[A]: 0
fchr[C]: 127449369
fchr[G]: 211275788
fchr[T]: 294997558
fchr[$]: 421394946
Exiting Ebwt::buildToDisk()
Returning from initFromVector
Wrote 151177471 bytes to primary EBWT file: dlab_contigs.rev.1.bt2.tmp
Wrote 105348744 bytes to secondary EBWT file: dlab_contigs.rev.2.bt2.tmp
Re-opening _in1 and _in2 as input streams
Returning from Ebwt constructor
Headers:
    len: 421394946
    bwtLen: 421394947
    sz: 105348737
    bwtSz: 105348737
    lineRate: 6
    offRate: 4
    offMask: 0xfffffff0
    ftabChars: 10
    eftabLen: 20
    eftabSz: 80
    ftabLen: 1048577
    ftabSz: 4194308
    offsLen: 26337185
    offsSz: 105348740
    lineSz: 64
    sideSz: 64
    sideBwtSz: 48
    sideBwtLen: 192
    numSides: 2194766
    numLines: 2194766
    ebwtTotLen: 140465024
    ebwtTotSz: 140465024
    color: 0
    reverse: 1
Total time for backward call to driver() for mirror index: 00:02:41
Renaming dlab_contigs.3.bt2.tmp to dlab_contigs.3.bt2
Renaming dlab_contigs.4.bt2.tmp to dlab_contigs.4.bt2
Renaming dlab_contigs.1.bt2.tmp to dlab_contigs.1.bt2
Renaming dlab_contigs.2.bt2.tmp to dlab_contigs.2.bt2
Renaming dlab_contigs.rev.1.bt2.tmp to dlab_contigs.rev.1.bt2
Renaming dlab_contigs.rev.2.bt2.tmp to dlab_contigs.rev.2.bt2
16260728 reads; of these:
  16260728 (100.00%) were paired; of these:
    3575116 (21.99%) aligned concordantly 0 times
    9579129 (58.91%) aligned concordantly exactly 1 time
    3106483 (19.10%) aligned concordantly >1 times
    ----
    3575116 pairs aligned concordantly 0 times; of these:
      117286 (3.28%) aligned discordantly 1 time
    ----
    3457830 pairs aligned 0 times concordantly or discordantly; of these:
      6915660 mates make up the pairs; of these:
        6016792 (87.00%) aligned 0 times
        553582 (8.00%) aligned exactly 1 time
        345286 (4.99%) aligned >1 times
81.50% overall alignment rate
Sorted BAM File ..............................: /work/pi_sarah_gignouxwolfsohn_uml_edu/nikea/COL/mapping/dlab/032024_COL_SAN_T5_146_DLAB_S12.bam
BAM File Index ...............................: /work/pi_sarah_gignouxwolfsohn_uml_edu/nikea/COL/mapping/dlab/032024_COL_SAN_T5_146_DLAB_S12.bam.bai
17580452 reads; of these:
  17580452 (100.00%) were paired; of these:
    4084018 (23.23%) aligned concordantly 0 times
    10127602 (57.61%) aligned concordantly exactly 1 time
    3368832 (19.16%) aligned concordantly >1 times
    ----
    4084018 pairs aligned concordantly 0 times; of these:
      133143 (3.26%) aligned discordantly 1 time
    ----
    3950875 pairs aligned 0 times concordantly or discordantly; of these:
      7901750 mates make up the pairs; of these:
        6843938 (86.61%) aligned 0 times
        653363 (8.27%) aligned exactly 1 time
        404449 (5.12%) aligned >1 times
80.54% overall alignment rate
Sorted BAM File ..............................: /work/pi_sarah_gignouxwolfsohn_uml_edu/nikea/COL/mapping/dlab/032024_COL_SAN_T5_148_DLAB_S13.bam
BAM File Index ...............................: /work/pi_sarah_gignouxwolfsohn_uml_edu/nikea/COL/mapping/dlab/032024_COL_SAN_T5_148_DLAB_S13.bam.bai
17679645 reads; of these:
  17679645 (100.00%) were paired; of these:
    4165397 (23.56%) aligned concordantly 0 times
    10482417 (59.29%) aligned concordantly exactly 1 time
    3031831 (17.15%) aligned concordantly >1 times
    ----
    4165397 pairs aligned concordantly 0 times; of these:
      156753 (3.76%) aligned discordantly 1 time
    ----
    4008644 pairs aligned 0 times concordantly or discordantly; of these:
      8017288 mates make up the pairs; of these:
        6812711 (84.98%) aligned 0 times
        720931 (8.99%) aligned exactly 1 time
        483646 (6.03%) aligned >1 times
80.73% overall alignment rate
Sorted BAM File ..............................: /work/pi_sarah_gignouxwolfsohn_uml_edu/nikea/COL/mapping/dlab/032024_COL_SAN_T5_149_DLAB_S14.bam
BAM File Index ...............................: /work/pi_sarah_gignouxwolfsohn_uml_edu/nikea/COL/mapping/dlab/032024_COL_SAN_T5_149_DLAB_S14.bam.bai
17267237 reads; of these:
  17267237 (100.00%) were paired; of these:
    3907057 (22.63%) aligned concordantly 0 times
    10145880 (58.76%) aligned concordantly exactly 1 time
    3214300 (18.62%) aligned concordantly >1 times
    ----
    3907057 pairs aligned concordantly 0 times; of these:
      145100 (3.71%) aligned discordantly 1 time
    ----
    3761957 pairs aligned 0 times concordantly or discordantly; of these:
      7523914 mates make up the pairs; of these:
        6440076 (85.59%) aligned 0 times
        677673 (9.01%) aligned exactly 1 time
        406165 (5.40%) aligned >1 times
81.35% overall alignment rate
Sorted BAM File ..............................: /work/pi_sarah_gignouxwolfsohn_uml_edu/nikea/COL/mapping/dlab/032024_COL_SAN_T5_158_DLAB_S15.bam
BAM File Index ...............................: /work/pi_sarah_gignouxwolfsohn_uml_edu/nikea/COL/mapping/dlab/032024_COL_SAN_T5_158_DLAB_S15.bam.bai
19355831 reads; of these:
  19355831 (100.00%) were paired; of these:
    4559093 (23.55%) aligned concordantly 0 times
    11319123 (58.48%) aligned concordantly exactly 1 time
    3477615 (17.97%) aligned concordantly >1 times
    ----
    4559093 pairs aligned concordantly 0 times; of these:
      191035 (4.19%) aligned discordantly 1 time
    ----
    4368058 pairs aligned 0 times concordantly or discordantly; of these:
      8736116 mates make up the pairs; of these:
        7416439 (84.89%) aligned 0 times
        812363 (9.30%) aligned exactly 1 time
        507314 (5.81%) aligned >1 times
80.84% overall alignment rate
Sorted BAM File ..............................: /work/pi_sarah_gignouxwolfsohn_uml_edu/nikea/COL/mapping/dlab/032024_COL_SAN_T5_159_DLAB_S16.bam
BAM File Index ...............................: /work/pi_sarah_gignouxwolfsohn_uml_edu/nikea/COL/mapping/dlab/032024_COL_SAN_T5_159_DLAB_S16.bam.bai
30050685 reads; of these:
  30050685 (100.00%) were paired; of these:
    7195221 (23.94%) aligned concordantly 0 times
    17183679 (57.18%) aligned concordantly exactly 1 time
    5671785 (18.87%) aligned concordantly >1 times
    ----
    7195221 pairs aligned concordantly 0 times; of these:
      216498 (3.01%) aligned discordantly 1 time
    ----
    6978723 pairs aligned 0 times concordantly or discordantly; of these:
      13957446 mates make up the pairs; of these:
        12495833 (89.53%) aligned 0 times
        911375 (6.53%) aligned exactly 1 time
        550238 (3.94%) aligned >1 times
79.21% overall alignment rate
Sorted BAM File ..............................: /work/pi_sarah_gignouxwolfsohn_uml_edu/nikea/COL/mapping/dlab/032024_COL_SAN_T5_143_DLAB_S40.bam
BAM File Index ...............................: /work/pi_sarah_gignouxwolfsohn_uml_edu/nikea/COL/mapping/dlab/032024_COL_SAN_T5_143_DLAB_S40.bam.bai
31693936 reads; of these:
  31693936 (100.00%) were paired; of these:
    7900292 (24.93%) aligned concordantly 0 times
    17945935 (56.62%) aligned concordantly exactly 1 time
    5847709 (18.45%) aligned concordantly >1 times
    ----
    7900292 pairs aligned concordantly 0 times; of these:
      211251 (2.67%) aligned discordantly 1 time
    ----
    7689041 pairs aligned 0 times concordantly or discordantly; of these:
      15378082 mates make up the pairs; of these:
        14254146 (92.69%) aligned 0 times
        766376 (4.98%) aligned exactly 1 time
        357560 (2.33%) aligned >1 times
77.51% overall alignment rate
Sorted BAM File ..............................: /work/pi_sarah_gignouxwolfsohn_uml_edu/nikea/COL/mapping/dlab/032024_COL_SAN_T5_160_DLAB_S41.bam
BAM File Index ...............................: /work/pi_sarah_gignouxwolfsohn_uml_edu/nikea/COL/mapping/dlab/032024_COL_SAN_T5_160_DLAB_S41.bam.bai
35536435 reads; of these:
  35536435 (100.00%) were paired; of these:
    9307836 (26.19%) aligned concordantly 0 times
    20829969 (58.62%) aligned concordantly exactly 1 time
    5398630 (15.19%) aligned concordantly >1 times
    ----
    9307836 pairs aligned concordantly 0 times; of these:
      241253 (2.59%) aligned discordantly 1 time
    ----
    9066583 pairs aligned 0 times concordantly or discordantly; of these:
      18133166 mates make up the pairs; of these:
        16510735 (91.05%) aligned 0 times
        1066094 (5.88%) aligned exactly 1 time
        556337 (3.07%) aligned >1 times
76.77% overall alignment rate
Sorted BAM File ..............................: /work/pi_sarah_gignouxwolfsohn_uml_edu/nikea/COL/mapping/dlab/032024_COL_SAN_T5_161_DLAB_S42.bam
BAM File Index ...............................: /work/pi_sarah_gignouxwolfsohn_uml_edu/nikea/COL/mapping/dlab/032024_COL_SAN_T5_161_DLAB_S42.bam.bai
Mapping success!
