Loading conda
starting on 032024_COL_SAN_T5_146_DLAB_S12
54064119 reads; of these:
  54064119 (100.00%) were paired; of these:
    33453089 (61.88%) aligned concordantly 0 times
    12515477 (23.15%) aligned concordantly exactly 1 time
    8095553 (14.97%) aligned concordantly >1 times
    ----
    33453089 pairs aligned concordantly 0 times; of these:
      102605 (0.31%) aligned discordantly 1 time
    ----
    33350484 pairs aligned 0 times concordantly or discordantly; of these:
      66700968 mates make up the pairs; of these:
        61103005 (91.61%) aligned 0 times
        3602503 (5.40%) aligned exactly 1 time
        1995460 (2.99%) aligned >1 times
43.49% overall alignment rate
[bam_sort_core] merging from 1 files and 2 in-memory blocks...
[M::bam2fq_mainloop] discarded 0 singletons
[M::bam2fq_mainloop] processed 55860048 reads
host removal completed successfully for sample: 032024_COL_SAN_T5_146_DLAB_S12
starting on 032024_COL_SAN_T5_148_DLAB_S13
53300656 reads; of these:
  53300656 (100.00%) were paired; of these:
    31294690 (58.71%) aligned concordantly 0 times
    13354879 (25.06%) aligned concordantly exactly 1 time
    8651087 (16.23%) aligned concordantly >1 times
    ----
    31294690 pairs aligned concordantly 0 times; of these:
      116112 (0.37%) aligned discordantly 1 time
    ----
    31178578 pairs aligned 0 times concordantly or discordantly; of these:
      62357156 mates make up the pairs; of these:
        56017887 (89.83%) aligned 0 times
        4114309 (6.60%) aligned exactly 1 time
        2224960 (3.57%) aligned >1 times
47.45% overall alignment rate
[bam_sort_core] merging from 1 files and 2 in-memory blocks...
[M::bam2fq_mainloop] discarded 0 singletons
[M::bam2fq_mainloop] processed 50075216 reads
host removal completed successfully for sample: 032024_COL_SAN_T5_148_DLAB_S13
starting on 032024_COL_SAN_T5_149_DLAB_S14
58916255 reads; of these:
  58916255 (100.00%) were paired; of these:
    36985738 (62.78%) aligned concordantly 0 times
    13499083 (22.91%) aligned concordantly exactly 1 time
    8431434 (14.31%) aligned concordantly >1 times
    ----
    36985738 pairs aligned concordantly 0 times; of these:
      138152 (0.37%) aligned discordantly 1 time
    ----
    36847586 pairs aligned 0 times concordantly or discordantly; of these:
      73695172 mates make up the pairs; of these:
        66486849 (90.22%) aligned 0 times
        4635769 (6.29%) aligned exactly 1 time
        2572554 (3.49%) aligned >1 times
43.58% overall alignment rate
[bam_sort_core] merging from 1 files and 2 in-memory blocks...
[M::bam2fq_mainloop] discarded 0 singletons
[M::bam2fq_mainloop] processed 59785804 reads
host removal completed successfully for sample: 032024_COL_SAN_T5_149_DLAB_S14
starting on 032024_COL_SAN_T5_158_DLAB_S15
48159031 reads; of these:
  48159031 (100.00%) were paired; of these:
    26464093 (54.95%) aligned concordantly 0 times
    13291373 (27.60%) aligned concordantly exactly 1 time
    8403565 (17.45%) aligned concordantly >1 times
    ----
    26464093 pairs aligned concordantly 0 times; of these:
      130826 (0.49%) aligned discordantly 1 time
    ----
    26333267 pairs aligned 0 times concordantly or discordantly; of these:
      52666534 mates make up the pairs; of these:
        45873924 (87.10%) aligned 0 times
        4433925 (8.42%) aligned exactly 1 time
        2358685 (4.48%) aligned >1 times
52.37% overall alignment rate
[bam_sort_core] merging from 1 files and 2 in-memory blocks...
[M::bam2fq_mainloop] discarded 0 singletons
[M::bam2fq_mainloop] processed 39539100 reads
host removal completed successfully for sample: 032024_COL_SAN_T5_158_DLAB_S15
starting on 032024_COL_SAN_T5_159_DLAB_S16
56422015 reads; of these:
  56422015 (100.00%) were paired; of these:
    33160022 (58.77%) aligned concordantly 0 times
    14386637 (25.50%) aligned concordantly exactly 1 time
    8875356 (15.73%) aligned concordantly >1 times
    ----
    33160022 pairs aligned concordantly 0 times; of these:
      166408 (0.50%) aligned discordantly 1 time
    ----
    32993614 pairs aligned 0 times concordantly or discordantly; of these:
      65987228 mates make up the pairs; of these:
        58118761 (88.08%) aligned 0 times
        5065331 (7.68%) aligned exactly 1 time
        2803136 (4.25%) aligned >1 times
48.50% overall alignment rate
[bam_sort_core] merging from 1 files and 2 in-memory blocks...
[M::bam2fq_mainloop] discarded 0 singletons
[M::bam2fq_mainloop] processed 50825168 reads
host removal completed successfully for sample: 032024_COL_SAN_T5_159_DLAB_S16
starting on 032024_COL_SAN_T5_143_DLAB_S40
78358723 reads; of these:
  78358723 (100.00%) were paired; of these:
    41010072 (52.34%) aligned concordantly 0 times
    23094669 (29.47%) aligned concordantly exactly 1 time
    14253982 (18.19%) aligned concordantly >1 times
    ----
    41010072 pairs aligned concordantly 0 times; of these:
      205072 (0.50%) aligned discordantly 1 time
    ----
    40805000 pairs aligned 0 times concordantly or discordantly; of these:
      81610000 mates make up the pairs; of these:
        72065066 (88.30%) aligned 0 times
        6311365 (7.73%) aligned exactly 1 time
        3233569 (3.96%) aligned >1 times
54.02% overall alignment rate
[bam_sort_core] merging from 2 files and 2 in-memory blocks...
[M::bam2fq_mainloop] discarded 0 singletons
[M::bam2fq_mainloop] processed 63128782 reads
host removal completed successfully for sample: 032024_COL_SAN_T5_143_DLAB_S40
starting on 032024_COL_SAN_T5_160_DLAB_S41
82784223 reads; of these:
  82784223 (100.00%) were paired; of these:
    44785194 (54.10%) aligned concordantly 0 times
    22627912 (27.33%) aligned concordantly exactly 1 time
    15371117 (18.57%) aligned concordantly >1 times
    ----
    44785194 pairs aligned concordantly 0 times; of these:
      171099 (0.38%) aligned discordantly 1 time
    ----
    44614095 pairs aligned 0 times concordantly or discordantly; of these:
      89228190 mates make up the pairs; of these:
        83480062 (93.56%) aligned 0 times
        3757894 (4.21%) aligned exactly 1 time
        1990234 (2.23%) aligned >1 times
49.58% overall alignment rate
[bam_sort_core] merging from 2 files and 2 in-memory blocks...
[M::bam2fq_mainloop] discarded 0 singletons
[M::bam2fq_mainloop] processed 78122610 reads
host removal completed successfully for sample: 032024_COL_SAN_T5_160_DLAB_S41
starting on 032024_COL_SAN_T5_161_DLAB_S42
77183040 reads; of these:
  77183040 (100.00%) were paired; of these:
    45628921 (59.12%) aligned concordantly 0 times
    19569963 (25.36%) aligned concordantly exactly 1 time
    11984156 (15.53%) aligned concordantly >1 times
    ----
    45628921 pairs aligned concordantly 0 times; of these:
      161114 (0.35%) aligned discordantly 1 time
    ----
    45467807 pairs aligned 0 times concordantly or discordantly; of these:
      90935614 mates make up the pairs; of these:
        83462292 (91.78%) aligned 0 times
        4961976 (5.46%) aligned exactly 1 time
        2511346 (2.76%) aligned >1 times
45.93% overall alignment rate
[bam_sort_core] merging from 2 files and 2 in-memory blocks...
[M::bam2fq_mainloop] discarded 0 singletons
[M::bam2fq_mainloop] processed 76436100 reads
host removal completed successfully for sample: 032024_COL_SAN_T5_161_DLAB_S42
starting on 
stat: Bad file descriptor
Warning: Could not open read file "/work/pi_sarah_gignouxwolfsohn_uml_edu/nikea/COL/trimmed/dlab/_R1_001_val_1.fq.gz" for reading; skipping...
Error: No input read files were valid
(ERR): bowtie2-align exited with value 1
[E::hts_open_format] Failed to open file "/project/pi_sarah_gignouxwolfsohn_uml_edu/nikea/COL_files/host_removal/dlab/_mapped_and_unmapped.sam" : No such file or directory
samtools view: failed to open "/project/pi_sarah_gignouxwolfsohn_uml_edu/nikea/COL_files/host_removal/dlab/_mapped_and_unmapped.sam" for reading: No such file or directory
[main_samview] fail to read the header from "/project/pi_sarah_gignouxwolfsohn_uml_edu/nikea/COL_files/host_removal/dlab/_mapped_and_unmapped.bam".
[W::hts_set_opt] Cannot change block size for this format
samtools sort: failed to read header from "/project/pi_sarah_gignouxwolfsohn_uml_edu/nikea/COL_files/host_removal/dlab/_bothReadsUnmapped.bam"
[E::hts_open_format] Failed to open file "/project/pi_sarah_gignouxwolfsohn_uml_edu/nikea/COL_files/host_removal/dlab/_bothReadsUnmapped_sorted.bam" : No such file or directory
samtools bam2fq: Cannot read file "/project/pi_sarah_gignouxwolfsohn_uml_edu/nikea/COL_files/host_removal/dlab/_bothReadsUnmapped_sorted.bam": No such file or directory
host removal encountered an error for sample: 
