Loading conda
Input ........................................: /work/pi_sarah_gignouxwolfsohn_uml_edu/nikea/COL/assembly/mcav/megahit_assembly/mcav.contigs.fa
Output .......................................: /work/pi_sarah_gignouxwolfsohn_uml_edu/nikea/COL/mapping/mcav/mcav.contigs-fixed.fsa

WHAT WAS THERE
===============================================
Total num contigs ............................: 509,472
Total num nucleotides ........................: 353,649,024

WHAT WAS ASKED
===============================================
Simplify deflines? ...........................: Yes
Add prefix to sequence names? ................: No
Minimum length of contigs to keep ............: 1,000
Max % gaps allowed ...........................: 100.00%
Max num gaps allowed .........................: 1,000,000
Exclude specific sequences? ..................: No
Keep specific sequences? .....................: No
Enforce sequence type? .......................: No

WHAT HAPPENED
===============================================
Contigs removed ..............................: 438,335 (86.04% of all)
Nucleotides removed ..........................: 209,921,502 (59.36% of all)
Nucleotides modified .........................: 0 (0.00000% of all)
Deflines simplified ..........................: True
Settings:
  Output files: "mcav_contigs.*.bt2"
  Line rate: 6 (line is 64 bytes)
  Lines per side: 1 (side is 64 bytes)
  Offset rate: 4 (one in 16)
  FTable chars: 10
  Strings: unpacked
  Max bucket size: default
  Max bucket size, sqrt multiplier: default
  Max bucket size, len divisor: 4
  Difference-cover sample period: 1024
  Endianness: little
  Actual local endianness: little
  Sanity checking: disabled
  Assertions: disabled
  Random seed: 0
  Sizeofs: void*:8, int:4, long:8, size_t:8
Input files DNA, FASTA:
  mcav.contigs-fixed.fsa
Building a SMALL index
Reading reference sizes
  Time reading reference sizes: 00:00:01
Calculating joined length
Writing header
Reserving space for joined string
Joining reference sequences
  Time to join reference sequences: 00:00:00
bmax according to bmaxDivN setting: 35931880
Using parameters --bmax 26948910 --dcv 1024
  Doing ahead-of-time memory usage test
  Passed!  Constructing with these parameters: --bmax 26948910 --dcv 1024
Constructing suffix-array element generator
Building DifferenceCoverSample
  Building sPrime
  Building sPrimeOrder
  V-Sorting samples
  V-Sorting samples time: 00:00:02
  Allocating rank array
  Ranking v-sort output
  Ranking v-sort output time: 00:00:00
  Invoking Larsson-Sadakane on ranks
  Invoking Larsson-Sadakane on ranks time: 00:00:01
  Sanity-checking and returning
Building samples
Reserving space for 12 sample suffixes
Generating random suffixes
QSorting 12 sample offsets, eliminating duplicates
QSorting sample offsets, eliminating duplicates time: 00:00:00
Multikey QSorting 12 samples
  (Using difference cover)
  Multikey QSorting samples time: 00:00:00
Calculating bucket sizes
Splitting and merging
  Splitting and merging time: 00:00:00
Split 2, merged 7; iterating...
Splitting and merging
  Splitting and merging time: 00:00:00
Split 1, merged 2; iterating...
Splitting and merging
  Splitting and merging time: 00:00:00
Split 1, merged 0; iterating...
Splitting and merging
  Splitting and merging time: 00:00:00
Split 1, merged 1; iterating...
Splitting and merging
  Splitting and merging time: 00:00:00
Split 1, merged 1; iterating...
Avg bucket size: 1.79659e+07 (target: 26948909)
Converting suffix-array elements to index image
Allocating ftab, absorbFtab
Entering Ebwt loop
Getting block 1 of 8
  Reserving size (26948910) for bucket 1
  Calculating Z arrays for bucket 1
  Entering block accumulator loop for bucket 1:
  bucket 1: 10%
  bucket 1: 20%
  bucket 1: 30%
  bucket 1: 40%
  bucket 1: 50%
  bucket 1: 60%
  bucket 1: 70%
  bucket 1: 80%
  bucket 1: 90%
  bucket 1: 100%
  Sorting block of length 8420210 for bucket 1
  (Using difference cover)
  Sorting block time: 00:00:01
Returning block of 8420211 for bucket 1
Getting block 2 of 8
  Reserving size (26948910) for bucket 2
  Calculating Z arrays for bucket 2
  Entering block accumulator loop for bucket 2:
  bucket 2: 10%
  bucket 2: 20%
  bucket 2: 30%
  bucket 2: 40%
  bucket 2: 50%
  bucket 2: 60%
  bucket 2: 70%
  bucket 2: 80%
  bucket 2: 90%
  bucket 2: 100%
  Sorting block of length 19873501 for bucket 2
  (Using difference cover)
  Sorting block time: 00:00:03
Returning block of 19873502 for bucket 2
Getting block 3 of 8
  Reserving size (26948910) for bucket 3
  Calculating Z arrays for bucket 3
  Entering block accumulator loop for bucket 3:
  bucket 3: 10%
  bucket 3: 20%
  bucket 3: 30%
  bucket 3: 40%
  bucket 3: 50%
  bucket 3: 60%
  bucket 3: 70%
  bucket 3: 80%
  bucket 3: 90%
  bucket 3: 100%
  Sorting block of length 17005819 for bucket 3
  (Using difference cover)
  Sorting block time: 00:00:02
Returning block of 17005820 for bucket 3
Getting block 4 of 8
  Reserving size (26948910) for bucket 4
  Calculating Z arrays for bucket 4
  Entering block accumulator loop for bucket 4:
  bucket 4: 10%
  bucket 4: 20%
  bucket 4: 30%
  bucket 4: 40%
  bucket 4: 50%
  bucket 4: 60%
  bucket 4: 70%
  bucket 4: 80%
  bucket 4: 90%
  bucket 4: 100%
  Sorting block of length 10034817 for bucket 4
  (Using difference cover)
  Sorting block time: 00:00:01
Returning block of 10034818 for bucket 4
Getting block 5 of 8
  Reserving size (26948910) for bucket 5
  Calculating Z arrays for bucket 5
  Entering block accumulator loop for bucket 5:
  bucket 5: 10%
  bucket 5: 20%
  bucket 5: 30%
  bucket 5: 40%
  bucket 5: 50%
  bucket 5: 60%
  bucket 5: 70%
  bucket 5: 80%
  bucket 5: 90%
  bucket 5: 100%
  Sorting block of length 10478097 for bucket 5
  (Using difference cover)
  Sorting block time: 00:00:01
Returning block of 10478098 for bucket 5
Getting block 6 of 8
  Reserving size (26948910) for bucket 6
  Calculating Z arrays for bucket 6
  Entering block accumulator loop for bucket 6:
  bucket 6: 10%
  bucket 6: 20%
  bucket 6: 30%
  bucket 6: 40%
  bucket 6: 50%
  bucket 6: 60%
  bucket 6: 70%
  bucket 6: 80%
  bucket 6: 90%
  bucket 6: 100%
  Sorting block of length 26866595 for bucket 6
  (Using difference cover)
  Sorting block time: 00:00:03
Returning block of 26866596 for bucket 6
Getting block 7 of 8
  Reserving size (26948910) for bucket 7
  Calculating Z arrays for bucket 7
  Entering block accumulator loop for bucket 7:
  bucket 7: 10%
  bucket 7: 20%
  bucket 7: 30%
  bucket 7: 40%
  bucket 7: 50%
  bucket 7: 60%
  bucket 7: 70%
  bucket 7: 80%
  bucket 7: 90%
  bucket 7: 100%
  Sorting block of length 24894259 for bucket 7
  (Using difference cover)
  Sorting block time: 00:00:04
Returning block of 24894260 for bucket 7
Getting block 8 of 8
  Reserving size (26948910) for bucket 8
  Calculating Z arrays for bucket 8
  Entering block accumulator loop for bucket 8:
  bucket 8: 10%
  bucket 8: 20%
  bucket 8: 30%
  bucket 8: 40%
  bucket 8: 50%
  bucket 8: 60%
  bucket 8: 70%
  bucket 8: 80%
  bucket 8: 90%
  bucket 8: 100%
  Sorting block of length 26154217 for bucket 8
  (Using difference cover)
  Sorting block time: 00:00:03
Returning block of 26154218 for bucket 8
Exited Ebwt loop
fchr[A]: 0
fchr[C]: 42178313
fchr[G]: 72139519
fchr[T]: 102007936
fchr[$]: 143727522
Exiting Ebwt::buildToDisk()
Returning from initFromVector
Wrote 54308880 bytes to primary EBWT file: mcav_contigs.1.bt2.tmp
Wrote 35931888 bytes to secondary EBWT file: mcav_contigs.2.bt2.tmp
Re-opening _in1 and _in2 as input streams
Returning from Ebwt constructor
Headers:
    len: 143727522
    bwtLen: 143727523
    sz: 35931881
    bwtSz: 35931881
    lineRate: 6
    offRate: 4
    offMask: 0xfffffff0
    ftabChars: 10
    eftabLen: 20
    eftabSz: 80
    ftabLen: 1048577
    ftabSz: 4194308
    offsLen: 8982971
    offsSz: 35931884
    lineSz: 64
    sideSz: 64
    sideBwtSz: 48
    sideBwtLen: 192
    numSides: 748581
    numLines: 748581
    ebwtTotLen: 47909184
    ebwtTotSz: 47909184
    color: 0
    reverse: 0
Total time for call to driver() for forward index: 00:01:00
Reading reference sizes
  Time reading reference sizes: 00:00:01
Calculating joined length
Writing header
Reserving space for joined string
Joining reference sequences
  Time to join reference sequences: 00:00:01
  Time to reverse reference sequence: 00:00:00
bmax according to bmaxDivN setting: 35931880
Using parameters --bmax 26948910 --dcv 1024
  Doing ahead-of-time memory usage test
  Passed!  Constructing with these parameters: --bmax 26948910 --dcv 1024
Constructing suffix-array element generator
Building DifferenceCoverSample
  Building sPrime
  Building sPrimeOrder
  V-Sorting samples
  V-Sorting samples time: 00:00:01
  Allocating rank array
  Ranking v-sort output
  Ranking v-sort output time: 00:00:01
  Invoking Larsson-Sadakane on ranks
  Invoking Larsson-Sadakane on ranks time: 00:00:00
  Sanity-checking and returning
Building samples
Reserving space for 12 sample suffixes
Generating random suffixes
QSorting 12 sample offsets, eliminating duplicates
QSorting sample offsets, eliminating duplicates time: 00:00:00
Multikey QSorting 12 samples
  (Using difference cover)
  Multikey QSorting samples time: 00:00:00
Calculating bucket sizes
Splitting and merging
  Splitting and merging time: 00:00:00
Split 2, merged 7; iterating...
Splitting and merging
  Splitting and merging time: 00:00:00
Split 2, merged 1; iterating...
Splitting and merging
  Splitting and merging time: 00:00:00
Avg bucket size: 2.05325e+07 (target: 26948909)
Converting suffix-array elements to index image
Allocating ftab, absorbFtab
Entering Ebwt loop
Getting block 1 of 7
  Reserving size (26948910) for bucket 1
  Calculating Z arrays for bucket 1
  Entering block accumulator loop for bucket 1:
  bucket 1: 10%
  bucket 1: 20%
  bucket 1: 30%
  bucket 1: 40%
  bucket 1: 50%
  bucket 1: 60%
  bucket 1: 70%
  bucket 1: 80%
  bucket 1: 90%
  bucket 1: 100%
  Sorting block of length 14074492 for bucket 1
  (Using difference cover)
  Sorting block time: 00:00:02
Returning block of 14074493 for bucket 1
Getting block 2 of 7
  Reserving size (26948910) for bucket 2
  Calculating Z arrays for bucket 2
  Entering block accumulator loop for bucket 2:
  bucket 2: 10%
  bucket 2: 20%
  bucket 2: 30%
  bucket 2: 40%
  bucket 2: 50%
  bucket 2: 60%
  bucket 2: 70%
  bucket 2: 80%
  bucket 2: 90%
  bucket 2: 100%
  Sorting block of length 25675750 for bucket 2
  (Using difference cover)
  Sorting block time: 00:00:03
Returning block of 25675751 for bucket 2
Getting block 3 of 7
  Reserving size (26948910) for bucket 3
  Calculating Z arrays for bucket 3
  Entering block accumulator loop for bucket 3:
  bucket 3: 10%
  bucket 3: 20%
  bucket 3: 30%
  bucket 3: 40%
  bucket 3: 50%
  bucket 3: 60%
  bucket 3: 70%
  bucket 3: 80%
  bucket 3: 90%
  bucket 3: 100%
  Sorting block of length 26446661 for bucket 3
  (Using difference cover)
  Sorting block time: 00:00:03
Returning block of 26446662 for bucket 3
Getting block 4 of 7
  Reserving size (26948910) for bucket 4
  Calculating Z arrays for bucket 4
  Entering block accumulator loop for bucket 4:
  bucket 4: 10%
  bucket 4: 20%
  bucket 4: 30%
  bucket 4: 40%
  bucket 4: 50%
  bucket 4: 60%
  bucket 4: 70%
  bucket 4: 80%
  bucket 4: 90%
  bucket 4: 100%
  Sorting block of length 12866583 for bucket 4
  (Using difference cover)
  Sorting block time: 00:00:02
Returning block of 12866584 for bucket 4
Getting block 5 of 7
  Reserving size (26948910) for bucket 5
  Calculating Z arrays for bucket 5
  Entering block accumulator loop for bucket 5:
  bucket 5: 10%
  bucket 5: 20%
  bucket 5: 30%
  bucket 5: 40%
  bucket 5: 50%
  bucket 5: 60%
  bucket 5: 70%
  bucket 5: 80%
  bucket 5: 90%
  bucket 5: 100%
  Sorting block of length 19485527 for bucket 5
  (Using difference cover)
  Sorting block time: 00:00:02
Returning block of 19485528 for bucket 5
Getting block 6 of 7
  Reserving size (26948910) for bucket 6
  Calculating Z arrays for bucket 6
  Entering block accumulator loop for bucket 6:
  bucket 6: 10%
  bucket 6: 20%
  bucket 6: 30%
  bucket 6: 40%
  bucket 6: 50%
  bucket 6: 60%
  bucket 6: 70%
  bucket 6: 80%
  bucket 6: 90%
  bucket 6: 100%
  Sorting block of length 25183280 for bucket 6
  (Using difference cover)
  Sorting block time: 00:00:03
Returning block of 25183281 for bucket 6
Getting block 7 of 7
  Reserving size (26948910) for bucket 7
  Calculating Z arrays for bucket 7
  Entering block accumulator loop for bucket 7:
  bucket 7: 10%
  bucket 7: 20%
  bucket 7: 30%
  bucket 7: 40%
  bucket 7: 50%
  bucket 7: 60%
  bucket 7: 70%
  bucket 7: 80%
  bucket 7: 90%
  bucket 7: 100%
  Sorting block of length 19995223 for bucket 7
  (Using difference cover)
  Sorting block time: 00:00:03
Returning block of 19995224 for bucket 7
Exited Ebwt loop
fchr[A]: 0
fchr[C]: 42178313
fchr[G]: 72139519
fchr[T]: 102007936
fchr[$]: 143727522
Exiting Ebwt::buildToDisk()
Returning from initFromVector
Wrote 54308880 bytes to primary EBWT file: mcav_contigs.rev.1.bt2.tmp
Wrote 35931888 bytes to secondary EBWT file: mcav_contigs.rev.2.bt2.tmp
Re-opening _in1 and _in2 as input streams
Returning from Ebwt constructor
Headers:
    len: 143727522
    bwtLen: 143727523
    sz: 35931881
    bwtSz: 35931881
    lineRate: 6
    offRate: 4
    offMask: 0xfffffff0
    ftabChars: 10
    eftabLen: 20
    eftabSz: 80
    ftabLen: 1048577
    ftabSz: 4194308
    offsLen: 8982971
    offsSz: 35931884
    lineSz: 64
    sideSz: 64
    sideBwtSz: 48
    sideBwtLen: 192
    numSides: 748581
    numLines: 748581
    ebwtTotLen: 47909184
    ebwtTotSz: 47909184
    color: 0
    reverse: 1
Total time for backward call to driver() for mirror index: 00:00:55
Renaming mcav_contigs.3.bt2.tmp to mcav_contigs.3.bt2
Renaming mcav_contigs.4.bt2.tmp to mcav_contigs.4.bt2
Renaming mcav_contigs.1.bt2.tmp to mcav_contigs.1.bt2
Renaming mcav_contigs.2.bt2.tmp to mcav_contigs.2.bt2
Renaming mcav_contigs.rev.1.bt2.tmp to mcav_contigs.rev.1.bt2
Renaming mcav_contigs.rev.2.bt2.tmp to mcav_contigs.rev.2.bt2
8525827 reads; of these:
  8525827 (100.00%) were paired; of these:
    2849026 (33.42%) aligned concordantly 0 times
    4824540 (56.59%) aligned concordantly exactly 1 time
    852261 (10.00%) aligned concordantly >1 times
    ----
    2849026 pairs aligned concordantly 0 times; of these:
      47391 (1.66%) aligned discordantly 1 time
    ----
    2801635 pairs aligned 0 times concordantly or discordantly; of these:
      5603270 mates make up the pairs; of these:
        5294146 (94.48%) aligned 0 times
        233096 (4.16%) aligned exactly 1 time
        76028 (1.36%) aligned >1 times
68.95% overall alignment rate
Sorted BAM File ..............................: /work/pi_sarah_gignouxwolfsohn_uml_edu/nikea/COL/mapping/mcav/032024_COL_SAN_T5_128_MCAV_S1.bam
BAM File Index ...............................: /work/pi_sarah_gignouxwolfsohn_uml_edu/nikea/COL/mapping/mcav/032024_COL_SAN_T5_128_MCAV_S1.bam.bai
7241343 reads; of these:
  7241343 (100.00%) were paired; of these:
    2511148 (34.68%) aligned concordantly 0 times
    3971174 (54.84%) aligned concordantly exactly 1 time
    759021 (10.48%) aligned concordantly >1 times
    ----
    2511148 pairs aligned concordantly 0 times; of these:
      39095 (1.56%) aligned discordantly 1 time
    ----
    2472053 pairs aligned 0 times concordantly or discordantly; of these:
      4944106 mates make up the pairs; of these:
        4668905 (94.43%) aligned 0 times
        215341 (4.36%) aligned exactly 1 time
        59860 (1.21%) aligned >1 times
67.76% overall alignment rate
Sorted BAM File ..............................: /work/pi_sarah_gignouxwolfsohn_uml_edu/nikea/COL/mapping/mcav/032024_COL_SAN_T5_129_MCAV_S2.bam
BAM File Index ...............................: /work/pi_sarah_gignouxwolfsohn_uml_edu/nikea/COL/mapping/mcav/032024_COL_SAN_T5_129_MCAV_S2.bam.bai
9016339 reads; of these:
  9016339 (100.00%) were paired; of these:
    3419587 (37.93%) aligned concordantly 0 times
    4646077 (51.53%) aligned concordantly exactly 1 time
    950675 (10.54%) aligned concordantly >1 times
    ----
    3419587 pairs aligned concordantly 0 times; of these:
      49659 (1.45%) aligned discordantly 1 time
    ----
    3369928 pairs aligned 0 times concordantly or discordantly; of these:
      6739856 mates make up the pairs; of these:
        6465889 (95.94%) aligned 0 times
        215203 (3.19%) aligned exactly 1 time
        58764 (0.87%) aligned >1 times
64.14% overall alignment rate
Sorted BAM File ..............................: /work/pi_sarah_gignouxwolfsohn_uml_edu/nikea/COL/mapping/mcav/032024_COL_SAN_T5_130_MCAV_S37.bam
BAM File Index ...............................: /work/pi_sarah_gignouxwolfsohn_uml_edu/nikea/COL/mapping/mcav/032024_COL_SAN_T5_130_MCAV_S37.bam.bai
5378688 reads; of these:
  5378688 (100.00%) were paired; of these:
    1728304 (32.13%) aligned concordantly 0 times
    3073214 (57.14%) aligned concordantly exactly 1 time
    577170 (10.73%) aligned concordantly >1 times
    ----
    1728304 pairs aligned concordantly 0 times; of these:
      36073 (2.09%) aligned discordantly 1 time
    ----
    1692231 pairs aligned 0 times concordantly or discordantly; of these:
      3384462 mates make up the pairs; of these:
        3139371 (92.76%) aligned 0 times
        186661 (5.52%) aligned exactly 1 time
        58430 (1.73%) aligned >1 times
70.82% overall alignment rate
Sorted BAM File ..............................: /work/pi_sarah_gignouxwolfsohn_uml_edu/nikea/COL/mapping/mcav/032024_COL_SAN_T5_131_MCAV_S3.bam
BAM File Index ...............................: /work/pi_sarah_gignouxwolfsohn_uml_edu/nikea/COL/mapping/mcav/032024_COL_SAN_T5_131_MCAV_S3.bam.bai
9460650 reads; of these:
  9460650 (100.00%) were paired; of these:
    2995578 (31.66%) aligned concordantly 0 times
    5432440 (57.42%) aligned concordantly exactly 1 time
    1032632 (10.92%) aligned concordantly >1 times
    ----
    2995578 pairs aligned concordantly 0 times; of these:
      54535 (1.82%) aligned discordantly 1 time
    ----
    2941043 pairs aligned 0 times concordantly or discordantly; of these:
      5882086 mates make up the pairs; of these:
        5552173 (94.39%) aligned 0 times
        253781 (4.31%) aligned exactly 1 time
        76132 (1.29%) aligned >1 times
70.66% overall alignment rate
Sorted BAM File ..............................: /work/pi_sarah_gignouxwolfsohn_uml_edu/nikea/COL/mapping/mcav/032024_COL_SAN_T5_132_MCAV_S4.bam
BAM File Index ...............................: /work/pi_sarah_gignouxwolfsohn_uml_edu/nikea/COL/mapping/mcav/032024_COL_SAN_T5_132_MCAV_S4.bam.bai
7923267 reads; of these:
  7923267 (100.00%) were paired; of these:
    2542415 (32.09%) aligned concordantly 0 times
    4583164 (57.84%) aligned concordantly exactly 1 time
    797688 (10.07%) aligned concordantly >1 times
    ----
    2542415 pairs aligned concordantly 0 times; of these:
      49578 (1.95%) aligned discordantly 1 time
    ----
    2492837 pairs aligned 0 times concordantly or discordantly; of these:
      4985674 mates make up the pairs; of these:
        4661810 (93.50%) aligned 0 times
        240553 (4.82%) aligned exactly 1 time
        83311 (1.67%) aligned >1 times
70.58% overall alignment rate
Sorted BAM File ..............................: /work/pi_sarah_gignouxwolfsohn_uml_edu/nikea/COL/mapping/mcav/032024_COL_SAN_T5_133_MCAV_S5.bam
BAM File Index ...............................: /work/pi_sarah_gignouxwolfsohn_uml_edu/nikea/COL/mapping/mcav/032024_COL_SAN_T5_133_MCAV_S5.bam.bai
7656259 reads; of these:
  7656259 (100.00%) were paired; of these:
    2459199 (32.12%) aligned concordantly 0 times
    4391344 (57.36%) aligned concordantly exactly 1 time
    805716 (10.52%) aligned concordantly >1 times
    ----
    2459199 pairs aligned concordantly 0 times; of these:
      44932 (1.83%) aligned discordantly 1 time
    ----
    2414267 pairs aligned 0 times concordantly or discordantly; of these:
      4828534 mates make up the pairs; of these:
        4529503 (93.81%) aligned 0 times
        233873 (4.84%) aligned exactly 1 time
        65158 (1.35%) aligned >1 times
70.42% overall alignment rate
Sorted BAM File ..............................: /work/pi_sarah_gignouxwolfsohn_uml_edu/nikea/COL/mapping/mcav/032024_COL_SAN_T5_134_MCAV_S6.bam
BAM File Index ...............................: /work/pi_sarah_gignouxwolfsohn_uml_edu/nikea/COL/mapping/mcav/032024_COL_SAN_T5_134_MCAV_S6.bam.bai
7856906 reads; of these:
  7856906 (100.00%) were paired; of these:
    2593382 (33.01%) aligned concordantly 0 times
    4377076 (55.71%) aligned concordantly exactly 1 time
    886448 (11.28%) aligned concordantly >1 times
    ----
    2593382 pairs aligned concordantly 0 times; of these:
      41103 (1.58%) aligned discordantly 1 time
    ----
    2552279 pairs aligned 0 times concordantly or discordantly; of these:
      5104558 mates make up the pairs; of these:
        4818674 (94.40%) aligned 0 times
        221361 (4.34%) aligned exactly 1 time
        64523 (1.26%) aligned >1 times
69.33% overall alignment rate
Sorted BAM File ..............................: /work/pi_sarah_gignouxwolfsohn_uml_edu/nikea/COL/mapping/mcav/032024_COL_SAN_T5_136_MCAV_S7.bam
BAM File Index ...............................: /work/pi_sarah_gignouxwolfsohn_uml_edu/nikea/COL/mapping/mcav/032024_COL_SAN_T5_136_MCAV_S7.bam.bai
8207226 reads; of these:
  8207226 (100.00%) were paired; of these:
    3042267 (37.07%) aligned concordantly 0 times
    4412023 (53.76%) aligned concordantly exactly 1 time
    752936 (9.17%) aligned concordantly >1 times
    ----
    3042267 pairs aligned concordantly 0 times; of these:
      50913 (1.67%) aligned discordantly 1 time
    ----
    2991354 pairs aligned 0 times concordantly or discordantly; of these:
      5982708 mates make up the pairs; of these:
        5664351 (94.68%) aligned 0 times
        247616 (4.14%) aligned exactly 1 time
        70741 (1.18%) aligned >1 times
65.49% overall alignment rate
Sorted BAM File ..............................: /work/pi_sarah_gignouxwolfsohn_uml_edu/nikea/COL/mapping/mcav/032024_COL_SAN_T5_150_MCAV_S8.bam
BAM File Index ...............................: /work/pi_sarah_gignouxwolfsohn_uml_edu/nikea/COL/mapping/mcav/032024_COL_SAN_T5_150_MCAV_S8.bam.bai
Mapping success!
